2024-12-06 23:09:01 - GitLab Runner Scaler Service started at Fri Dec  6 11:09:01 PM +05 2024
2024-12-06 23:09:01 - Fetching current project IDs...
2024-12-06 23:09:02 - Projects: 64988559
2024-12-06 23:09:02 - Fetching current active runners...
2024-12-06 23:09:03 - Current active runners: 0
2024-12-06 23:09:03 - Calculating pending jobs...
2024-12-06 23:09:03 - Project 64988559 has 0 pending jobs.
2024-12-06 23:09:03 - Total pending jobs: 0
2024-12-06 23:09:03 - Calculating running jobs...
2024-12-06 23:09:04 - Project 64988559 has 0 running jobs.
2024-12-06 23:09:04 - Total running jobs: 0
2024-12-06 23:09:04 - Current Runners: 0
2024-12-06 23:09:04 - Pending Jobs: 0
2024-12-06 23:09:04 - Running Jobs: 0
2024-12-06 23:09:04 - Managing scaling...
2024-12-06 23:09:04 - GitLab Runner Scaler Service finished at Fri Dec  6 11:09:04 PM +05 2024
2024-12-06 23:12:32 - GitLab Runner Scaler Service started at Fri Dec  6 11:12:32 PM +05 2024
2024-12-06 23:12:32 - Fetching current project IDs...
2024-12-06 23:12:34 - Projects: 64988559
2024-12-06 23:12:34 - Fetching current active runners...
2024-12-06 23:12:34 - Current active runners: 0
2024-12-06 23:12:34 - Calculating pending jobs...
2024-12-06 23:12:35 - Project 64988559 has 0 pending jobs.
2024-12-06 23:12:35 - Total pending jobs: 0
2024-12-06 23:12:35 - Calculating running jobs...
2024-12-06 23:12:36 - Project 64988559 has 0 running jobs.
2024-12-06 23:12:36 - Total running jobs: 0
2024-12-06 23:12:36 - Current Runners: 0
2024-12-06 23:12:36 - Pending Jobs: 0
2024-12-06 23:12:36 - Running Jobs: 0
2024-12-06 23:12:36 - Managing scaling...
2024-12-06 23:12:36 - GitLab Runner Scaler Service finished at Fri Dec  6 11:12:36 PM +05 2024
2024-12-06 23:17:35 - GitLab Runner Scaler Service started at Fri Dec  6 11:17:35 PM +05 2024
2024-12-06 23:17:35 - Fetching current project IDs...
2024-12-06 23:17:35 - Projects: 64988559
2024-12-06 23:17:35 - Fetching current active runners...
2024-12-06 23:17:35 - Current active runners: 0
2024-12-06 23:17:35 - Calculating pending jobs...
2024-12-06 23:17:36 - Project 64988559 has 0 pending jobs.
2024-12-06 23:17:36 - Total pending jobs: 0
2024-12-06 23:17:36 - Calculating running jobs...
2024-12-06 23:17:37 - Project 64988559 has 0 running jobs.
2024-12-06 23:17:37 - Total running jobs: 0
2024-12-06 23:17:37 - Current Runners: 0
2024-12-06 23:17:37 - Pending Jobs: 0
2024-12-06 23:17:37 - Running Jobs: 0
2024-12-06 23:17:37 - Managing scaling...
2024-12-06 23:17:37 - GitLab Runner Scaler Service finished at Fri Dec  6 11:17:37 PM +05 2024
