[2024-11-20 18:19:38,308] INFO [ControllerEventThread controllerId=1] Starting (kafka.controller.ControllerEventManager$ControllerEventThread)
[2024-11-20 18:19:38,349] INFO [Controller id=1] 1 successfully elected as the controller. Epoch incremented to 1 and epoch zk version is now 1 (kafka.controller.KafkaController)
[2024-11-20 18:19:38,355] INFO [Controller id=1] Creating FeatureZNode at path: /feature with contents: FeatureZNode(2,Enabled,Map()) (kafka.controller.KafkaController)
[2024-11-20 18:19:38,411] INFO [Controller id=1] Registering handlers (kafka.controller.KafkaController)
[2024-11-20 18:19:38,418] INFO [Controller id=1] Deleting log dir event notifications (kafka.controller.KafkaController)
[2024-11-20 18:19:38,423] INFO [Controller id=1] Deleting isr change notifications (kafka.controller.KafkaController)
[2024-11-20 18:19:38,427] INFO [Controller id=1] Initializing controller context (kafka.controller.KafkaController)
[2024-11-20 18:19:38,444] INFO [Controller id=1] Initialized broker epochs cache: HashMap(1 -> 25) (kafka.controller.KafkaController)
[2024-11-20 18:19:38,452] DEBUG [Controller id=1] Register BrokerModifications handler for Set(1) (kafka.controller.KafkaController)
[2024-11-20 18:19:38,461] DEBUG [Channel manager on controller 1]: Controller 1 trying to connect to broker 1 (kafka.controller.ControllerChannelManager)
[2024-11-20 18:19:38,470] INFO [RequestSendThread controllerId=1] Starting (kafka.controller.RequestSendThread)
[2024-11-20 18:19:38,473] INFO [Controller id=1] Currently active brokers in the cluster: Set(1) (kafka.controller.KafkaController)
[2024-11-20 18:19:38,473] INFO [Controller id=1] Currently shutting brokers in the cluster: HashSet() (kafka.controller.KafkaController)
[2024-11-20 18:19:38,474] INFO [Controller id=1] Current list of topics in the cluster: HashSet() (kafka.controller.KafkaController)
[2024-11-20 18:19:38,474] INFO [Controller id=1] Fetching topic deletions in progress (kafka.controller.KafkaController)
[2024-11-20 18:19:38,479] INFO [Controller id=1] List of topics to be deleted:  (kafka.controller.KafkaController)
[2024-11-20 18:19:38,480] INFO [Controller id=1] List of topics ineligible for deletion:  (kafka.controller.KafkaController)
[2024-11-20 18:19:38,480] INFO [Controller id=1] Initializing topic deletion manager (kafka.controller.KafkaController)
[2024-11-20 18:19:38,481] INFO [Topic Deletion Manager 1] Initializing manager with initial deletions: Set(), initial ineligible deletions: HashSet() (kafka.controller.TopicDeletionManager)
[2024-11-20 18:19:38,483] INFO [Controller id=1] Sending update metadata request (kafka.controller.KafkaController)
[2024-11-20 18:19:38,503] INFO [ReplicaStateMachine controllerId=1] Initializing replica state (kafka.controller.ZkReplicaStateMachine)
[2024-11-20 18:19:38,504] INFO [ReplicaStateMachine controllerId=1] Triggering online replica state changes (kafka.controller.ZkReplicaStateMachine)
[2024-11-20 18:19:38,511] INFO [ReplicaStateMachine controllerId=1] Triggering offline replica state changes (kafka.controller.ZkReplicaStateMachine)
[2024-11-20 18:19:38,512] DEBUG [ReplicaStateMachine controllerId=1] Started replica state machine with initial state -> HashMap() (kafka.controller.ZkReplicaStateMachine)
[2024-11-20 18:19:38,513] INFO [PartitionStateMachine controllerId=1] Initializing partition state (kafka.controller.ZkPartitionStateMachine)
[2024-11-20 18:19:38,514] INFO [PartitionStateMachine controllerId=1] Triggering online partition state changes (kafka.controller.ZkPartitionStateMachine)
[2024-11-20 18:19:38,514] WARN [RequestSendThread controllerId=1] Controller 1's connection to broker localhost:9092 (id: 1 rack: null) was unsuccessful (kafka.controller.RequestSendThread)
java.io.IOException: Connection to localhost:9092 (id: 1 rack: null) failed.
	at org.apache.kafka.clients.NetworkClientUtils.awaitReady(NetworkClientUtils.java:71)
	at kafka.controller.RequestSendThread.brokerReady(ControllerChannelManager.scala:299)
	at kafka.controller.RequestSendThread.doWork(ControllerChannelManager.scala:252)
	at org.apache.kafka.server.util.ShutdownableThread.run(ShutdownableThread.java:136)
[2024-11-20 18:19:38,518] DEBUG [PartitionStateMachine controllerId=1] Started partition state machine with initial state -> HashMap() (kafka.controller.ZkPartitionStateMachine)
[2024-11-20 18:19:38,519] INFO [Controller id=1] Ready to serve as the new controller with epoch 1 (kafka.controller.KafkaController)
[2024-11-20 18:19:38,530] INFO [Controller id=1] Partitions undergoing preferred replica election:  (kafka.controller.KafkaController)
[2024-11-20 18:19:38,530] INFO [Controller id=1] Partitions that completed preferred replica election:  (kafka.controller.KafkaController)
[2024-11-20 18:19:38,531] INFO [Controller id=1] Skipping preferred replica election for partitions due to topic deletion:  (kafka.controller.KafkaController)
[2024-11-20 18:19:38,533] INFO [Controller id=1] Resuming preferred replica election for partitions:  (kafka.controller.KafkaController)
[2024-11-20 18:19:38,535] INFO [Controller id=1] Starting replica leader election (PREFERRED) for partitions  triggered by ZkTriggered (kafka.controller.KafkaController)
[2024-11-20 18:19:38,573] INFO [Controller id=1] Starting the controller scheduler (kafka.controller.KafkaController)
[2024-11-20 18:19:38,620] INFO [RequestSendThread controllerId=1] Controller 1 connected to localhost:9092 (id: 1 rack: null) for sending state change requests (kafka.controller.RequestSendThread)
[2024-11-20 18:19:43,576] INFO [Controller id=1] Processing automatic preferred replica leader election (kafka.controller.KafkaController)
[2024-11-20 18:19:43,576] TRACE [Controller id=1] Checking need to trigger auto leader balancing (kafka.controller.KafkaController)
[2024-11-20 18:19:52,049] INFO [Controller id=1] Newly added brokers: 2, deleted brokers: , bounced brokers: , all live brokers: 1,2 (kafka.controller.KafkaController)
[2024-11-20 18:19:52,050] DEBUG [Channel manager on controller 1]: Controller 1 trying to connect to broker 2 (kafka.controller.ControllerChannelManager)
[2024-11-20 18:19:52,055] INFO [RequestSendThread controllerId=1] Starting (kafka.controller.RequestSendThread)
[2024-11-20 18:19:52,057] INFO [Controller id=1] New broker startup callback for 2 (kafka.controller.KafkaController)
[2024-11-20 18:19:52,060] WARN [RequestSendThread controllerId=1] Controller 1's connection to broker localhost:9093 (id: 2 rack: null) was unsuccessful (kafka.controller.RequestSendThread)
java.io.IOException: Connection to localhost:9093 (id: 2 rack: null) failed.
	at org.apache.kafka.clients.NetworkClientUtils.awaitReady(NetworkClientUtils.java:71)
	at kafka.controller.RequestSendThread.brokerReady(ControllerChannelManager.scala:299)
	at kafka.controller.RequestSendThread.doWork(ControllerChannelManager.scala:252)
	at org.apache.kafka.server.util.ShutdownableThread.run(ShutdownableThread.java:136)
[2024-11-20 18:19:52,062] DEBUG [Controller id=1] Register BrokerModifications handler for List(2) (kafka.controller.KafkaController)
[2024-11-20 18:19:52,065] INFO [Controller id=1] Updated broker epochs cache: HashMap(1 -> 25, 2 -> 45) (kafka.controller.KafkaController)
[2024-11-20 18:19:52,105] INFO [ControllerEventThread controllerId=2] Starting (kafka.controller.ControllerEventManager$ControllerEventThread)
[2024-11-20 18:19:52,125] DEBUG [Controller id=2] Broker 1 has been elected as the controller, so stopping the election process. (kafka.controller.KafkaController)
[2024-11-20 18:19:52,162] WARN [RequestSendThread controllerId=1] Controller 1's connection to broker localhost:9093 (id: 2 rack: null) was unsuccessful (kafka.controller.RequestSendThread)
java.io.IOException: Connection to localhost:9093 (id: 2 rack: null) failed.
	at org.apache.kafka.clients.NetworkClientUtils.awaitReady(NetworkClientUtils.java:71)
	at kafka.controller.RequestSendThread.brokerReady(ControllerChannelManager.scala:299)
	at kafka.controller.RequestSendThread.doWork(ControllerChannelManager.scala:252)
	at org.apache.kafka.server.util.ShutdownableThread.run(ShutdownableThread.java:136)
[2024-11-20 18:19:52,264] WARN [RequestSendThread controllerId=1] Controller 1's connection to broker localhost:9093 (id: 2 rack: null) was unsuccessful (kafka.controller.RequestSendThread)
java.io.IOException: Connection to localhost:9093 (id: 2 rack: null) failed.
	at org.apache.kafka.clients.NetworkClientUtils.awaitReady(NetworkClientUtils.java:71)
	at kafka.controller.RequestSendThread.brokerReady(ControllerChannelManager.scala:299)
	at kafka.controller.RequestSendThread.doWork(ControllerChannelManager.scala:252)
	at org.apache.kafka.server.util.ShutdownableThread.run(ShutdownableThread.java:136)
[2024-11-20 18:19:52,365] INFO [RequestSendThread controllerId=1] Controller 1 connected to localhost:9093 (id: 2 rack: null) for sending state change requests (kafka.controller.RequestSendThread)
[2024-11-20 18:20:00,646] INFO [Controller id=1] Newly added brokers: 3, deleted brokers: , bounced brokers: , all live brokers: 1,2,3 (kafka.controller.KafkaController)
[2024-11-20 18:20:00,646] DEBUG [Channel manager on controller 1]: Controller 1 trying to connect to broker 3 (kafka.controller.ControllerChannelManager)
[2024-11-20 18:20:00,653] INFO [RequestSendThread controllerId=1] Starting (kafka.controller.RequestSendThread)
[2024-11-20 18:20:00,653] INFO [Controller id=1] New broker startup callback for 3 (kafka.controller.KafkaController)
[2024-11-20 18:20:00,655] DEBUG [Controller id=1] Register BrokerModifications handler for List(3) (kafka.controller.KafkaController)
[2024-11-20 18:20:00,657] WARN [RequestSendThread controllerId=1] Controller 1's connection to broker localhost:9094 (id: 3 rack: null) was unsuccessful (kafka.controller.RequestSendThread)
java.io.IOException: Connection to localhost:9094 (id: 3 rack: null) failed.
	at org.apache.kafka.clients.NetworkClientUtils.awaitReady(NetworkClientUtils.java:71)
	at kafka.controller.RequestSendThread.brokerReady(ControllerChannelManager.scala:299)
	at kafka.controller.RequestSendThread.doWork(ControllerChannelManager.scala:252)
	at org.apache.kafka.server.util.ShutdownableThread.run(ShutdownableThread.java:136)
[2024-11-20 18:20:00,659] INFO [Controller id=1] Updated broker epochs cache: HashMap(1 -> 25, 2 -> 45, 3 -> 61) (kafka.controller.KafkaController)
[2024-11-20 18:20:00,708] INFO [ControllerEventThread controllerId=3] Starting (kafka.controller.ControllerEventManager$ControllerEventThread)
[2024-11-20 18:20:00,728] DEBUG [Controller id=3] Broker 1 has been elected as the controller, so stopping the election process. (kafka.controller.KafkaController)
[2024-11-20 18:20:00,759] WARN [RequestSendThread controllerId=1] Controller 1's connection to broker localhost:9094 (id: 3 rack: null) was unsuccessful (kafka.controller.RequestSendThread)
java.io.IOException: Connection to localhost:9094 (id: 3 rack: null) failed.
	at org.apache.kafka.clients.NetworkClientUtils.awaitReady(NetworkClientUtils.java:71)
	at kafka.controller.RequestSendThread.brokerReady(ControllerChannelManager.scala:299)
	at kafka.controller.RequestSendThread.doWork(ControllerChannelManager.scala:252)
	at org.apache.kafka.server.util.ShutdownableThread.run(ShutdownableThread.java:136)
[2024-11-20 18:20:00,861] WARN [RequestSendThread controllerId=1] Controller 1's connection to broker localhost:9094 (id: 3 rack: null) was unsuccessful (kafka.controller.RequestSendThread)
java.io.IOException: Connection to localhost:9094 (id: 3 rack: null) failed.
	at org.apache.kafka.clients.NetworkClientUtils.awaitReady(NetworkClientUtils.java:71)
	at kafka.controller.RequestSendThread.brokerReady(ControllerChannelManager.scala:299)
	at kafka.controller.RequestSendThread.doWork(ControllerChannelManager.scala:252)
	at org.apache.kafka.server.util.ShutdownableThread.run(ShutdownableThread.java:136)
[2024-11-20 18:20:00,962] INFO [RequestSendThread controllerId=1] Controller 1 connected to localhost:9094 (id: 3 rack: null) for sending state change requests (kafka.controller.RequestSendThread)
[2024-11-20 18:20:42,552] INFO [Controller id=1] New topics: [Set(test-topic)], deleted topics: [HashSet()], new partition replica assignment [Set(TopicIdReplicaAssignment(test-topic,Some(wl9kg_u7TeqrIOmPNDnSBQ),Map(test-topic-0 -> ReplicaAssignment(replicas=3,1, addingReplicas=, removingReplicas=), test-topic-1 -> ReplicaAssignment(replicas=1,2, addingReplicas=, removingReplicas=), test-topic-2 -> ReplicaAssignment(replicas=2,3, addingReplicas=, removingReplicas=))))] (kafka.controller.KafkaController)
[2024-11-20 18:20:42,555] INFO [Controller id=1] New partition creation callback for test-topic-0,test-topic-1,test-topic-2 (kafka.controller.KafkaController)
[2024-11-20 18:21:05,334] INFO [Controller id=1] Shutting down broker 1 (kafka.controller.KafkaController)
[2024-11-20 18:21:05,334] DEBUG [Controller id=1] All shutting down brokers: 1 (kafka.controller.KafkaController)
[2024-11-20 18:21:05,335] DEBUG [Controller id=1] Live brokers: 2,3 (kafka.controller.KafkaController)
[2024-11-20 18:22:46,079] INFO [ControllerEventThread controllerId=1] Shutting down (kafka.controller.ControllerEventManager$ControllerEventThread)
[2024-11-20 18:22:46,192] INFO [ControllerEventThread controllerId=2] Shutting down (kafka.controller.ControllerEventManager$ControllerEventThread)
[2024-11-20 18:22:46,193] INFO [ControllerEventThread controllerId=2] Shutdown completed (kafka.controller.ControllerEventManager$ControllerEventThread)
[2024-11-20 18:22:46,193] INFO [ControllerEventThread controllerId=2] Stopped (kafka.controller.ControllerEventManager$ControllerEventThread)
[2024-11-20 18:22:46,194] DEBUG [Controller id=2] Resigning (kafka.controller.KafkaController)
[2024-11-20 18:22:46,195] DEBUG [Controller id=2] Unregister BrokerModifications handler for Set() (kafka.controller.KafkaController)
[2024-11-20 18:22:46,196] INFO [PartitionStateMachine controllerId=2] Stopped partition state machine (kafka.controller.ZkPartitionStateMachine)
[2024-11-20 18:22:46,197] INFO [ReplicaStateMachine controllerId=2] Stopped replica state machine (kafka.controller.ZkReplicaStateMachine)
[2024-11-20 18:22:46,199] INFO [Controller id=2] Resigned (kafka.controller.KafkaController)
[2024-11-20 18:22:46,214] INFO [ControllerEventThread controllerId=3] Shutting down (kafka.controller.ControllerEventManager$ControllerEventThread)
[2024-11-20 18:22:46,215] INFO [ControllerEventThread controllerId=3] Shutdown completed (kafka.controller.ControllerEventManager$ControllerEventThread)
[2024-11-20 18:22:46,215] INFO [ControllerEventThread controllerId=3] Stopped (kafka.controller.ControllerEventManager$ControllerEventThread)
[2024-11-20 18:22:46,216] DEBUG [Controller id=3] Resigning (kafka.controller.KafkaController)
[2024-11-20 18:22:46,216] DEBUG [Controller id=3] Unregister BrokerModifications handler for Set() (kafka.controller.KafkaController)
[2024-11-20 18:22:46,217] INFO [PartitionStateMachine controllerId=3] Stopped partition state machine (kafka.controller.ZkPartitionStateMachine)
[2024-11-20 18:22:46,218] INFO [ReplicaStateMachine controllerId=3] Stopped replica state machine (kafka.controller.ZkReplicaStateMachine)
[2024-11-20 18:22:46,219] INFO [Controller id=3] Resigned (kafka.controller.KafkaController)
[2024-11-20 18:30:34,460] WARN [RequestSendThread controllerId=1] Controller 1's connection to broker localhost:9093 (id: 2 rack: null) was unsuccessful (kafka.controller.RequestSendThread)
java.io.IOException: Connection to localhost:9093 (id: 2 rack: null) failed.
	at org.apache.kafka.clients.NetworkClientUtils.awaitReady(NetworkClientUtils.java:71)
	at kafka.controller.RequestSendThread.brokerReady(ControllerChannelManager.scala:299)
	at kafka.controller.RequestSendThread.doWork(ControllerChannelManager.scala:252)
	at org.apache.kafka.server.util.ShutdownableThread.run(ShutdownableThread.java:136)
[2024-11-20 18:30:34,460] WARN [RequestSendThread controllerId=1] Controller 1's connection to broker localhost:9092 (id: 1 rack: null) was unsuccessful (kafka.controller.RequestSendThread)
java.io.IOException: Connection to localhost:9092 (id: 1 rack: null) failed.
	at org.apache.kafka.clients.NetworkClientUtils.awaitReady(NetworkClientUtils.java:71)
	at kafka.controller.RequestSendThread.brokerReady(ControllerChannelManager.scala:299)
	at kafka.controller.RequestSendThread.doWork(ControllerChannelManager.scala:252)
	at org.apache.kafka.server.util.ShutdownableThread.run(ShutdownableThread.java:136)
[2024-11-20 18:30:34,461] WARN [RequestSendThread controllerId=1] Controller 1's connection to broker localhost:9094 (id: 3 rack: null) was unsuccessful (kafka.controller.RequestSendThread)
java.io.IOException: Connection to localhost:9094 (id: 3 rack: null) failed.
	at org.apache.kafka.clients.NetworkClientUtils.awaitReady(NetworkClientUtils.java:71)
	at kafka.controller.RequestSendThread.brokerReady(ControllerChannelManager.scala:299)
	at kafka.controller.RequestSendThread.doWork(ControllerChannelManager.scala:252)
	at org.apache.kafka.server.util.ShutdownableThread.run(ShutdownableThread.java:136)
[2024-11-20 18:30:34,506] TRACE [Controller id=1] All leaders = test-topic-2 -> (Leader:2,ISR:2,3,LeaderRecoveryState:RECOVERED,LeaderEpoch:0,ZkVersion:0,ControllerEpoch:1),test-topic-0 -> (Leader:3,ISR:3,LeaderRecoveryState:RECOVERED,LeaderEpoch:1,ZkVersion:1,ControllerEpoch:1),test-topic-1 -> (Leader:2,ISR:2,LeaderRecoveryState:RECOVERED,LeaderEpoch:1,ZkVersion:1,ControllerEpoch:1) (kafka.controller.KafkaController)
[2024-11-20 18:30:34,507] INFO [ControllerEventThread controllerId=1] Stopped (kafka.controller.ControllerEventManager$ControllerEventThread)
[2024-11-20 18:30:34,507] INFO [ControllerEventThread controllerId=1] Shutdown completed (kafka.controller.ControllerEventManager$ControllerEventThread)
[2024-11-20 18:30:34,508] DEBUG [Controller id=1] Resigning (kafka.controller.KafkaController)
[2024-11-20 18:30:34,508] DEBUG [Controller id=1] Unregister BrokerModifications handler for Set(1, 2, 3) (kafka.controller.KafkaController)
[2024-11-20 18:30:34,510] INFO [PartitionStateMachine controllerId=1] Stopped partition state machine (kafka.controller.ZkPartitionStateMachine)
[2024-11-20 18:30:34,512] INFO [ReplicaStateMachine controllerId=1] Stopped replica state machine (kafka.controller.ZkReplicaStateMachine)
[2024-11-20 18:30:34,513] INFO [RequestSendThread controllerId=1] Shutting down (kafka.controller.RequestSendThread)
[2024-11-20 18:30:34,515] WARN [RequestSendThread controllerId=1] Controller 1 epoch 1 fails to send request (type=LeaderAndIsRequest, controllerId=1, controllerEpoch=1, brokerEpoch=25, partitionStates=[LeaderAndIsrPartitionState(topicName='test-topic', partitionIndex=1, controllerEpoch=1, leader=2, leaderEpoch=1, isr=[2], partitionEpoch=1, replicas=[1, 2], addingReplicas=[], removingReplicas=[], isNew=false, leaderRecoveryState=0)], topicIds={test-topic=wl9kg_u7TeqrIOmPNDnSBQ}, liveLeaders=(localhost:9093 (id: 2 rack: null))) to broker localhost:9092 (id: 1 rack: null). Reconnecting to broker. (kafka.controller.RequestSendThread)
java.lang.InterruptedException
	at java.base/java.util.concurrent.locks.AbstractQueuedSynchronizer.tryAcquireSharedNanos(AbstractQueuedSynchronizer.java:1081)
	at java.base/java.util.concurrent.CountDownLatch.await(CountDownLatch.java:276)
	at org.apache.kafka.server.util.ShutdownableThread.pause(ShutdownableThread.java:122)
	at kafka.controller.RequestSendThread.doWork(ControllerChannelManager.scala:240)
	at org.apache.kafka.server.util.ShutdownableThread.run(ShutdownableThread.java:136)
[2024-11-20 18:30:34,515] TRACE [RequestSendThread controllerId=1] shutdownInitiated latch count reached zero. Shutdown called. (kafka.controller.RequestSendThread)
[2024-11-20 18:30:34,515] INFO [RequestSendThread controllerId=1] Stopped (kafka.controller.RequestSendThread)
[2024-11-20 18:30:34,515] INFO [RequestSendThread controllerId=1] Shutdown completed (kafka.controller.RequestSendThread)
[2024-11-20 18:30:34,518] INFO [RequestSendThread controllerId=1] Shutting down (kafka.controller.RequestSendThread)
[2024-11-20 18:30:34,518] WARN [RequestSendThread controllerId=1] Controller 1 epoch 1 fails to send request (type=LeaderAndIsRequest, controllerId=1, controllerEpoch=1, brokerEpoch=45, partitionStates=[LeaderAndIsrPartitionState(topicName='test-topic', partitionIndex=1, controllerEpoch=1, leader=2, leaderEpoch=1, isr=[2], partitionEpoch=1, replicas=[1, 2], addingReplicas=[], removingReplicas=[], isNew=false, leaderRecoveryState=0)], topicIds={test-topic=wl9kg_u7TeqrIOmPNDnSBQ}, liveLeaders=(localhost:9093 (id: 2 rack: null))) to broker localhost:9093 (id: 2 rack: null). Reconnecting to broker. (kafka.controller.RequestSendThread)
java.lang.InterruptedException
	at java.base/java.util.concurrent.locks.AbstractQueuedSynchronizer.tryAcquireSharedNanos(AbstractQueuedSynchronizer.java:1081)
	at java.base/java.util.concurrent.CountDownLatch.await(CountDownLatch.java:276)
	at org.apache.kafka.server.util.ShutdownableThread.pause(ShutdownableThread.java:122)
	at kafka.controller.RequestSendThread.doWork(ControllerChannelManager.scala:240)
	at org.apache.kafka.server.util.ShutdownableThread.run(ShutdownableThread.java:136)
[2024-11-20 18:30:34,518] TRACE [RequestSendThread controllerId=1] shutdownInitiated latch count reached zero. Shutdown called. (kafka.controller.RequestSendThread)
[2024-11-20 18:30:34,518] INFO [RequestSendThread controllerId=1] Stopped (kafka.controller.RequestSendThread)
[2024-11-20 18:30:34,519] INFO [RequestSendThread controllerId=1] Shutdown completed (kafka.controller.RequestSendThread)
[2024-11-20 18:30:34,520] INFO [RequestSendThread controllerId=1] Shutting down (kafka.controller.RequestSendThread)
[2024-11-20 18:30:34,521] WARN [RequestSendThread controllerId=1] Controller 1 epoch 1 fails to send request (type: UpdateMetadataRequest=, controllerId=1, controllerEpoch=1, kraftController=false, type=UNKNOWN, brokerEpoch=61, partitionStates=[UpdateMetadataPartitionState(topicName='test-topic', partitionIndex=1, controllerEpoch=1, leader=2, leaderEpoch=1, isr=[2], zkVersion=1, replicas=[1, 2], offlineReplicas=[1])], liveBrokers=UpdateMetadataBroker(id=3, v0Host='', v0Port=0, endpoints=[UpdateMetadataEndpoint(port=9094, host='localhost', listener='PLAINTEXT', securityProtocol=0)], rack=null), UpdateMetadataBroker(id=1, v0Host='', v0Port=0, endpoints=[UpdateMetadataEndpoint(port=9092, host='localhost', listener='PLAINTEXT', securityProtocol=0)], rack=null), UpdateMetadataBroker(id=2, v0Host='', v0Port=0, endpoints=[UpdateMetadataEndpoint(port=9093, host='localhost', listener='PLAINTEXT', securityProtocol=0)], rack=null)) to broker localhost:9094 (id: 3 rack: null). Reconnecting to broker. (kafka.controller.RequestSendThread)
java.lang.InterruptedException
	at java.base/java.util.concurrent.locks.AbstractQueuedSynchronizer.tryAcquireSharedNanos(AbstractQueuedSynchronizer.java:1081)
	at java.base/java.util.concurrent.CountDownLatch.await(CountDownLatch.java:276)
	at org.apache.kafka.server.util.ShutdownableThread.pause(ShutdownableThread.java:122)
	at kafka.controller.RequestSendThread.doWork(ControllerChannelManager.scala:240)
	at org.apache.kafka.server.util.ShutdownableThread.run(ShutdownableThread.java:136)
[2024-11-20 18:30:34,522] TRACE [RequestSendThread controllerId=1] shutdownInitiated latch count reached zero. Shutdown called. (kafka.controller.RequestSendThread)
[2024-11-20 18:30:34,522] INFO [RequestSendThread controllerId=1] Stopped (kafka.controller.RequestSendThread)
[2024-11-20 18:30:34,522] INFO [RequestSendThread controllerId=1] Shutdown completed (kafka.controller.RequestSendThread)
[2024-11-20 18:30:34,524] INFO [Controller id=1] Resigned (kafka.controller.KafkaController)
[2024-11-20 18:31:02,334] INFO [ControllerEventThread controllerId=1] Starting (kafka.controller.ControllerEventManager$ControllerEventThread)
[2024-11-20 18:31:02,379] INFO [Controller id=1] 1 successfully elected as the controller. Epoch incremented to 2 and epoch zk version is now 2 (kafka.controller.KafkaController)
[2024-11-20 18:31:02,383] INFO [Controller id=1] Registering handlers (kafka.controller.KafkaController)
[2024-11-20 18:31:02,389] INFO [Controller id=1] Deleting log dir event notifications (kafka.controller.KafkaController)
[2024-11-20 18:31:02,395] INFO [Controller id=1] Deleting isr change notifications (kafka.controller.KafkaController)
[2024-11-20 18:31:02,399] INFO [Controller id=1] Initializing controller context (kafka.controller.KafkaController)
[2024-11-20 18:31:02,420] INFO [Controller id=1] Initialized broker epochs cache: HashMap(1 -> 92) (kafka.controller.KafkaController)
[2024-11-20 18:31:02,442] DEBUG [Controller id=1] Register BrokerModifications handler for Set(1) (kafka.controller.KafkaController)
[2024-11-20 18:31:02,457] DEBUG [Channel manager on controller 1]: Controller 1 trying to connect to broker 1 (kafka.controller.ControllerChannelManager)
[2024-11-20 18:31:02,462] INFO [RequestSendThread controllerId=1] Starting (kafka.controller.RequestSendThread)
[2024-11-20 18:31:02,464] INFO [Controller id=1] Currently active brokers in the cluster: Set(1) (kafka.controller.KafkaController)
[2024-11-20 18:31:02,464] INFO [Controller id=1] Currently shutting brokers in the cluster: HashSet() (kafka.controller.KafkaController)
[2024-11-20 18:31:02,464] INFO [Controller id=1] Current list of topics in the cluster: HashSet(test-topic) (kafka.controller.KafkaController)
[2024-11-20 18:31:02,465] INFO [Controller id=1] Fetching topic deletions in progress (kafka.controller.KafkaController)
[2024-11-20 18:31:02,470] INFO [Controller id=1] List of topics to be deleted:  (kafka.controller.KafkaController)
[2024-11-20 18:31:02,470] INFO [Controller id=1] List of topics ineligible for deletion: test-topic (kafka.controller.KafkaController)
[2024-11-20 18:31:02,470] INFO [Controller id=1] Initializing topic deletion manager (kafka.controller.KafkaController)
[2024-11-20 18:31:02,471] INFO [Topic Deletion Manager 1] Initializing manager with initial deletions: Set(), initial ineligible deletions: HashSet(test-topic) (kafka.controller.TopicDeletionManager)
[2024-11-20 18:31:02,472] INFO [Controller id=1] Sending update metadata request (kafka.controller.KafkaController)
[2024-11-20 18:31:02,486] INFO [ReplicaStateMachine controllerId=1] Initializing replica state (kafka.controller.ZkReplicaStateMachine)
[2024-11-20 18:31:02,493] INFO [ReplicaStateMachine controllerId=1] Triggering online replica state changes (kafka.controller.ZkReplicaStateMachine)
[2024-11-20 18:31:02,500] WARN [RequestSendThread controllerId=1] Controller 1's connection to broker localhost:9092 (id: 1 rack: null) was unsuccessful (kafka.controller.RequestSendThread)
java.io.IOException: Connection to localhost:9092 (id: 1 rack: null) failed.
	at org.apache.kafka.clients.NetworkClientUtils.awaitReady(NetworkClientUtils.java:71)
	at kafka.controller.RequestSendThread.brokerReady(ControllerChannelManager.scala:299)
	at kafka.controller.RequestSendThread.doWork(ControllerChannelManager.scala:252)
	at org.apache.kafka.server.util.ShutdownableThread.run(ShutdownableThread.java:136)
[2024-11-20 18:31:02,535] INFO [ReplicaStateMachine controllerId=1] Triggering offline replica state changes (kafka.controller.ZkReplicaStateMachine)
