[2024-11-20 23:40:43,602] INFO Registered kafka:type=kafka.Log4jController MBean (kafka.utils.Log4jControllerRegistration$)
[2024-11-20 23:40:43,905] INFO Setting -D jdk.tls.rejectClientInitiatedRenegotiation=true to disable client-initiated TLS renegotiation (org.apache.zookeeper.common.X509Util)
[2024-11-20 23:40:44,115] ERROR Exiting Kafka due to fatal exception (kafka.Kafka$)
org.apache.kafka.common.KafkaException: Exception while loading Zookeeper JAAS login context [java.security.auth.login.config=//config/kafka-server-jaas.conf, zookeeper.sasl.client=default:true, zookeeper.sasl.clientconfig=default:Client]
	at org.apache.kafka.common.security.JaasUtils.isZkSaslEnabled(JaasUtils.java:69)
	at kafka.server.KafkaServer$.zkClientConfigFromKafkaConfig(KafkaServer.scala:101)
	at kafka.server.KafkaServer.<init>(KafkaServer.scala:175)
	at kafka.Kafka$.buildServer(Kafka.scala:77)
	at kafka.Kafka$.main(Kafka.scala:90)
	at kafka.Kafka.main(Kafka.scala)
Caused by: java.lang.SecurityException: java.io.IOException: //config/kafka-server-jaas.conf (No such file or directory)
	at java.base/sun.security.provider.ConfigFile$Spi.<init>(ConfigFile.java:139)
	at java.base/sun.security.provider.ConfigFile.<init>(ConfigFile.java:104)
	at java.base/jdk.internal.reflect.NativeConstructorAccessorImpl.newInstance0(Native Method)
	at java.base/jdk.internal.reflect.NativeConstructorAccessorImpl.newInstance(NativeConstructorAccessorImpl.java:77)
	at java.base/jdk.internal.reflect.DelegatingConstructorAccessorImpl.newInstance(DelegatingConstructorAccessorImpl.java:45)
	at java.base/java.lang.reflect.Constructor.newInstanceWithCaller(Constructor.java:500)
	at java.base/java.lang.reflect.ReflectAccess.newInstance(ReflectAccess.java:128)
	at java.base/jdk.internal.reflect.ReflectionFactory.newInstance(ReflectionFactory.java:347)
	at java.base/java.lang.Class.newInstance(Class.java:645)
	at java.base/javax.security.auth.login.Configuration$2.run(Configuration.java:258)
	at java.base/javax.security.auth.login.Configuration$2.run(Configuration.java:249)
	at java.base/java.security.AccessController.doPrivileged(AccessController.java:569)
	at java.base/javax.security.auth.login.Configuration.getConfiguration(Configuration.java:248)
	at org.apache.kafka.common.security.JaasUtils.isZkSaslEnabled(JaasUtils.java:65)
	... 5 more
Caused by: java.io.IOException: //config/kafka-server-jaas.conf (No such file or directory)
	at java.base/sun.security.provider.ConfigFile$Spi.ioException(ConfigFile.java:669)
	at java.base/sun.security.provider.ConfigFile$Spi.init(ConfigFile.java:265)
	at java.base/sun.security.provider.ConfigFile$Spi.<init>(ConfigFile.java:137)
	... 18 more
[2024-11-20 23:40:44,411] INFO Registered kafka:type=kafka.Log4jController MBean (kafka.utils.Log4jControllerRegistration$)
[2024-11-20 23:40:44,775] INFO Setting -D jdk.tls.rejectClientInitiatedRenegotiation=true to disable client-initiated TLS renegotiation (org.apache.zookeeper.common.X509Util)
[2024-11-20 23:40:44,952] ERROR Exiting Kafka due to fatal exception (kafka.Kafka$)
org.apache.kafka.common.KafkaException: Exception while loading Zookeeper JAAS login context [java.security.auth.login.config=//config/kafka-server-jaas.conf, zookeeper.sasl.client=default:true, zookeeper.sasl.clientconfig=default:Client]
	at org.apache.kafka.common.security.JaasUtils.isZkSaslEnabled(JaasUtils.java:69)
	at kafka.server.KafkaServer$.zkClientConfigFromKafkaConfig(KafkaServer.scala:101)
	at kafka.server.KafkaServer.<init>(KafkaServer.scala:175)
	at kafka.Kafka$.buildServer(Kafka.scala:77)
	at kafka.Kafka$.main(Kafka.scala:90)
	at kafka.Kafka.main(Kafka.scala)
Caused by: java.lang.SecurityException: java.io.IOException: //config/kafka-server-jaas.conf (No such file or directory)
	at java.base/sun.security.provider.ConfigFile$Spi.<init>(ConfigFile.java:139)
	at java.base/sun.security.provider.ConfigFile.<init>(ConfigFile.java:104)
	at java.base/jdk.internal.reflect.NativeConstructorAccessorImpl.newInstance0(Native Method)
	at java.base/jdk.internal.reflect.NativeConstructorAccessorImpl.newInstance(NativeConstructorAccessorImpl.java:77)
	at java.base/jdk.internal.reflect.DelegatingConstructorAccessorImpl.newInstance(DelegatingConstructorAccessorImpl.java:45)
	at java.base/java.lang.reflect.Constructor.newInstanceWithCaller(Constructor.java:500)
	at java.base/java.lang.reflect.ReflectAccess.newInstance(ReflectAccess.java:128)
	at java.base/jdk.internal.reflect.ReflectionFactory.newInstance(ReflectionFactory.java:347)
	at java.base/java.lang.Class.newInstance(Class.java:645)
	at java.base/javax.security.auth.login.Configuration$2.run(Configuration.java:258)
	at java.base/javax.security.auth.login.Configuration$2.run(Configuration.java:249)
	at java.base/java.security.AccessController.doPrivileged(AccessController.java:569)
	at java.base/javax.security.auth.login.Configuration.getConfiguration(Configuration.java:248)
	at org.apache.kafka.common.security.JaasUtils.isZkSaslEnabled(JaasUtils.java:65)
	... 5 more
Caused by: java.io.IOException: //config/kafka-server-jaas.conf (No such file or directory)
	at java.base/sun.security.provider.ConfigFile$Spi.ioException(ConfigFile.java:669)
	at java.base/sun.security.provider.ConfigFile$Spi.init(ConfigFile.java:265)
	at java.base/sun.security.provider.ConfigFile$Spi.<init>(ConfigFile.java:137)
	... 18 more
[2024-11-20 23:40:45,109] INFO Registered kafka:type=kafka.Log4jController MBean (kafka.utils.Log4jControllerRegistration$)
[2024-11-20 23:40:45,432] INFO Setting -D jdk.tls.rejectClientInitiatedRenegotiation=true to disable client-initiated TLS renegotiation (org.apache.zookeeper.common.X509Util)
[2024-11-20 23:40:45,587] ERROR Exiting Kafka due to fatal exception (kafka.Kafka$)
org.apache.kafka.common.KafkaException: Exception while loading Zookeeper JAAS login context [java.security.auth.login.config=//config/kafka-server-jaas.conf, zookeeper.sasl.client=default:true, zookeeper.sasl.clientconfig=default:Client]
	at org.apache.kafka.common.security.JaasUtils.isZkSaslEnabled(JaasUtils.java:69)
	at kafka.server.KafkaServer$.zkClientConfigFromKafkaConfig(KafkaServer.scala:101)
	at kafka.server.KafkaServer.<init>(KafkaServer.scala:175)
	at kafka.Kafka$.buildServer(Kafka.scala:77)
	at kafka.Kafka$.main(Kafka.scala:90)
	at kafka.Kafka.main(Kafka.scala)
Caused by: java.lang.SecurityException: java.io.IOException: //config/kafka-server-jaas.conf (No such file or directory)
	at java.base/sun.security.provider.ConfigFile$Spi.<init>(ConfigFile.java:139)
	at java.base/sun.security.provider.ConfigFile.<init>(ConfigFile.java:104)
	at java.base/jdk.internal.reflect.NativeConstructorAccessorImpl.newInstance0(Native Method)
	at java.base/jdk.internal.reflect.NativeConstructorAccessorImpl.newInstance(NativeConstructorAccessorImpl.java:77)
	at java.base/jdk.internal.reflect.DelegatingConstructorAccessorImpl.newInstance(DelegatingConstructorAccessorImpl.java:45)
	at java.base/java.lang.reflect.Constructor.newInstanceWithCaller(Constructor.java:500)
	at java.base/java.lang.reflect.ReflectAccess.newInstance(ReflectAccess.java:128)
	at java.base/jdk.internal.reflect.ReflectionFactory.newInstance(ReflectionFactory.java:347)
	at java.base/java.lang.Class.newInstance(Class.java:645)
	at java.base/javax.security.auth.login.Configuration$2.run(Configuration.java:258)
	at java.base/javax.security.auth.login.Configuration$2.run(Configuration.java:249)
	at java.base/java.security.AccessController.doPrivileged(AccessController.java:569)
	at java.base/javax.security.auth.login.Configuration.getConfiguration(Configuration.java:248)
	at org.apache.kafka.common.security.JaasUtils.isZkSaslEnabled(JaasUtils.java:65)
	... 5 more
Caused by: java.io.IOException: //config/kafka-server-jaas.conf (No such file or directory)
	at java.base/sun.security.provider.ConfigFile$Spi.ioException(ConfigFile.java:669)
	at java.base/sun.security.provider.ConfigFile$Spi.init(ConfigFile.java:265)
	at java.base/sun.security.provider.ConfigFile$Spi.<init>(ConfigFile.java:137)
	... 18 more
[2024-11-20 23:40:45,723] INFO Registered kafka:type=kafka.Log4jController MBean (kafka.utils.Log4jControllerRegistration$)
[2024-11-20 23:40:46,063] INFO Setting -D jdk.tls.rejectClientInitiatedRenegotiation=true to disable client-initiated TLS renegotiation (org.apache.zookeeper.common.X509Util)
[2024-11-20 23:40:46,249] ERROR Exiting Kafka due to fatal exception (kafka.Kafka$)
org.apache.kafka.common.KafkaException: Exception while loading Zookeeper JAAS login context [java.security.auth.login.config=//config/kafka-server-jaas.conf, zookeeper.sasl.client=default:true, zookeeper.sasl.clientconfig=default:Client]
	at org.apache.kafka.common.security.JaasUtils.isZkSaslEnabled(JaasUtils.java:69)
	at kafka.server.KafkaServer$.zkClientConfigFromKafkaConfig(KafkaServer.scala:101)
	at kafka.server.KafkaServer.<init>(KafkaServer.scala:175)
	at kafka.Kafka$.buildServer(Kafka.scala:77)
	at kafka.Kafka$.main(Kafka.scala:90)
	at kafka.Kafka.main(Kafka.scala)
Caused by: java.lang.SecurityException: java.io.IOException: //config/kafka-server-jaas.conf (No such file or directory)
	at java.base/sun.security.provider.ConfigFile$Spi.<init>(ConfigFile.java:139)
	at java.base/sun.security.provider.ConfigFile.<init>(ConfigFile.java:104)
	at java.base/jdk.internal.reflect.NativeConstructorAccessorImpl.newInstance0(Native Method)
	at java.base/jdk.internal.reflect.NativeConstructorAccessorImpl.newInstance(NativeConstructorAccessorImpl.java:77)
	at java.base/jdk.internal.reflect.DelegatingConstructorAccessorImpl.newInstance(DelegatingConstructorAccessorImpl.java:45)
	at java.base/java.lang.reflect.Constructor.newInstanceWithCaller(Constructor.java:500)
	at java.base/java.lang.reflect.ReflectAccess.newInstance(ReflectAccess.java:128)
	at java.base/jdk.internal.reflect.ReflectionFactory.newInstance(ReflectionFactory.java:347)
	at java.base/java.lang.Class.newInstance(Class.java:645)
	at java.base/javax.security.auth.login.Configuration$2.run(Configuration.java:258)
	at java.base/javax.security.auth.login.Configuration$2.run(Configuration.java:249)
	at java.base/java.security.AccessController.doPrivileged(AccessController.java:569)
	at java.base/javax.security.auth.login.Configuration.getConfiguration(Configuration.java:248)
	at org.apache.kafka.common.security.JaasUtils.isZkSaslEnabled(JaasUtils.java:65)
	... 5 more
Caused by: java.io.IOException: //config/kafka-server-jaas.conf (No such file or directory)
	at java.base/sun.security.provider.ConfigFile$Spi.ioException(ConfigFile.java:669)
	at java.base/sun.security.provider.ConfigFile$Spi.init(ConfigFile.java:265)
	at java.base/sun.security.provider.ConfigFile$Spi.<init>(ConfigFile.java:137)
	... 18 more
[2024-11-20 23:40:46,754] INFO Registered kafka:type=kafka.Log4jController MBean (kafka.utils.Log4jControllerRegistration$)
[2024-11-20 23:40:47,132] INFO Setting -D jdk.tls.rejectClientInitiatedRenegotiation=true to disable client-initiated TLS renegotiation (org.apache.zookeeper.common.X509Util)
[2024-11-20 23:40:47,324] INFO Registered kafka:type=kafka.Log4jController MBean (kafka.utils.Log4jControllerRegistration$)
[2024-11-20 23:40:47,338] ERROR Exiting Kafka due to fatal exception (kafka.Kafka$)
org.apache.kafka.common.KafkaException: Exception while loading Zookeeper JAAS login context [java.security.auth.login.config=//config/kafka-server-jaas.conf, zookeeper.sasl.client=default:true, zookeeper.sasl.clientconfig=default:Client]
	at org.apache.kafka.common.security.JaasUtils.isZkSaslEnabled(JaasUtils.java:69)
	at kafka.server.KafkaServer$.zkClientConfigFromKafkaConfig(KafkaServer.scala:101)
	at kafka.server.KafkaServer.<init>(KafkaServer.scala:175)
	at kafka.Kafka$.buildServer(Kafka.scala:77)
	at kafka.Kafka$.main(Kafka.scala:90)
	at kafka.Kafka.main(Kafka.scala)
Caused by: java.lang.SecurityException: java.io.IOException: //config/kafka-server-jaas.conf (No such file or directory)
	at java.base/sun.security.provider.ConfigFile$Spi.<init>(ConfigFile.java:139)
	at java.base/sun.security.provider.ConfigFile.<init>(ConfigFile.java:104)
	at java.base/jdk.internal.reflect.NativeConstructorAccessorImpl.newInstance0(Native Method)
	at java.base/jdk.internal.reflect.NativeConstructorAccessorImpl.newInstance(NativeConstructorAccessorImpl.java:77)
	at java.base/jdk.internal.reflect.DelegatingConstructorAccessorImpl.newInstance(DelegatingConstructorAccessorImpl.java:45)
	at java.base/java.lang.reflect.Constructor.newInstanceWithCaller(Constructor.java:500)
	at java.base/java.lang.reflect.ReflectAccess.newInstance(ReflectAccess.java:128)
	at java.base/jdk.internal.reflect.ReflectionFactory.newInstance(ReflectionFactory.java:347)
	at java.base/java.lang.Class.newInstance(Class.java:645)
	at java.base/javax.security.auth.login.Configuration$2.run(Configuration.java:258)
	at java.base/javax.security.auth.login.Configuration$2.run(Configuration.java:249)
	at java.base/java.security.AccessController.doPrivileged(AccessController.java:569)
	at java.base/javax.security.auth.login.Configuration.getConfiguration(Configuration.java:248)
	at org.apache.kafka.common.security.JaasUtils.isZkSaslEnabled(JaasUtils.java:65)
	... 5 more
Caused by: java.io.IOException: //config/kafka-server-jaas.conf (No such file or directory)
	at java.base/sun.security.provider.ConfigFile$Spi.ioException(ConfigFile.java:669)
	at java.base/sun.security.provider.ConfigFile$Spi.init(ConfigFile.java:265)
	at java.base/sun.security.provider.ConfigFile$Spi.<init>(ConfigFile.java:137)
	... 18 more
[2024-11-20 23:40:47,665] INFO Setting -D jdk.tls.rejectClientInitiatedRenegotiation=true to disable client-initiated TLS renegotiation (org.apache.zookeeper.common.X509Util)
[2024-11-20 23:40:47,859] ERROR Exiting Kafka due to fatal exception (kafka.Kafka$)
org.apache.kafka.common.KafkaException: Exception while loading Zookeeper JAAS login context [java.security.auth.login.config=//config/kafka-server-jaas.conf, zookeeper.sasl.client=default:true, zookeeper.sasl.clientconfig=default:Client]
	at org.apache.kafka.common.security.JaasUtils.isZkSaslEnabled(JaasUtils.java:69)
	at kafka.server.KafkaServer$.zkClientConfigFromKafkaConfig(KafkaServer.scala:101)
	at kafka.server.KafkaServer.<init>(KafkaServer.scala:175)
	at kafka.Kafka$.buildServer(Kafka.scala:77)
	at kafka.Kafka$.main(Kafka.scala:90)
	at kafka.Kafka.main(Kafka.scala)
Caused by: java.lang.SecurityException: java.io.IOException: //config/kafka-server-jaas.conf (No such file or directory)
	at java.base/sun.security.provider.ConfigFile$Spi.<init>(ConfigFile.java:139)
	at java.base/sun.security.provider.ConfigFile.<init>(ConfigFile.java:104)
	at java.base/jdk.internal.reflect.NativeConstructorAccessorImpl.newInstance0(Native Method)
	at java.base/jdk.internal.reflect.NativeConstructorAccessorImpl.newInstance(NativeConstructorAccessorImpl.java:77)
	at java.base/jdk.internal.reflect.DelegatingConstructorAccessorImpl.newInstance(DelegatingConstructorAccessorImpl.java:45)
	at java.base/java.lang.reflect.Constructor.newInstanceWithCaller(Constructor.java:500)
	at java.base/java.lang.reflect.ReflectAccess.newInstance(ReflectAccess.java:128)
	at java.base/jdk.internal.reflect.ReflectionFactory.newInstance(ReflectionFactory.java:347)
	at java.base/java.lang.Class.newInstance(Class.java:645)
	at java.base/javax.security.auth.login.Configuration$2.run(Configuration.java:258)
	at java.base/javax.security.auth.login.Configuration$2.run(Configuration.java:249)
	at java.base/java.security.AccessController.doPrivileged(AccessController.java:569)
	at java.base/javax.security.auth.login.Configuration.getConfiguration(Configuration.java:248)
	at org.apache.kafka.common.security.JaasUtils.isZkSaslEnabled(JaasUtils.java:65)
	... 5 more
Caused by: java.io.IOException: //config/kafka-server-jaas.conf (No such file or directory)
	at java.base/sun.security.provider.ConfigFile$Spi.ioException(ConfigFile.java:669)
	at java.base/sun.security.provider.ConfigFile$Spi.init(ConfigFile.java:265)
	at java.base/sun.security.provider.ConfigFile$Spi.<init>(ConfigFile.java:137)
	... 18 more
[2024-11-20 23:40:48,126] INFO Registered kafka:type=kafka.Log4jController MBean (kafka.utils.Log4jControllerRegistration$)
[2024-11-20 23:40:48,477] INFO Setting -D jdk.tls.rejectClientInitiatedRenegotiation=true to disable client-initiated TLS renegotiation (org.apache.zookeeper.common.X509Util)
[2024-11-20 23:40:48,660] ERROR Exiting Kafka due to fatal exception (kafka.Kafka$)
org.apache.kafka.common.KafkaException: Exception while loading Zookeeper JAAS login context [java.security.auth.login.config=//config/kafka-server-jaas.conf, zookeeper.sasl.client=default:true, zookeeper.sasl.clientconfig=default:Client]
	at org.apache.kafka.common.security.JaasUtils.isZkSaslEnabled(JaasUtils.java:69)
	at kafka.server.KafkaServer$.zkClientConfigFromKafkaConfig(KafkaServer.scala:101)
	at kafka.server.KafkaServer.<init>(KafkaServer.scala:175)
	at kafka.Kafka$.buildServer(Kafka.scala:77)
	at kafka.Kafka$.main(Kafka.scala:90)
	at kafka.Kafka.main(Kafka.scala)
Caused by: java.lang.SecurityException: java.io.IOException: //config/kafka-server-jaas.conf (No such file or directory)
	at java.base/sun.security.provider.ConfigFile$Spi.<init>(ConfigFile.java:139)
	at java.base/sun.security.provider.ConfigFile.<init>(ConfigFile.java:104)
	at java.base/jdk.internal.reflect.NativeConstructorAccessorImpl.newInstance0(Native Method)
	at java.base/jdk.internal.reflect.NativeConstructorAccessorImpl.newInstance(NativeConstructorAccessorImpl.java:77)
	at java.base/jdk.internal.reflect.DelegatingConstructorAccessorImpl.newInstance(DelegatingConstructorAccessorImpl.java:45)
	at java.base/java.lang.reflect.Constructor.newInstanceWithCaller(Constructor.java:500)
	at java.base/java.lang.reflect.ReflectAccess.newInstance(ReflectAccess.java:128)
	at java.base/jdk.internal.reflect.ReflectionFactory.newInstance(ReflectionFactory.java:347)
	at java.base/java.lang.Class.newInstance(Class.java:645)
	at java.base/javax.security.auth.login.Configuration$2.run(Configuration.java:258)
	at java.base/javax.security.auth.login.Configuration$2.run(Configuration.java:249)
	at java.base/java.security.AccessController.doPrivileged(AccessController.java:569)
	at java.base/javax.security.auth.login.Configuration.getConfiguration(Configuration.java:248)
	at org.apache.kafka.common.security.JaasUtils.isZkSaslEnabled(JaasUtils.java:65)
	... 5 more
Caused by: java.io.IOException: //config/kafka-server-jaas.conf (No such file or directory)
	at java.base/sun.security.provider.ConfigFile$Spi.ioException(ConfigFile.java:669)
	at java.base/sun.security.provider.ConfigFile$Spi.init(ConfigFile.java:265)
	at java.base/sun.security.provider.ConfigFile$Spi.<init>(ConfigFile.java:137)
	... 18 more
[2024-11-20 23:40:49,060] INFO Registered kafka:type=kafka.Log4jController MBean (kafka.utils.Log4jControllerRegistration$)
[2024-11-20 23:40:49,407] INFO Setting -D jdk.tls.rejectClientInitiatedRenegotiation=true to disable client-initiated TLS renegotiation (org.apache.zookeeper.common.X509Util)
[2024-11-20 23:40:49,587] INFO Registered kafka:type=kafka.Log4jController MBean (kafka.utils.Log4jControllerRegistration$)
[2024-11-20 23:40:49,612] ERROR Exiting Kafka due to fatal exception (kafka.Kafka$)
org.apache.kafka.common.KafkaException: Exception while loading Zookeeper JAAS login context [java.security.auth.login.config=//config/kafka-server-jaas.conf, zookeeper.sasl.client=default:true, zookeeper.sasl.clientconfig=default:Client]
	at org.apache.kafka.common.security.JaasUtils.isZkSaslEnabled(JaasUtils.java:69)
	at kafka.server.KafkaServer$.zkClientConfigFromKafkaConfig(KafkaServer.scala:101)
	at kafka.server.KafkaServer.<init>(KafkaServer.scala:175)
	at kafka.Kafka$.buildServer(Kafka.scala:77)
	at kafka.Kafka$.main(Kafka.scala:90)
	at kafka.Kafka.main(Kafka.scala)
Caused by: java.lang.SecurityException: java.io.IOException: //config/kafka-server-jaas.conf (No such file or directory)
	at java.base/sun.security.provider.ConfigFile$Spi.<init>(ConfigFile.java:139)
	at java.base/sun.security.provider.ConfigFile.<init>(ConfigFile.java:104)
	at java.base/jdk.internal.reflect.NativeConstructorAccessorImpl.newInstance0(Native Method)
	at java.base/jdk.internal.reflect.NativeConstructorAccessorImpl.newInstance(NativeConstructorAccessorImpl.java:77)
	at java.base/jdk.internal.reflect.DelegatingConstructorAccessorImpl.newInstance(DelegatingConstructorAccessorImpl.java:45)
	at java.base/java.lang.reflect.Constructor.newInstanceWithCaller(Constructor.java:500)
	at java.base/java.lang.reflect.ReflectAccess.newInstance(ReflectAccess.java:128)
	at java.base/jdk.internal.reflect.ReflectionFactory.newInstance(ReflectionFactory.java:347)
	at java.base/java.lang.Class.newInstance(Class.java:645)
	at java.base/javax.security.auth.login.Configuration$2.run(Configuration.java:258)
	at java.base/javax.security.auth.login.Configuration$2.run(Configuration.java:249)
	at java.base/java.security.AccessController.doPrivileged(AccessController.java:569)
	at java.base/javax.security.auth.login.Configuration.getConfiguration(Configuration.java:248)
	at org.apache.kafka.common.security.JaasUtils.isZkSaslEnabled(JaasUtils.java:65)
	... 5 more
Caused by: java.io.IOException: //config/kafka-server-jaas.conf (No such file or directory)
	at java.base/sun.security.provider.ConfigFile$Spi.ioException(ConfigFile.java:669)
	at java.base/sun.security.provider.ConfigFile$Spi.init(ConfigFile.java:265)
	at java.base/sun.security.provider.ConfigFile$Spi.<init>(ConfigFile.java:137)
	... 18 more
[2024-11-20 23:40:49,931] INFO Setting -D jdk.tls.rejectClientInitiatedRenegotiation=true to disable client-initiated TLS renegotiation (org.apache.zookeeper.common.X509Util)
[2024-11-20 23:40:50,096] ERROR Exiting Kafka due to fatal exception (kafka.Kafka$)
org.apache.kafka.common.KafkaException: Exception while loading Zookeeper JAAS login context [java.security.auth.login.config=//config/kafka-server-jaas.conf, zookeeper.sasl.client=default:true, zookeeper.sasl.clientconfig=default:Client]
	at org.apache.kafka.common.security.JaasUtils.isZkSaslEnabled(JaasUtils.java:69)
	at kafka.server.KafkaServer$.zkClientConfigFromKafkaConfig(KafkaServer.scala:101)
	at kafka.server.KafkaServer.<init>(KafkaServer.scala:175)
	at kafka.Kafka$.buildServer(Kafka.scala:77)
	at kafka.Kafka$.main(Kafka.scala:90)
	at kafka.Kafka.main(Kafka.scala)
Caused by: java.lang.SecurityException: java.io.IOException: //config/kafka-server-jaas.conf (No such file or directory)
	at java.base/sun.security.provider.ConfigFile$Spi.<init>(ConfigFile.java:139)
	at java.base/sun.security.provider.ConfigFile.<init>(ConfigFile.java:104)
	at java.base/jdk.internal.reflect.NativeConstructorAccessorImpl.newInstance0(Native Method)
	at java.base/jdk.internal.reflect.NativeConstructorAccessorImpl.newInstance(NativeConstructorAccessorImpl.java:77)
	at java.base/jdk.internal.reflect.DelegatingConstructorAccessorImpl.newInstance(DelegatingConstructorAccessorImpl.java:45)
	at java.base/java.lang.reflect.Constructor.newInstanceWithCaller(Constructor.java:500)
	at java.base/java.lang.reflect.ReflectAccess.newInstance(ReflectAccess.java:128)
	at java.base/jdk.internal.reflect.ReflectionFactory.newInstance(ReflectionFactory.java:347)
	at java.base/java.lang.Class.newInstance(Class.java:645)
	at java.base/javax.security.auth.login.Configuration$2.run(Configuration.java:258)
	at java.base/javax.security.auth.login.Configuration$2.run(Configuration.java:249)
	at java.base/java.security.AccessController.doPrivileged(AccessController.java:569)
	at java.base/javax.security.auth.login.Configuration.getConfiguration(Configuration.java:248)
	at org.apache.kafka.common.security.JaasUtils.isZkSaslEnabled(JaasUtils.java:65)
	... 5 more
Caused by: java.io.IOException: //config/kafka-server-jaas.conf (No such file or directory)
	at java.base/sun.security.provider.ConfigFile$Spi.ioException(ConfigFile.java:669)
	at java.base/sun.security.provider.ConfigFile$Spi.init(ConfigFile.java:265)
	at java.base/sun.security.provider.ConfigFile$Spi.<init>(ConfigFile.java:137)
	... 18 more
[2024-11-20 23:40:50,585] INFO Registered kafka:type=kafka.Log4jController MBean (kafka.utils.Log4jControllerRegistration$)
[2024-11-20 23:40:50,941] INFO Setting -D jdk.tls.rejectClientInitiatedRenegotiation=true to disable client-initiated TLS renegotiation (org.apache.zookeeper.common.X509Util)
[2024-11-20 23:40:51,115] ERROR Exiting Kafka due to fatal exception (kafka.Kafka$)
org.apache.kafka.common.KafkaException: Exception while loading Zookeeper JAAS login context [java.security.auth.login.config=//config/kafka-server-jaas.conf, zookeeper.sasl.client=default:true, zookeeper.sasl.clientconfig=default:Client]
	at org.apache.kafka.common.security.JaasUtils.isZkSaslEnabled(JaasUtils.java:69)
	at kafka.server.KafkaServer$.zkClientConfigFromKafkaConfig(KafkaServer.scala:101)
	at kafka.server.KafkaServer.<init>(KafkaServer.scala:175)
	at kafka.Kafka$.buildServer(Kafka.scala:77)
	at kafka.Kafka$.main(Kafka.scala:90)
	at kafka.Kafka.main(Kafka.scala)
Caused by: java.lang.SecurityException: java.io.IOException: //config/kafka-server-jaas.conf (No such file or directory)
	at java.base/sun.security.provider.ConfigFile$Spi.<init>(ConfigFile.java:139)
	at java.base/sun.security.provider.ConfigFile.<init>(ConfigFile.java:104)
	at java.base/jdk.internal.reflect.NativeConstructorAccessorImpl.newInstance0(Native Method)
	at java.base/jdk.internal.reflect.NativeConstructorAccessorImpl.newInstance(NativeConstructorAccessorImpl.java:77)
	at java.base/jdk.internal.reflect.DelegatingConstructorAccessorImpl.newInstance(DelegatingConstructorAccessorImpl.java:45)
	at java.base/java.lang.reflect.Constructor.newInstanceWithCaller(Constructor.java:500)
	at java.base/java.lang.reflect.ReflectAccess.newInstance(ReflectAccess.java:128)
	at java.base/jdk.internal.reflect.ReflectionFactory.newInstance(ReflectionFactory.java:347)
	at java.base/java.lang.Class.newInstance(Class.java:645)
	at java.base/javax.security.auth.login.Configuration$2.run(Configuration.java:258)
	at java.base/javax.security.auth.login.Configuration$2.run(Configuration.java:249)
	at java.base/java.security.AccessController.doPrivileged(AccessController.java:569)
	at java.base/javax.security.auth.login.Configuration.getConfiguration(Configuration.java:248)
	at org.apache.kafka.common.security.JaasUtils.isZkSaslEnabled(JaasUtils.java:65)
	... 5 more
Caused by: java.io.IOException: //config/kafka-server-jaas.conf (No such file or directory)
	at java.base/sun.security.provider.ConfigFile$Spi.ioException(ConfigFile.java:669)
	at java.base/sun.security.provider.ConfigFile$Spi.init(ConfigFile.java:265)
	at java.base/sun.security.provider.ConfigFile$Spi.<init>(ConfigFile.java:137)
	... 18 more
[2024-11-20 23:40:51,273] INFO Registered kafka:type=kafka.Log4jController MBean (kafka.utils.Log4jControllerRegistration$)
[2024-11-20 23:40:51,608] INFO Setting -D jdk.tls.rejectClientInitiatedRenegotiation=true to disable client-initiated TLS renegotiation (org.apache.zookeeper.common.X509Util)
[2024-11-20 23:40:51,775] INFO Registered kafka:type=kafka.Log4jController MBean (kafka.utils.Log4jControllerRegistration$)
[2024-11-20 23:40:51,795] ERROR Exiting Kafka due to fatal exception (kafka.Kafka$)
org.apache.kafka.common.KafkaException: Exception while loading Zookeeper JAAS login context [java.security.auth.login.config=//config/kafka-server-jaas.conf, zookeeper.sasl.client=default:true, zookeeper.sasl.clientconfig=default:Client]
	at org.apache.kafka.common.security.JaasUtils.isZkSaslEnabled(JaasUtils.java:69)
	at kafka.server.KafkaServer$.zkClientConfigFromKafkaConfig(KafkaServer.scala:101)
	at kafka.server.KafkaServer.<init>(KafkaServer.scala:175)
	at kafka.Kafka$.buildServer(Kafka.scala:77)
	at kafka.Kafka$.main(Kafka.scala:90)
	at kafka.Kafka.main(Kafka.scala)
Caused by: java.lang.SecurityException: java.io.IOException: //config/kafka-server-jaas.conf (No such file or directory)
	at java.base/sun.security.provider.ConfigFile$Spi.<init>(ConfigFile.java:139)
	at java.base/sun.security.provider.ConfigFile.<init>(ConfigFile.java:104)
	at java.base/jdk.internal.reflect.NativeConstructorAccessorImpl.newInstance0(Native Method)
	at java.base/jdk.internal.reflect.NativeConstructorAccessorImpl.newInstance(NativeConstructorAccessorImpl.java:77)
	at java.base/jdk.internal.reflect.DelegatingConstructorAccessorImpl.newInstance(DelegatingConstructorAccessorImpl.java:45)
	at java.base/java.lang.reflect.Constructor.newInstanceWithCaller(Constructor.java:500)
	at java.base/java.lang.reflect.ReflectAccess.newInstance(ReflectAccess.java:128)
	at java.base/jdk.internal.reflect.ReflectionFactory.newInstance(ReflectionFactory.java:347)
	at java.base/java.lang.Class.newInstance(Class.java:645)
	at java.base/javax.security.auth.login.Configuration$2.run(Configuration.java:258)
	at java.base/javax.security.auth.login.Configuration$2.run(Configuration.java:249)
	at java.base/java.security.AccessController.doPrivileged(AccessController.java:569)
	at java.base/javax.security.auth.login.Configuration.getConfiguration(Configuration.java:248)
	at org.apache.kafka.common.security.JaasUtils.isZkSaslEnabled(JaasUtils.java:65)
	... 5 more
Caused by: java.io.IOException: //config/kafka-server-jaas.conf (No such file or directory)
	at java.base/sun.security.provider.ConfigFile$Spi.ioException(ConfigFile.java:669)
	at java.base/sun.security.provider.ConfigFile$Spi.init(ConfigFile.java:265)
	at java.base/sun.security.provider.ConfigFile$Spi.<init>(ConfigFile.java:137)
	... 18 more
[2024-11-20 23:40:52,098] INFO Setting -D jdk.tls.rejectClientInitiatedRenegotiation=true to disable client-initiated TLS renegotiation (org.apache.zookeeper.common.X509Util)
[2024-11-20 23:40:52,252] ERROR Exiting Kafka due to fatal exception (kafka.Kafka$)
org.apache.kafka.common.KafkaException: Exception while loading Zookeeper JAAS login context [java.security.auth.login.config=//config/kafka-server-jaas.conf, zookeeper.sasl.client=default:true, zookeeper.sasl.clientconfig=default:Client]
	at org.apache.kafka.common.security.JaasUtils.isZkSaslEnabled(JaasUtils.java:69)
	at kafka.server.KafkaServer$.zkClientConfigFromKafkaConfig(KafkaServer.scala:101)
	at kafka.server.KafkaServer.<init>(KafkaServer.scala:175)
	at kafka.Kafka$.buildServer(Kafka.scala:77)
	at kafka.Kafka$.main(Kafka.scala:90)
	at kafka.Kafka.main(Kafka.scala)
Caused by: java.lang.SecurityException: java.io.IOException: //config/kafka-server-jaas.conf (No such file or directory)
	at java.base/sun.security.provider.ConfigFile$Spi.<init>(ConfigFile.java:139)
	at java.base/sun.security.provider.ConfigFile.<init>(ConfigFile.java:104)
	at java.base/jdk.internal.reflect.NativeConstructorAccessorImpl.newInstance0(Native Method)
	at java.base/jdk.internal.reflect.NativeConstructorAccessorImpl.newInstance(NativeConstructorAccessorImpl.java:77)
	at java.base/jdk.internal.reflect.DelegatingConstructorAccessorImpl.newInstance(DelegatingConstructorAccessorImpl.java:45)
	at java.base/java.lang.reflect.Constructor.newInstanceWithCaller(Constructor.java:500)
	at java.base/java.lang.reflect.ReflectAccess.newInstance(ReflectAccess.java:128)
	at java.base/jdk.internal.reflect.ReflectionFactory.newInstance(ReflectionFactory.java:347)
	at java.base/java.lang.Class.newInstance(Class.java:645)
	at java.base/javax.security.auth.login.Configuration$2.run(Configuration.java:258)
	at java.base/javax.security.auth.login.Configuration$2.run(Configuration.java:249)
	at java.base/java.security.AccessController.doPrivileged(AccessController.java:569)
	at java.base/javax.security.auth.login.Configuration.getConfiguration(Configuration.java:248)
	at org.apache.kafka.common.security.JaasUtils.isZkSaslEnabled(JaasUtils.java:65)
	... 5 more
Caused by: java.io.IOException: //config/kafka-server-jaas.conf (No such file or directory)
	at java.base/sun.security.provider.ConfigFile$Spi.ioException(ConfigFile.java:669)
	at java.base/sun.security.provider.ConfigFile$Spi.init(ConfigFile.java:265)
	at java.base/sun.security.provider.ConfigFile$Spi.<init>(ConfigFile.java:137)
	... 18 more
[2024-11-20 23:40:52,786] INFO Registered kafka:type=kafka.Log4jController MBean (kafka.utils.Log4jControllerRegistration$)
[2024-11-20 23:40:53,144] INFO Setting -D jdk.tls.rejectClientInitiatedRenegotiation=true to disable client-initiated TLS renegotiation (org.apache.zookeeper.common.X509Util)
[2024-11-20 23:40:53,323] ERROR Exiting Kafka due to fatal exception (kafka.Kafka$)
org.apache.kafka.common.KafkaException: Exception while loading Zookeeper JAAS login context [java.security.auth.login.config=//config/kafka-server-jaas.conf, zookeeper.sasl.client=default:true, zookeeper.sasl.clientconfig=default:Client]
	at org.apache.kafka.common.security.JaasUtils.isZkSaslEnabled(JaasUtils.java:69)
	at kafka.server.KafkaServer$.zkClientConfigFromKafkaConfig(KafkaServer.scala:101)
	at kafka.server.KafkaServer.<init>(KafkaServer.scala:175)
	at kafka.Kafka$.buildServer(Kafka.scala:77)
	at kafka.Kafka$.main(Kafka.scala:90)
	at kafka.Kafka.main(Kafka.scala)
Caused by: java.lang.SecurityException: java.io.IOException: //config/kafka-server-jaas.conf (No such file or directory)
	at java.base/sun.security.provider.ConfigFile$Spi.<init>(ConfigFile.java:139)
	at java.base/sun.security.provider.ConfigFile.<init>(ConfigFile.java:104)
	at java.base/jdk.internal.reflect.NativeConstructorAccessorImpl.newInstance0(Native Method)
	at java.base/jdk.internal.reflect.NativeConstructorAccessorImpl.newInstance(NativeConstructorAccessorImpl.java:77)
	at java.base/jdk.internal.reflect.DelegatingConstructorAccessorImpl.newInstance(DelegatingConstructorAccessorImpl.java:45)
	at java.base/java.lang.reflect.Constructor.newInstanceWithCaller(Constructor.java:500)
	at java.base/java.lang.reflect.ReflectAccess.newInstance(ReflectAccess.java:128)
	at java.base/jdk.internal.reflect.ReflectionFactory.newInstance(ReflectionFactory.java:347)
	at java.base/java.lang.Class.newInstance(Class.java:645)
	at java.base/javax.security.auth.login.Configuration$2.run(Configuration.java:258)
	at java.base/javax.security.auth.login.Configuration$2.run(Configuration.java:249)
	at java.base/java.security.AccessController.doPrivileged(AccessController.java:569)
	at java.base/javax.security.auth.login.Configuration.getConfiguration(Configuration.java:248)
	at org.apache.kafka.common.security.JaasUtils.isZkSaslEnabled(JaasUtils.java:65)
	... 5 more
Caused by: java.io.IOException: //config/kafka-server-jaas.conf (No such file or directory)
	at java.base/sun.security.provider.ConfigFile$Spi.ioException(ConfigFile.java:669)
	at java.base/sun.security.provider.ConfigFile$Spi.init(ConfigFile.java:265)
	at java.base/sun.security.provider.ConfigFile$Spi.<init>(ConfigFile.java:137)
	... 18 more
[2024-11-20 23:40:53,575] INFO Registered kafka:type=kafka.Log4jController MBean (kafka.utils.Log4jControllerRegistration$)
[2024-11-20 23:40:53,929] INFO Setting -D jdk.tls.rejectClientInitiatedRenegotiation=true to disable client-initiated TLS renegotiation (org.apache.zookeeper.common.X509Util)
[2024-11-20 23:40:54,070] INFO Registered kafka:type=kafka.Log4jController MBean (kafka.utils.Log4jControllerRegistration$)
[2024-11-20 23:40:54,109] ERROR Exiting Kafka due to fatal exception (kafka.Kafka$)
org.apache.kafka.common.KafkaException: Exception while loading Zookeeper JAAS login context [java.security.auth.login.config=//config/kafka-server-jaas.conf, zookeeper.sasl.client=default:true, zookeeper.sasl.clientconfig=default:Client]
	at org.apache.kafka.common.security.JaasUtils.isZkSaslEnabled(JaasUtils.java:69)
	at kafka.server.KafkaServer$.zkClientConfigFromKafkaConfig(KafkaServer.scala:101)
	at kafka.server.KafkaServer.<init>(KafkaServer.scala:175)
	at kafka.Kafka$.buildServer(Kafka.scala:77)
	at kafka.Kafka$.main(Kafka.scala:90)
	at kafka.Kafka.main(Kafka.scala)
Caused by: java.lang.SecurityException: java.io.IOException: //config/kafka-server-jaas.conf (No such file or directory)
	at java.base/sun.security.provider.ConfigFile$Spi.<init>(ConfigFile.java:139)
	at java.base/sun.security.provider.ConfigFile.<init>(ConfigFile.java:104)
	at java.base/jdk.internal.reflect.NativeConstructorAccessorImpl.newInstance0(Native Method)
	at java.base/jdk.internal.reflect.NativeConstructorAccessorImpl.newInstance(NativeConstructorAccessorImpl.java:77)
	at java.base/jdk.internal.reflect.DelegatingConstructorAccessorImpl.newInstance(DelegatingConstructorAccessorImpl.java:45)
	at java.base/java.lang.reflect.Constructor.newInstanceWithCaller(Constructor.java:500)
	at java.base/java.lang.reflect.ReflectAccess.newInstance(ReflectAccess.java:128)
	at java.base/jdk.internal.reflect.ReflectionFactory.newInstance(ReflectionFactory.java:347)
	at java.base/java.lang.Class.newInstance(Class.java:645)
	at java.base/javax.security.auth.login.Configuration$2.run(Configuration.java:258)
	at java.base/javax.security.auth.login.Configuration$2.run(Configuration.java:249)
	at java.base/java.security.AccessController.doPrivileged(AccessController.java:569)
	at java.base/javax.security.auth.login.Configuration.getConfiguration(Configuration.java:248)
	at org.apache.kafka.common.security.JaasUtils.isZkSaslEnabled(JaasUtils.java:65)
	... 5 more
Caused by: java.io.IOException: //config/kafka-server-jaas.conf (No such file or directory)
	at java.base/sun.security.provider.ConfigFile$Spi.ioException(ConfigFile.java:669)
	at java.base/sun.security.provider.ConfigFile$Spi.init(ConfigFile.java:265)
	at java.base/sun.security.provider.ConfigFile$Spi.<init>(ConfigFile.java:137)
	... 18 more
[2024-11-20 23:40:54,385] INFO Setting -D jdk.tls.rejectClientInitiatedRenegotiation=true to disable client-initiated TLS renegotiation (org.apache.zookeeper.common.X509Util)
[2024-11-20 23:40:54,553] ERROR Exiting Kafka due to fatal exception (kafka.Kafka$)
org.apache.kafka.common.KafkaException: Exception while loading Zookeeper JAAS login context [java.security.auth.login.config=//config/kafka-server-jaas.conf, zookeeper.sasl.client=default:true, zookeeper.sasl.clientconfig=default:Client]
	at org.apache.kafka.common.security.JaasUtils.isZkSaslEnabled(JaasUtils.java:69)
	at kafka.server.KafkaServer$.zkClientConfigFromKafkaConfig(KafkaServer.scala:101)
	at kafka.server.KafkaServer.<init>(KafkaServer.scala:175)
	at kafka.Kafka$.buildServer(Kafka.scala:77)
	at kafka.Kafka$.main(Kafka.scala:90)
	at kafka.Kafka.main(Kafka.scala)
Caused by: java.lang.SecurityException: java.io.IOException: //config/kafka-server-jaas.conf (No such file or directory)
	at java.base/sun.security.provider.ConfigFile$Spi.<init>(ConfigFile.java:139)
	at java.base/sun.security.provider.ConfigFile.<init>(ConfigFile.java:104)
	at java.base/jdk.internal.reflect.NativeConstructorAccessorImpl.newInstance0(Native Method)
	at java.base/jdk.internal.reflect.NativeConstructorAccessorImpl.newInstance(NativeConstructorAccessorImpl.java:77)
	at java.base/jdk.internal.reflect.DelegatingConstructorAccessorImpl.newInstance(DelegatingConstructorAccessorImpl.java:45)
	at java.base/java.lang.reflect.Constructor.newInstanceWithCaller(Constructor.java:500)
	at java.base/java.lang.reflect.ReflectAccess.newInstance(ReflectAccess.java:128)
	at java.base/jdk.internal.reflect.ReflectionFactory.newInstance(ReflectionFactory.java:347)
	at java.base/java.lang.Class.newInstance(Class.java:645)
	at java.base/javax.security.auth.login.Configuration$2.run(Configuration.java:258)
	at java.base/javax.security.auth.login.Configuration$2.run(Configuration.java:249)
	at java.base/java.security.AccessController.doPrivileged(AccessController.java:569)
	at java.base/javax.security.auth.login.Configuration.getConfiguration(Configuration.java:248)
	at org.apache.kafka.common.security.JaasUtils.isZkSaslEnabled(JaasUtils.java:65)
	... 5 more
Caused by: java.io.IOException: //config/kafka-server-jaas.conf (No such file or directory)
	at java.base/sun.security.provider.ConfigFile$Spi.ioException(ConfigFile.java:669)
	at java.base/sun.security.provider.ConfigFile$Spi.init(ConfigFile.java:265)
	at java.base/sun.security.provider.ConfigFile$Spi.<init>(ConfigFile.java:137)
	... 18 more
[2024-11-20 23:40:55,023] INFO Registered kafka:type=kafka.Log4jController MBean (kafka.utils.Log4jControllerRegistration$)
[2024-11-20 23:40:55,352] INFO Setting -D jdk.tls.rejectClientInitiatedRenegotiation=true to disable client-initiated TLS renegotiation (org.apache.zookeeper.common.X509Util)
[2024-11-20 23:40:55,552] ERROR Exiting Kafka due to fatal exception (kafka.Kafka$)
org.apache.kafka.common.KafkaException: Exception while loading Zookeeper JAAS login context [java.security.auth.login.config=//config/kafka-server-jaas.conf, zookeeper.sasl.client=default:true, zookeeper.sasl.clientconfig=default:Client]
	at org.apache.kafka.common.security.JaasUtils.isZkSaslEnabled(JaasUtils.java:69)
	at kafka.server.KafkaServer$.zkClientConfigFromKafkaConfig(KafkaServer.scala:101)
	at kafka.server.KafkaServer.<init>(KafkaServer.scala:175)
	at kafka.Kafka$.buildServer(Kafka.scala:77)
	at kafka.Kafka$.main(Kafka.scala:90)
	at kafka.Kafka.main(Kafka.scala)
Caused by: java.lang.SecurityException: java.io.IOException: //config/kafka-server-jaas.conf (No such file or directory)
	at java.base/sun.security.provider.ConfigFile$Spi.<init>(ConfigFile.java:139)
	at java.base/sun.security.provider.ConfigFile.<init>(ConfigFile.java:104)
	at java.base/jdk.internal.reflect.NativeConstructorAccessorImpl.newInstance0(Native Method)
	at java.base/jdk.internal.reflect.NativeConstructorAccessorImpl.newInstance(NativeConstructorAccessorImpl.java:77)
	at java.base/jdk.internal.reflect.DelegatingConstructorAccessorImpl.newInstance(DelegatingConstructorAccessorImpl.java:45)
	at java.base/java.lang.reflect.Constructor.newInstanceWithCaller(Constructor.java:500)
	at java.base/java.lang.reflect.ReflectAccess.newInstance(ReflectAccess.java:128)
	at java.base/jdk.internal.reflect.ReflectionFactory.newInstance(ReflectionFactory.java:347)
	at java.base/java.lang.Class.newInstance(Class.java:645)
	at java.base/javax.security.auth.login.Configuration$2.run(Configuration.java:258)
	at java.base/javax.security.auth.login.Configuration$2.run(Configuration.java:249)
	at java.base/java.security.AccessController.doPrivileged(AccessController.java:569)
	at java.base/javax.security.auth.login.Configuration.getConfiguration(Configuration.java:248)
	at org.apache.kafka.common.security.JaasUtils.isZkSaslEnabled(JaasUtils.java:65)
	... 5 more
Caused by: java.io.IOException: //config/kafka-server-jaas.conf (No such file or directory)
	at java.base/sun.security.provider.ConfigFile$Spi.ioException(ConfigFile.java:669)
	at java.base/sun.security.provider.ConfigFile$Spi.init(ConfigFile.java:265)
	at java.base/sun.security.provider.ConfigFile$Spi.<init>(ConfigFile.java:137)
	... 18 more
[2024-11-20 23:40:55,752] INFO Registered kafka:type=kafka.Log4jController MBean (kafka.utils.Log4jControllerRegistration$)
[2024-11-20 23:40:56,099] INFO Setting -D jdk.tls.rejectClientInitiatedRenegotiation=true to disable client-initiated TLS renegotiation (org.apache.zookeeper.common.X509Util)
[2024-11-20 23:40:56,295] ERROR Exiting Kafka due to fatal exception (kafka.Kafka$)
org.apache.kafka.common.KafkaException: Exception while loading Zookeeper JAAS login context [java.security.auth.login.config=//config/kafka-server-jaas.conf, zookeeper.sasl.client=default:true, zookeeper.sasl.clientconfig=default:Client]
	at org.apache.kafka.common.security.JaasUtils.isZkSaslEnabled(JaasUtils.java:69)
	at kafka.server.KafkaServer$.zkClientConfigFromKafkaConfig(KafkaServer.scala:101)
	at kafka.server.KafkaServer.<init>(KafkaServer.scala:175)
	at kafka.Kafka$.buildServer(Kafka.scala:77)
	at kafka.Kafka$.main(Kafka.scala:90)
	at kafka.Kafka.main(Kafka.scala)
Caused by: java.lang.SecurityException: java.io.IOException: //config/kafka-server-jaas.conf (No such file or directory)
	at java.base/sun.security.provider.ConfigFile$Spi.<init>(ConfigFile.java:139)
	at java.base/sun.security.provider.ConfigFile.<init>(ConfigFile.java:104)
	at java.base/jdk.internal.reflect.NativeConstructorAccessorImpl.newInstance0(Native Method)
	at java.base/jdk.internal.reflect.NativeConstructorAccessorImpl.newInstance(NativeConstructorAccessorImpl.java:77)
	at java.base/jdk.internal.reflect.DelegatingConstructorAccessorImpl.newInstance(DelegatingConstructorAccessorImpl.java:45)
	at java.base/java.lang.reflect.Constructor.newInstanceWithCaller(Constructor.java:500)
	at java.base/java.lang.reflect.ReflectAccess.newInstance(ReflectAccess.java:128)
	at java.base/jdk.internal.reflect.ReflectionFactory.newInstance(ReflectionFactory.java:347)
	at java.base/java.lang.Class.newInstance(Class.java:645)
	at java.base/javax.security.auth.login.Configuration$2.run(Configuration.java:258)
	at java.base/javax.security.auth.login.Configuration$2.run(Configuration.java:249)
	at java.base/java.security.AccessController.doPrivileged(AccessController.java:569)
	at java.base/javax.security.auth.login.Configuration.getConfiguration(Configuration.java:248)
	at org.apache.kafka.common.security.JaasUtils.isZkSaslEnabled(JaasUtils.java:65)
	... 5 more
Caused by: java.io.IOException: //config/kafka-server-jaas.conf (No such file or directory)
	at java.base/sun.security.provider.ConfigFile$Spi.ioException(ConfigFile.java:669)
	at java.base/sun.security.provider.ConfigFile$Spi.init(ConfigFile.java:265)
	at java.base/sun.security.provider.ConfigFile$Spi.<init>(ConfigFile.java:137)
	... 18 more
[2024-11-20 23:40:56,352] INFO Registered kafka:type=kafka.Log4jController MBean (kafka.utils.Log4jControllerRegistration$)
[2024-11-20 23:40:56,682] INFO Setting -D jdk.tls.rejectClientInitiatedRenegotiation=true to disable client-initiated TLS renegotiation (org.apache.zookeeper.common.X509Util)
[2024-11-20 23:40:56,848] ERROR Exiting Kafka due to fatal exception (kafka.Kafka$)
org.apache.kafka.common.KafkaException: Exception while loading Zookeeper JAAS login context [java.security.auth.login.config=//config/kafka-server-jaas.conf, zookeeper.sasl.client=default:true, zookeeper.sasl.clientconfig=default:Client]
	at org.apache.kafka.common.security.JaasUtils.isZkSaslEnabled(JaasUtils.java:69)
	at kafka.server.KafkaServer$.zkClientConfigFromKafkaConfig(KafkaServer.scala:101)
	at kafka.server.KafkaServer.<init>(KafkaServer.scala:175)
	at kafka.Kafka$.buildServer(Kafka.scala:77)
	at kafka.Kafka$.main(Kafka.scala:90)
	at kafka.Kafka.main(Kafka.scala)
Caused by: java.lang.SecurityException: java.io.IOException: //config/kafka-server-jaas.conf (No such file or directory)
	at java.base/sun.security.provider.ConfigFile$Spi.<init>(ConfigFile.java:139)
	at java.base/sun.security.provider.ConfigFile.<init>(ConfigFile.java:104)
	at java.base/jdk.internal.reflect.NativeConstructorAccessorImpl.newInstance0(Native Method)
	at java.base/jdk.internal.reflect.NativeConstructorAccessorImpl.newInstance(NativeConstructorAccessorImpl.java:77)
	at java.base/jdk.internal.reflect.DelegatingConstructorAccessorImpl.newInstance(DelegatingConstructorAccessorImpl.java:45)
	at java.base/java.lang.reflect.Constructor.newInstanceWithCaller(Constructor.java:500)
	at java.base/java.lang.reflect.ReflectAccess.newInstance(ReflectAccess.java:128)
	at java.base/jdk.internal.reflect.ReflectionFactory.newInstance(ReflectionFactory.java:347)
	at java.base/java.lang.Class.newInstance(Class.java:645)
	at java.base/javax.security.auth.login.Configuration$2.run(Configuration.java:258)
	at java.base/javax.security.auth.login.Configuration$2.run(Configuration.java:249)
	at java.base/java.security.AccessController.doPrivileged(AccessController.java:569)
	at java.base/javax.security.auth.login.Configuration.getConfiguration(Configuration.java:248)
	at org.apache.kafka.common.security.JaasUtils.isZkSaslEnabled(JaasUtils.java:65)
	... 5 more
Caused by: java.io.IOException: //config/kafka-server-jaas.conf (No such file or directory)
	at java.base/sun.security.provider.ConfigFile$Spi.ioException(ConfigFile.java:669)
	at java.base/sun.security.provider.ConfigFile$Spi.init(ConfigFile.java:265)
	at java.base/sun.security.provider.ConfigFile$Spi.<init>(ConfigFile.java:137)
	... 18 more
[2024-11-20 23:40:57,317] INFO Registered kafka:type=kafka.Log4jController MBean (kafka.utils.Log4jControllerRegistration$)
[2024-11-20 23:40:57,733] INFO Setting -D jdk.tls.rejectClientInitiatedRenegotiation=true to disable client-initiated TLS renegotiation (org.apache.zookeeper.common.X509Util)
[2024-11-20 23:40:57,921] ERROR Exiting Kafka due to fatal exception (kafka.Kafka$)
org.apache.kafka.common.KafkaException: Exception while loading Zookeeper JAAS login context [java.security.auth.login.config=//config/kafka-server-jaas.conf, zookeeper.sasl.client=default:true, zookeeper.sasl.clientconfig=default:Client]
	at org.apache.kafka.common.security.JaasUtils.isZkSaslEnabled(JaasUtils.java:69)
	at kafka.server.KafkaServer$.zkClientConfigFromKafkaConfig(KafkaServer.scala:101)
	at kafka.server.KafkaServer.<init>(KafkaServer.scala:175)
	at kafka.Kafka$.buildServer(Kafka.scala:77)
	at kafka.Kafka$.main(Kafka.scala:90)
	at kafka.Kafka.main(Kafka.scala)
Caused by: java.lang.SecurityException: java.io.IOException: //config/kafka-server-jaas.conf (No such file or directory)
	at java.base/sun.security.provider.ConfigFile$Spi.<init>(ConfigFile.java:139)
	at java.base/sun.security.provider.ConfigFile.<init>(ConfigFile.java:104)
	at java.base/jdk.internal.reflect.NativeConstructorAccessorImpl.newInstance0(Native Method)
	at java.base/jdk.internal.reflect.NativeConstructorAccessorImpl.newInstance(NativeConstructorAccessorImpl.java:77)
	at java.base/jdk.internal.reflect.DelegatingConstructorAccessorImpl.newInstance(DelegatingConstructorAccessorImpl.java:45)
	at java.base/java.lang.reflect.Constructor.newInstanceWithCaller(Constructor.java:500)
	at java.base/java.lang.reflect.ReflectAccess.newInstance(ReflectAccess.java:128)
	at java.base/jdk.internal.reflect.ReflectionFactory.newInstance(ReflectionFactory.java:347)
	at java.base/java.lang.Class.newInstance(Class.java:645)
	at java.base/javax.security.auth.login.Configuration$2.run(Configuration.java:258)
	at java.base/javax.security.auth.login.Configuration$2.run(Configuration.java:249)
	at java.base/java.security.AccessController.doPrivileged(AccessController.java:569)
	at java.base/javax.security.auth.login.Configuration.getConfiguration(Configuration.java:248)
	at org.apache.kafka.common.security.JaasUtils.isZkSaslEnabled(JaasUtils.java:65)
	... 5 more
Caused by: java.io.IOException: //config/kafka-server-jaas.conf (No such file or directory)
	at java.base/sun.security.provider.ConfigFile$Spi.ioException(ConfigFile.java:669)
	at java.base/sun.security.provider.ConfigFile$Spi.init(ConfigFile.java:265)
	at java.base/sun.security.provider.ConfigFile$Spi.<init>(ConfigFile.java:137)
	... 18 more
[2024-11-20 23:40:58,114] INFO Registered kafka:type=kafka.Log4jController MBean (kafka.utils.Log4jControllerRegistration$)
[2024-11-20 23:40:58,496] INFO Setting -D jdk.tls.rejectClientInitiatedRenegotiation=true to disable client-initiated TLS renegotiation (org.apache.zookeeper.common.X509Util)
[2024-11-20 23:40:58,553] INFO Registered kafka:type=kafka.Log4jController MBean (kafka.utils.Log4jControllerRegistration$)
[2024-11-20 23:40:58,658] ERROR Exiting Kafka due to fatal exception (kafka.Kafka$)
org.apache.kafka.common.KafkaException: Exception while loading Zookeeper JAAS login context [java.security.auth.login.config=//config/kafka-server-jaas.conf, zookeeper.sasl.client=default:true, zookeeper.sasl.clientconfig=default:Client]
	at org.apache.kafka.common.security.JaasUtils.isZkSaslEnabled(JaasUtils.java:69)
	at kafka.server.KafkaServer$.zkClientConfigFromKafkaConfig(KafkaServer.scala:101)
	at kafka.server.KafkaServer.<init>(KafkaServer.scala:175)
	at kafka.Kafka$.buildServer(Kafka.scala:77)
	at kafka.Kafka$.main(Kafka.scala:90)
	at kafka.Kafka.main(Kafka.scala)
Caused by: java.lang.SecurityException: java.io.IOException: //config/kafka-server-jaas.conf (No such file or directory)
	at java.base/sun.security.provider.ConfigFile$Spi.<init>(ConfigFile.java:139)
	at java.base/sun.security.provider.ConfigFile.<init>(ConfigFile.java:104)
	at java.base/jdk.internal.reflect.NativeConstructorAccessorImpl.newInstance0(Native Method)
	at java.base/jdk.internal.reflect.NativeConstructorAccessorImpl.newInstance(NativeConstructorAccessorImpl.java:77)
	at java.base/jdk.internal.reflect.DelegatingConstructorAccessorImpl.newInstance(DelegatingConstructorAccessorImpl.java:45)
	at java.base/java.lang.reflect.Constructor.newInstanceWithCaller(Constructor.java:500)
	at java.base/java.lang.reflect.ReflectAccess.newInstance(ReflectAccess.java:128)
	at java.base/jdk.internal.reflect.ReflectionFactory.newInstance(ReflectionFactory.java:347)
	at java.base/java.lang.Class.newInstance(Class.java:645)
	at java.base/javax.security.auth.login.Configuration$2.run(Configuration.java:258)
	at java.base/javax.security.auth.login.Configuration$2.run(Configuration.java:249)
	at java.base/java.security.AccessController.doPrivileged(AccessController.java:569)
	at java.base/javax.security.auth.login.Configuration.getConfiguration(Configuration.java:248)
	at org.apache.kafka.common.security.JaasUtils.isZkSaslEnabled(JaasUtils.java:65)
	... 5 more
Caused by: java.io.IOException: //config/kafka-server-jaas.conf (No such file or directory)
	at java.base/sun.security.provider.ConfigFile$Spi.ioException(ConfigFile.java:669)
	at java.base/sun.security.provider.ConfigFile$Spi.init(ConfigFile.java:265)
	at java.base/sun.security.provider.ConfigFile$Spi.<init>(ConfigFile.java:137)
	... 18 more
[2024-11-20 23:40:58,865] INFO Setting -D jdk.tls.rejectClientInitiatedRenegotiation=true to disable client-initiated TLS renegotiation (org.apache.zookeeper.common.X509Util)
[2024-11-20 23:40:59,001] ERROR Exiting Kafka due to fatal exception (kafka.Kafka$)
org.apache.kafka.common.KafkaException: Exception while loading Zookeeper JAAS login context [java.security.auth.login.config=//config/kafka-server-jaas.conf, zookeeper.sasl.client=default:true, zookeeper.sasl.clientconfig=default:Client]
	at org.apache.kafka.common.security.JaasUtils.isZkSaslEnabled(JaasUtils.java:69)
	at kafka.server.KafkaServer$.zkClientConfigFromKafkaConfig(KafkaServer.scala:101)
	at kafka.server.KafkaServer.<init>(KafkaServer.scala:175)
	at kafka.Kafka$.buildServer(Kafka.scala:77)
	at kafka.Kafka$.main(Kafka.scala:90)
	at kafka.Kafka.main(Kafka.scala)
Caused by: java.lang.SecurityException: java.io.IOException: //config/kafka-server-jaas.conf (No such file or directory)
	at java.base/sun.security.provider.ConfigFile$Spi.<init>(ConfigFile.java:139)
	at java.base/sun.security.provider.ConfigFile.<init>(ConfigFile.java:104)
	at java.base/jdk.internal.reflect.NativeConstructorAccessorImpl.newInstance0(Native Method)
	at java.base/jdk.internal.reflect.NativeConstructorAccessorImpl.newInstance(NativeConstructorAccessorImpl.java:77)
	at java.base/jdk.internal.reflect.DelegatingConstructorAccessorImpl.newInstance(DelegatingConstructorAccessorImpl.java:45)
	at java.base/java.lang.reflect.Constructor.newInstanceWithCaller(Constructor.java:500)
	at java.base/java.lang.reflect.ReflectAccess.newInstance(ReflectAccess.java:128)
	at java.base/jdk.internal.reflect.ReflectionFactory.newInstance(ReflectionFactory.java:347)
	at java.base/java.lang.Class.newInstance(Class.java:645)
	at java.base/javax.security.auth.login.Configuration$2.run(Configuration.java:258)
	at java.base/javax.security.auth.login.Configuration$2.run(Configuration.java:249)
	at java.base/java.security.AccessController.doPrivileged(AccessController.java:569)
	at java.base/javax.security.auth.login.Configuration.getConfiguration(Configuration.java:248)
	at org.apache.kafka.common.security.JaasUtils.isZkSaslEnabled(JaasUtils.java:65)
	... 5 more
Caused by: java.io.IOException: //config/kafka-server-jaas.conf (No such file or directory)
	at java.base/sun.security.provider.ConfigFile$Spi.ioException(ConfigFile.java:669)
	at java.base/sun.security.provider.ConfigFile$Spi.init(ConfigFile.java:265)
	at java.base/sun.security.provider.ConfigFile$Spi.<init>(ConfigFile.java:137)
	... 18 more
[2024-11-20 23:40:59,687] INFO Registered kafka:type=kafka.Log4jController MBean (kafka.utils.Log4jControllerRegistration$)
[2024-11-20 23:40:59,990] INFO Setting -D jdk.tls.rejectClientInitiatedRenegotiation=true to disable client-initiated TLS renegotiation (org.apache.zookeeper.common.X509Util)
[2024-11-20 23:41:00,167] ERROR Exiting Kafka due to fatal exception (kafka.Kafka$)
org.apache.kafka.common.KafkaException: Exception while loading Zookeeper JAAS login context [java.security.auth.login.config=//config/kafka-server-jaas.conf, zookeeper.sasl.client=default:true, zookeeper.sasl.clientconfig=default:Client]
	at org.apache.kafka.common.security.JaasUtils.isZkSaslEnabled(JaasUtils.java:69)
	at kafka.server.KafkaServer$.zkClientConfigFromKafkaConfig(KafkaServer.scala:101)
	at kafka.server.KafkaServer.<init>(KafkaServer.scala:175)
	at kafka.Kafka$.buildServer(Kafka.scala:77)
	at kafka.Kafka$.main(Kafka.scala:90)
	at kafka.Kafka.main(Kafka.scala)
Caused by: java.lang.SecurityException: java.io.IOException: //config/kafka-server-jaas.conf (No such file or directory)
	at java.base/sun.security.provider.ConfigFile$Spi.<init>(ConfigFile.java:139)
	at java.base/sun.security.provider.ConfigFile.<init>(ConfigFile.java:104)
	at java.base/jdk.internal.reflect.NativeConstructorAccessorImpl.newInstance0(Native Method)
	at java.base/jdk.internal.reflect.NativeConstructorAccessorImpl.newInstance(NativeConstructorAccessorImpl.java:77)
	at java.base/jdk.internal.reflect.DelegatingConstructorAccessorImpl.newInstance(DelegatingConstructorAccessorImpl.java:45)
	at java.base/java.lang.reflect.Constructor.newInstanceWithCaller(Constructor.java:500)
	at java.base/java.lang.reflect.ReflectAccess.newInstance(ReflectAccess.java:128)
	at java.base/jdk.internal.reflect.ReflectionFactory.newInstance(ReflectionFactory.java:347)
	at java.base/java.lang.Class.newInstance(Class.java:645)
	at java.base/javax.security.auth.login.Configuration$2.run(Configuration.java:258)
	at java.base/javax.security.auth.login.Configuration$2.run(Configuration.java:249)
	at java.base/java.security.AccessController.doPrivileged(AccessController.java:569)
	at java.base/javax.security.auth.login.Configuration.getConfiguration(Configuration.java:248)
	at org.apache.kafka.common.security.JaasUtils.isZkSaslEnabled(JaasUtils.java:65)
	... 5 more
Caused by: java.io.IOException: //config/kafka-server-jaas.conf (No such file or directory)
	at java.base/sun.security.provider.ConfigFile$Spi.ioException(ConfigFile.java:669)
	at java.base/sun.security.provider.ConfigFile$Spi.init(ConfigFile.java:265)
	at java.base/sun.security.provider.ConfigFile$Spi.<init>(ConfigFile.java:137)
	... 18 more
[2024-11-20 23:41:00,453] INFO Registered kafka:type=kafka.Log4jController MBean (kafka.utils.Log4jControllerRegistration$)
[2024-11-20 23:41:00,728] INFO Registered kafka:type=kafka.Log4jController MBean (kafka.utils.Log4jControllerRegistration$)
[2024-11-20 23:41:00,829] INFO Setting -D jdk.tls.rejectClientInitiatedRenegotiation=true to disable client-initiated TLS renegotiation (org.apache.zookeeper.common.X509Util)
[2024-11-20 23:41:01,008] ERROR Exiting Kafka due to fatal exception (kafka.Kafka$)
org.apache.kafka.common.KafkaException: Exception while loading Zookeeper JAAS login context [java.security.auth.login.config=//config/kafka-server-jaas.conf, zookeeper.sasl.client=default:true, zookeeper.sasl.clientconfig=default:Client]
	at org.apache.kafka.common.security.JaasUtils.isZkSaslEnabled(JaasUtils.java:69)
	at kafka.server.KafkaServer$.zkClientConfigFromKafkaConfig(KafkaServer.scala:101)
	at kafka.server.KafkaServer.<init>(KafkaServer.scala:175)
	at kafka.Kafka$.buildServer(Kafka.scala:77)
	at kafka.Kafka$.main(Kafka.scala:90)
	at kafka.Kafka.main(Kafka.scala)
Caused by: java.lang.SecurityException: java.io.IOException: //config/kafka-server-jaas.conf (No such file or directory)
	at java.base/sun.security.provider.ConfigFile$Spi.<init>(ConfigFile.java:139)
	at java.base/sun.security.provider.ConfigFile.<init>(ConfigFile.java:104)
	at java.base/jdk.internal.reflect.NativeConstructorAccessorImpl.newInstance0(Native Method)
	at java.base/jdk.internal.reflect.NativeConstructorAccessorImpl.newInstance(NativeConstructorAccessorImpl.java:77)
	at java.base/jdk.internal.reflect.DelegatingConstructorAccessorImpl.newInstance(DelegatingConstructorAccessorImpl.java:45)
	at java.base/java.lang.reflect.Constructor.newInstanceWithCaller(Constructor.java:500)
	at java.base/java.lang.reflect.ReflectAccess.newInstance(ReflectAccess.java:128)
	at java.base/jdk.internal.reflect.ReflectionFactory.newInstance(ReflectionFactory.java:347)
	at java.base/java.lang.Class.newInstance(Class.java:645)
	at java.base/javax.security.auth.login.Configuration$2.run(Configuration.java:258)
	at java.base/javax.security.auth.login.Configuration$2.run(Configuration.java:249)
	at java.base/java.security.AccessController.doPrivileged(AccessController.java:569)
	at java.base/javax.security.auth.login.Configuration.getConfiguration(Configuration.java:248)
	at org.apache.kafka.common.security.JaasUtils.isZkSaslEnabled(JaasUtils.java:65)
	... 5 more
Caused by: java.io.IOException: //config/kafka-server-jaas.conf (No such file or directory)
	at java.base/sun.security.provider.ConfigFile$Spi.ioException(ConfigFile.java:669)
	at java.base/sun.security.provider.ConfigFile$Spi.init(ConfigFile.java:265)
	at java.base/sun.security.provider.ConfigFile$Spi.<init>(ConfigFile.java:137)
	... 18 more
[2024-11-20 23:41:01,107] INFO Setting -D jdk.tls.rejectClientInitiatedRenegotiation=true to disable client-initiated TLS renegotiation (org.apache.zookeeper.common.X509Util)
[2024-11-20 23:41:01,261] ERROR Exiting Kafka due to fatal exception (kafka.Kafka$)
org.apache.kafka.common.KafkaException: Exception while loading Zookeeper JAAS login context [java.security.auth.login.config=//config/kafka-server-jaas.conf, zookeeper.sasl.client=default:true, zookeeper.sasl.clientconfig=default:Client]
	at org.apache.kafka.common.security.JaasUtils.isZkSaslEnabled(JaasUtils.java:69)
	at kafka.server.KafkaServer$.zkClientConfigFromKafkaConfig(KafkaServer.scala:101)
	at kafka.server.KafkaServer.<init>(KafkaServer.scala:175)
	at kafka.Kafka$.buildServer(Kafka.scala:77)
	at kafka.Kafka$.main(Kafka.scala:90)
	at kafka.Kafka.main(Kafka.scala)
Caused by: java.lang.SecurityException: java.io.IOException: //config/kafka-server-jaas.conf (No such file or directory)
	at java.base/sun.security.provider.ConfigFile$Spi.<init>(ConfigFile.java:139)
	at java.base/sun.security.provider.ConfigFile.<init>(ConfigFile.java:104)
	at java.base/jdk.internal.reflect.NativeConstructorAccessorImpl.newInstance0(Native Method)
	at java.base/jdk.internal.reflect.NativeConstructorAccessorImpl.newInstance(NativeConstructorAccessorImpl.java:77)
	at java.base/jdk.internal.reflect.DelegatingConstructorAccessorImpl.newInstance(DelegatingConstructorAccessorImpl.java:45)
	at java.base/java.lang.reflect.Constructor.newInstanceWithCaller(Constructor.java:500)
	at java.base/java.lang.reflect.ReflectAccess.newInstance(ReflectAccess.java:128)
	at java.base/jdk.internal.reflect.ReflectionFactory.newInstance(ReflectionFactory.java:347)
	at java.base/java.lang.Class.newInstance(Class.java:645)
	at java.base/javax.security.auth.login.Configuration$2.run(Configuration.java:258)
	at java.base/javax.security.auth.login.Configuration$2.run(Configuration.java:249)
	at java.base/java.security.AccessController.doPrivileged(AccessController.java:569)
	at java.base/javax.security.auth.login.Configuration.getConfiguration(Configuration.java:248)
	at org.apache.kafka.common.security.JaasUtils.isZkSaslEnabled(JaasUtils.java:65)
	... 5 more
Caused by: java.io.IOException: //config/kafka-server-jaas.conf (No such file or directory)
	at java.base/sun.security.provider.ConfigFile$Spi.ioException(ConfigFile.java:669)
	at java.base/sun.security.provider.ConfigFile$Spi.init(ConfigFile.java:265)
	at java.base/sun.security.provider.ConfigFile$Spi.<init>(ConfigFile.java:137)
	... 18 more
[2024-11-20 23:41:02,025] INFO Registered kafka:type=kafka.Log4jController MBean (kafka.utils.Log4jControllerRegistration$)
[2024-11-20 23:41:02,406] INFO Setting -D jdk.tls.rejectClientInitiatedRenegotiation=true to disable client-initiated TLS renegotiation (org.apache.zookeeper.common.X509Util)
[2024-11-20 23:41:02,592] ERROR Exiting Kafka due to fatal exception (kafka.Kafka$)
org.apache.kafka.common.KafkaException: Exception while loading Zookeeper JAAS login context [java.security.auth.login.config=//config/kafka-server-jaas.conf, zookeeper.sasl.client=default:true, zookeeper.sasl.clientconfig=default:Client]
	at org.apache.kafka.common.security.JaasUtils.isZkSaslEnabled(JaasUtils.java:69)
	at kafka.server.KafkaServer$.zkClientConfigFromKafkaConfig(KafkaServer.scala:101)
	at kafka.server.KafkaServer.<init>(KafkaServer.scala:175)
	at kafka.Kafka$.buildServer(Kafka.scala:77)
	at kafka.Kafka$.main(Kafka.scala:90)
	at kafka.Kafka.main(Kafka.scala)
Caused by: java.lang.SecurityException: java.io.IOException: //config/kafka-server-jaas.conf (No such file or directory)
	at java.base/sun.security.provider.ConfigFile$Spi.<init>(ConfigFile.java:139)
	at java.base/sun.security.provider.ConfigFile.<init>(ConfigFile.java:104)
	at java.base/jdk.internal.reflect.NativeConstructorAccessorImpl.newInstance0(Native Method)
	at java.base/jdk.internal.reflect.NativeConstructorAccessorImpl.newInstance(NativeConstructorAccessorImpl.java:77)
	at java.base/jdk.internal.reflect.DelegatingConstructorAccessorImpl.newInstance(DelegatingConstructorAccessorImpl.java:45)
	at java.base/java.lang.reflect.Constructor.newInstanceWithCaller(Constructor.java:500)
	at java.base/java.lang.reflect.ReflectAccess.newInstance(ReflectAccess.java:128)
	at java.base/jdk.internal.reflect.ReflectionFactory.newInstance(ReflectionFactory.java:347)
	at java.base/java.lang.Class.newInstance(Class.java:645)
	at java.base/javax.security.auth.login.Configuration$2.run(Configuration.java:258)
	at java.base/javax.security.auth.login.Configuration$2.run(Configuration.java:249)
	at java.base/java.security.AccessController.doPrivileged(AccessController.java:569)
	at java.base/javax.security.auth.login.Configuration.getConfiguration(Configuration.java:248)
	at org.apache.kafka.common.security.JaasUtils.isZkSaslEnabled(JaasUtils.java:65)
	... 5 more
Caused by: java.io.IOException: //config/kafka-server-jaas.conf (No such file or directory)
	at java.base/sun.security.provider.ConfigFile$Spi.ioException(ConfigFile.java:669)
	at java.base/sun.security.provider.ConfigFile$Spi.init(ConfigFile.java:265)
	at java.base/sun.security.provider.ConfigFile$Spi.<init>(ConfigFile.java:137)
	... 18 more
[2024-11-20 23:41:02,795] INFO Registered kafka:type=kafka.Log4jController MBean (kafka.utils.Log4jControllerRegistration$)
[2024-11-20 23:41:03,036] INFO Registered kafka:type=kafka.Log4jController MBean (kafka.utils.Log4jControllerRegistration$)
[2024-11-20 23:41:03,135] INFO Setting -D jdk.tls.rejectClientInitiatedRenegotiation=true to disable client-initiated TLS renegotiation (org.apache.zookeeper.common.X509Util)
[2024-11-20 23:41:03,312] ERROR Exiting Kafka due to fatal exception (kafka.Kafka$)
org.apache.kafka.common.KafkaException: Exception while loading Zookeeper JAAS login context [java.security.auth.login.config=//config/kafka-server-jaas.conf, zookeeper.sasl.client=default:true, zookeeper.sasl.clientconfig=default:Client]
	at org.apache.kafka.common.security.JaasUtils.isZkSaslEnabled(JaasUtils.java:69)
	at kafka.server.KafkaServer$.zkClientConfigFromKafkaConfig(KafkaServer.scala:101)
	at kafka.server.KafkaServer.<init>(KafkaServer.scala:175)
	at kafka.Kafka$.buildServer(Kafka.scala:77)
	at kafka.Kafka$.main(Kafka.scala:90)
	at kafka.Kafka.main(Kafka.scala)
Caused by: java.lang.SecurityException: java.io.IOException: //config/kafka-server-jaas.conf (No such file or directory)
	at java.base/sun.security.provider.ConfigFile$Spi.<init>(ConfigFile.java:139)
	at java.base/sun.security.provider.ConfigFile.<init>(ConfigFile.java:104)
	at java.base/jdk.internal.reflect.NativeConstructorAccessorImpl.newInstance0(Native Method)
	at java.base/jdk.internal.reflect.NativeConstructorAccessorImpl.newInstance(NativeConstructorAccessorImpl.java:77)
	at java.base/jdk.internal.reflect.DelegatingConstructorAccessorImpl.newInstance(DelegatingConstructorAccessorImpl.java:45)
	at java.base/java.lang.reflect.Constructor.newInstanceWithCaller(Constructor.java:500)
	at java.base/java.lang.reflect.ReflectAccess.newInstance(ReflectAccess.java:128)
	at java.base/jdk.internal.reflect.ReflectionFactory.newInstance(ReflectionFactory.java:347)
	at java.base/java.lang.Class.newInstance(Class.java:645)
	at java.base/javax.security.auth.login.Configuration$2.run(Configuration.java:258)
	at java.base/javax.security.auth.login.Configuration$2.run(Configuration.java:249)
	at java.base/java.security.AccessController.doPrivileged(AccessController.java:569)
	at java.base/javax.security.auth.login.Configuration.getConfiguration(Configuration.java:248)
	at org.apache.kafka.common.security.JaasUtils.isZkSaslEnabled(JaasUtils.java:65)
	... 5 more
Caused by: java.io.IOException: //config/kafka-server-jaas.conf (No such file or directory)
	at java.base/sun.security.provider.ConfigFile$Spi.ioException(ConfigFile.java:669)
	at java.base/sun.security.provider.ConfigFile$Spi.init(ConfigFile.java:265)
	at java.base/sun.security.provider.ConfigFile$Spi.<init>(ConfigFile.java:137)
	... 18 more
[2024-11-20 23:41:03,375] INFO Setting -D jdk.tls.rejectClientInitiatedRenegotiation=true to disable client-initiated TLS renegotiation (org.apache.zookeeper.common.X509Util)
[2024-11-20 23:41:03,543] ERROR Exiting Kafka due to fatal exception (kafka.Kafka$)
org.apache.kafka.common.KafkaException: Exception while loading Zookeeper JAAS login context [java.security.auth.login.config=//config/kafka-server-jaas.conf, zookeeper.sasl.client=default:true, zookeeper.sasl.clientconfig=default:Client]
	at org.apache.kafka.common.security.JaasUtils.isZkSaslEnabled(JaasUtils.java:69)
	at kafka.server.KafkaServer$.zkClientConfigFromKafkaConfig(KafkaServer.scala:101)
	at kafka.server.KafkaServer.<init>(KafkaServer.scala:175)
	at kafka.Kafka$.buildServer(Kafka.scala:77)
	at kafka.Kafka$.main(Kafka.scala:90)
	at kafka.Kafka.main(Kafka.scala)
Caused by: java.lang.SecurityException: java.io.IOException: //config/kafka-server-jaas.conf (No such file or directory)
	at java.base/sun.security.provider.ConfigFile$Spi.<init>(ConfigFile.java:139)
	at java.base/sun.security.provider.ConfigFile.<init>(ConfigFile.java:104)
	at java.base/jdk.internal.reflect.NativeConstructorAccessorImpl.newInstance0(Native Method)
	at java.base/jdk.internal.reflect.NativeConstructorAccessorImpl.newInstance(NativeConstructorAccessorImpl.java:77)
	at java.base/jdk.internal.reflect.DelegatingConstructorAccessorImpl.newInstance(DelegatingConstructorAccessorImpl.java:45)
	at java.base/java.lang.reflect.Constructor.newInstanceWithCaller(Constructor.java:500)
	at java.base/java.lang.reflect.ReflectAccess.newInstance(ReflectAccess.java:128)
	at java.base/jdk.internal.reflect.ReflectionFactory.newInstance(ReflectionFactory.java:347)
	at java.base/java.lang.Class.newInstance(Class.java:645)
	at java.base/javax.security.auth.login.Configuration$2.run(Configuration.java:258)
	at java.base/javax.security.auth.login.Configuration$2.run(Configuration.java:249)
	at java.base/java.security.AccessController.doPrivileged(AccessController.java:569)
	at java.base/javax.security.auth.login.Configuration.getConfiguration(Configuration.java:248)
	at org.apache.kafka.common.security.JaasUtils.isZkSaslEnabled(JaasUtils.java:65)
	... 5 more
Caused by: java.io.IOException: //config/kafka-server-jaas.conf (No such file or directory)
	at java.base/sun.security.provider.ConfigFile$Spi.ioException(ConfigFile.java:669)
	at java.base/sun.security.provider.ConfigFile$Spi.init(ConfigFile.java:265)
	at java.base/sun.security.provider.ConfigFile$Spi.<init>(ConfigFile.java:137)
	... 18 more
[2024-11-20 23:41:04,240] INFO Registered kafka:type=kafka.Log4jController MBean (kafka.utils.Log4jControllerRegistration$)
[2024-11-20 23:41:04,613] INFO Setting -D jdk.tls.rejectClientInitiatedRenegotiation=true to disable client-initiated TLS renegotiation (org.apache.zookeeper.common.X509Util)
[2024-11-20 23:41:04,817] ERROR Exiting Kafka due to fatal exception (kafka.Kafka$)
org.apache.kafka.common.KafkaException: Exception while loading Zookeeper JAAS login context [java.security.auth.login.config=//config/kafka-server-jaas.conf, zookeeper.sasl.client=default:true, zookeeper.sasl.clientconfig=default:Client]
	at org.apache.kafka.common.security.JaasUtils.isZkSaslEnabled(JaasUtils.java:69)
	at kafka.server.KafkaServer$.zkClientConfigFromKafkaConfig(KafkaServer.scala:101)
	at kafka.server.KafkaServer.<init>(KafkaServer.scala:175)
	at kafka.Kafka$.buildServer(Kafka.scala:77)
	at kafka.Kafka$.main(Kafka.scala:90)
	at kafka.Kafka.main(Kafka.scala)
Caused by: java.lang.SecurityException: java.io.IOException: //config/kafka-server-jaas.conf (No such file or directory)
	at java.base/sun.security.provider.ConfigFile$Spi.<init>(ConfigFile.java:139)
	at java.base/sun.security.provider.ConfigFile.<init>(ConfigFile.java:104)
	at java.base/jdk.internal.reflect.NativeConstructorAccessorImpl.newInstance0(Native Method)
	at java.base/jdk.internal.reflect.NativeConstructorAccessorImpl.newInstance(NativeConstructorAccessorImpl.java:77)
	at java.base/jdk.internal.reflect.DelegatingConstructorAccessorImpl.newInstance(DelegatingConstructorAccessorImpl.java:45)
	at java.base/java.lang.reflect.Constructor.newInstanceWithCaller(Constructor.java:500)
	at java.base/java.lang.reflect.ReflectAccess.newInstance(ReflectAccess.java:128)
	at java.base/jdk.internal.reflect.ReflectionFactory.newInstance(ReflectionFactory.java:347)
	at java.base/java.lang.Class.newInstance(Class.java:645)
	at java.base/javax.security.auth.login.Configuration$2.run(Configuration.java:258)
	at java.base/javax.security.auth.login.Configuration$2.run(Configuration.java:249)
	at java.base/java.security.AccessController.doPrivileged(AccessController.java:569)
	at java.base/javax.security.auth.login.Configuration.getConfiguration(Configuration.java:248)
	at org.apache.kafka.common.security.JaasUtils.isZkSaslEnabled(JaasUtils.java:65)
	... 5 more
Caused by: java.io.IOException: //config/kafka-server-jaas.conf (No such file or directory)
	at java.base/sun.security.provider.ConfigFile$Spi.ioException(ConfigFile.java:669)
	at java.base/sun.security.provider.ConfigFile$Spi.init(ConfigFile.java:265)
	at java.base/sun.security.provider.ConfigFile$Spi.<init>(ConfigFile.java:137)
	... 18 more
[2024-11-20 23:41:05,086] INFO Registered kafka:type=kafka.Log4jController MBean (kafka.utils.Log4jControllerRegistration$)
[2024-11-20 23:41:05,245] INFO Registered kafka:type=kafka.Log4jController MBean (kafka.utils.Log4jControllerRegistration$)
[2024-11-20 23:41:05,381] INFO Setting -D jdk.tls.rejectClientInitiatedRenegotiation=true to disable client-initiated TLS renegotiation (org.apache.zookeeper.common.X509Util)
[2024-11-20 23:41:05,552] ERROR Exiting Kafka due to fatal exception (kafka.Kafka$)
org.apache.kafka.common.KafkaException: Exception while loading Zookeeper JAAS login context [java.security.auth.login.config=//config/kafka-server-jaas.conf, zookeeper.sasl.client=default:true, zookeeper.sasl.clientconfig=default:Client]
	at org.apache.kafka.common.security.JaasUtils.isZkSaslEnabled(JaasUtils.java:69)
	at kafka.server.KafkaServer$.zkClientConfigFromKafkaConfig(KafkaServer.scala:101)
	at kafka.server.KafkaServer.<init>(KafkaServer.scala:175)
	at kafka.Kafka$.buildServer(Kafka.scala:77)
	at kafka.Kafka$.main(Kafka.scala:90)
	at kafka.Kafka.main(Kafka.scala)
Caused by: java.lang.SecurityException: java.io.IOException: //config/kafka-server-jaas.conf (No such file or directory)
	at java.base/sun.security.provider.ConfigFile$Spi.<init>(ConfigFile.java:139)
	at java.base/sun.security.provider.ConfigFile.<init>(ConfigFile.java:104)
	at java.base/jdk.internal.reflect.NativeConstructorAccessorImpl.newInstance0(Native Method)
	at java.base/jdk.internal.reflect.NativeConstructorAccessorImpl.newInstance(NativeConstructorAccessorImpl.java:77)
	at java.base/jdk.internal.reflect.DelegatingConstructorAccessorImpl.newInstance(DelegatingConstructorAccessorImpl.java:45)
	at java.base/java.lang.reflect.Constructor.newInstanceWithCaller(Constructor.java:500)
	at java.base/java.lang.reflect.ReflectAccess.newInstance(ReflectAccess.java:128)
	at java.base/jdk.internal.reflect.ReflectionFactory.newInstance(ReflectionFactory.java:347)
	at java.base/java.lang.Class.newInstance(Class.java:645)
	at java.base/javax.security.auth.login.Configuration$2.run(Configuration.java:258)
	at java.base/javax.security.auth.login.Configuration$2.run(Configuration.java:249)
	at java.base/java.security.AccessController.doPrivileged(AccessController.java:569)
	at java.base/javax.security.auth.login.Configuration.getConfiguration(Configuration.java:248)
	at org.apache.kafka.common.security.JaasUtils.isZkSaslEnabled(JaasUtils.java:65)
	... 5 more
Caused by: java.io.IOException: //config/kafka-server-jaas.conf (No such file or directory)
	at java.base/sun.security.provider.ConfigFile$Spi.ioException(ConfigFile.java:669)
	at java.base/sun.security.provider.ConfigFile$Spi.init(ConfigFile.java:265)
	at java.base/sun.security.provider.ConfigFile$Spi.<init>(ConfigFile.java:137)
	... 18 more
[2024-11-20 23:41:05,608] INFO Setting -D jdk.tls.rejectClientInitiatedRenegotiation=true to disable client-initiated TLS renegotiation (org.apache.zookeeper.common.X509Util)
[2024-11-20 23:41:05,768] ERROR Exiting Kafka due to fatal exception (kafka.Kafka$)
org.apache.kafka.common.KafkaException: Exception while loading Zookeeper JAAS login context [java.security.auth.login.config=//config/kafka-server-jaas.conf, zookeeper.sasl.client=default:true, zookeeper.sasl.clientconfig=default:Client]
	at org.apache.kafka.common.security.JaasUtils.isZkSaslEnabled(JaasUtils.java:69)
	at kafka.server.KafkaServer$.zkClientConfigFromKafkaConfig(KafkaServer.scala:101)
	at kafka.server.KafkaServer.<init>(KafkaServer.scala:175)
	at kafka.Kafka$.buildServer(Kafka.scala:77)
	at kafka.Kafka$.main(Kafka.scala:90)
	at kafka.Kafka.main(Kafka.scala)
Caused by: java.lang.SecurityException: java.io.IOException: //config/kafka-server-jaas.conf (No such file or directory)
	at java.base/sun.security.provider.ConfigFile$Spi.<init>(ConfigFile.java:139)
	at java.base/sun.security.provider.ConfigFile.<init>(ConfigFile.java:104)
	at java.base/jdk.internal.reflect.NativeConstructorAccessorImpl.newInstance0(Native Method)
	at java.base/jdk.internal.reflect.NativeConstructorAccessorImpl.newInstance(NativeConstructorAccessorImpl.java:77)
	at java.base/jdk.internal.reflect.DelegatingConstructorAccessorImpl.newInstance(DelegatingConstructorAccessorImpl.java:45)
	at java.base/java.lang.reflect.Constructor.newInstanceWithCaller(Constructor.java:500)
	at java.base/java.lang.reflect.ReflectAccess.newInstance(ReflectAccess.java:128)
	at java.base/jdk.internal.reflect.ReflectionFactory.newInstance(ReflectionFactory.java:347)
	at java.base/java.lang.Class.newInstance(Class.java:645)
	at java.base/javax.security.auth.login.Configuration$2.run(Configuration.java:258)
	at java.base/javax.security.auth.login.Configuration$2.run(Configuration.java:249)
	at java.base/java.security.AccessController.doPrivileged(AccessController.java:569)
	at java.base/javax.security.auth.login.Configuration.getConfiguration(Configuration.java:248)
	at org.apache.kafka.common.security.JaasUtils.isZkSaslEnabled(JaasUtils.java:65)
	... 5 more
Caused by: java.io.IOException: //config/kafka-server-jaas.conf (No such file or directory)
	at java.base/sun.security.provider.ConfigFile$Spi.ioException(ConfigFile.java:669)
	at java.base/sun.security.provider.ConfigFile$Spi.init(ConfigFile.java:265)
	at java.base/sun.security.provider.ConfigFile$Spi.<init>(ConfigFile.java:137)
	... 18 more
[2024-11-20 23:41:06,498] INFO Registered kafka:type=kafka.Log4jController MBean (kafka.utils.Log4jControllerRegistration$)
[2024-11-20 23:41:06,853] INFO Setting -D jdk.tls.rejectClientInitiatedRenegotiation=true to disable client-initiated TLS renegotiation (org.apache.zookeeper.common.X509Util)
[2024-11-20 23:41:07,041] ERROR Exiting Kafka due to fatal exception (kafka.Kafka$)
org.apache.kafka.common.KafkaException: Exception while loading Zookeeper JAAS login context [java.security.auth.login.config=//config/kafka-server-jaas.conf, zookeeper.sasl.client=default:true, zookeeper.sasl.clientconfig=default:Client]
	at org.apache.kafka.common.security.JaasUtils.isZkSaslEnabled(JaasUtils.java:69)
	at kafka.server.KafkaServer$.zkClientConfigFromKafkaConfig(KafkaServer.scala:101)
	at kafka.server.KafkaServer.<init>(KafkaServer.scala:175)
	at kafka.Kafka$.buildServer(Kafka.scala:77)
	at kafka.Kafka$.main(Kafka.scala:90)
	at kafka.Kafka.main(Kafka.scala)
Caused by: java.lang.SecurityException: java.io.IOException: //config/kafka-server-jaas.conf (No such file or directory)
	at java.base/sun.security.provider.ConfigFile$Spi.<init>(ConfigFile.java:139)
	at java.base/sun.security.provider.ConfigFile.<init>(ConfigFile.java:104)
	at java.base/jdk.internal.reflect.NativeConstructorAccessorImpl.newInstance0(Native Method)
	at java.base/jdk.internal.reflect.NativeConstructorAccessorImpl.newInstance(NativeConstructorAccessorImpl.java:77)
	at java.base/jdk.internal.reflect.DelegatingConstructorAccessorImpl.newInstance(DelegatingConstructorAccessorImpl.java:45)
	at java.base/java.lang.reflect.Constructor.newInstanceWithCaller(Constructor.java:500)
	at java.base/java.lang.reflect.ReflectAccess.newInstance(ReflectAccess.java:128)
	at java.base/jdk.internal.reflect.ReflectionFactory.newInstance(ReflectionFactory.java:347)
	at java.base/java.lang.Class.newInstance(Class.java:645)
	at java.base/javax.security.auth.login.Configuration$2.run(Configuration.java:258)
	at java.base/javax.security.auth.login.Configuration$2.run(Configuration.java:249)
	at java.base/java.security.AccessController.doPrivileged(AccessController.java:569)
	at java.base/javax.security.auth.login.Configuration.getConfiguration(Configuration.java:248)
	at org.apache.kafka.common.security.JaasUtils.isZkSaslEnabled(JaasUtils.java:65)
	... 5 more
Caused by: java.io.IOException: //config/kafka-server-jaas.conf (No such file or directory)
	at java.base/sun.security.provider.ConfigFile$Spi.ioException(ConfigFile.java:669)
	at java.base/sun.security.provider.ConfigFile$Spi.init(ConfigFile.java:265)
	at java.base/sun.security.provider.ConfigFile$Spi.<init>(ConfigFile.java:137)
	... 18 more
[2024-11-20 23:41:07,292] INFO Registered kafka:type=kafka.Log4jController MBean (kafka.utils.Log4jControllerRegistration$)
[2024-11-20 23:41:07,521] INFO Registered kafka:type=kafka.Log4jController MBean (kafka.utils.Log4jControllerRegistration$)
[2024-11-20 23:41:07,666] INFO Setting -D jdk.tls.rejectClientInitiatedRenegotiation=true to disable client-initiated TLS renegotiation (org.apache.zookeeper.common.X509Util)
[2024-11-20 23:41:07,854] ERROR Exiting Kafka due to fatal exception (kafka.Kafka$)
org.apache.kafka.common.KafkaException: Exception while loading Zookeeper JAAS login context [java.security.auth.login.config=//config/kafka-server-jaas.conf, zookeeper.sasl.client=default:true, zookeeper.sasl.clientconfig=default:Client]
	at org.apache.kafka.common.security.JaasUtils.isZkSaslEnabled(JaasUtils.java:69)
	at kafka.server.KafkaServer$.zkClientConfigFromKafkaConfig(KafkaServer.scala:101)
	at kafka.server.KafkaServer.<init>(KafkaServer.scala:175)
	at kafka.Kafka$.buildServer(Kafka.scala:77)
	at kafka.Kafka$.main(Kafka.scala:90)
	at kafka.Kafka.main(Kafka.scala)
Caused by: java.lang.SecurityException: java.io.IOException: //config/kafka-server-jaas.conf (No such file or directory)
	at java.base/sun.security.provider.ConfigFile$Spi.<init>(ConfigFile.java:139)
	at java.base/sun.security.provider.ConfigFile.<init>(ConfigFile.java:104)
	at java.base/jdk.internal.reflect.NativeConstructorAccessorImpl.newInstance0(Native Method)
	at java.base/jdk.internal.reflect.NativeConstructorAccessorImpl.newInstance(NativeConstructorAccessorImpl.java:77)
	at java.base/jdk.internal.reflect.DelegatingConstructorAccessorImpl.newInstance(DelegatingConstructorAccessorImpl.java:45)
	at java.base/java.lang.reflect.Constructor.newInstanceWithCaller(Constructor.java:500)
	at java.base/java.lang.reflect.ReflectAccess.newInstance(ReflectAccess.java:128)
	at java.base/jdk.internal.reflect.ReflectionFactory.newInstance(ReflectionFactory.java:347)
	at java.base/java.lang.Class.newInstance(Class.java:645)
	at java.base/javax.security.auth.login.Configuration$2.run(Configuration.java:258)
	at java.base/javax.security.auth.login.Configuration$2.run(Configuration.java:249)
	at java.base/java.security.AccessController.doPrivileged(AccessController.java:569)
	at java.base/javax.security.auth.login.Configuration.getConfiguration(Configuration.java:248)
	at org.apache.kafka.common.security.JaasUtils.isZkSaslEnabled(JaasUtils.java:65)
	... 5 more
Caused by: java.io.IOException: //config/kafka-server-jaas.conf (No such file or directory)
	at java.base/sun.security.provider.ConfigFile$Spi.ioException(ConfigFile.java:669)
	at java.base/sun.security.provider.ConfigFile$Spi.init(ConfigFile.java:265)
	at java.base/sun.security.provider.ConfigFile$Spi.<init>(ConfigFile.java:137)
	... 18 more
[2024-11-20 23:41:07,894] INFO Setting -D jdk.tls.rejectClientInitiatedRenegotiation=true to disable client-initiated TLS renegotiation (org.apache.zookeeper.common.X509Util)
[2024-11-20 23:41:08,054] ERROR Exiting Kafka due to fatal exception (kafka.Kafka$)
org.apache.kafka.common.KafkaException: Exception while loading Zookeeper JAAS login context [java.security.auth.login.config=//config/kafka-server-jaas.conf, zookeeper.sasl.client=default:true, zookeeper.sasl.clientconfig=default:Client]
	at org.apache.kafka.common.security.JaasUtils.isZkSaslEnabled(JaasUtils.java:69)
	at kafka.server.KafkaServer$.zkClientConfigFromKafkaConfig(KafkaServer.scala:101)
	at kafka.server.KafkaServer.<init>(KafkaServer.scala:175)
	at kafka.Kafka$.buildServer(Kafka.scala:77)
	at kafka.Kafka$.main(Kafka.scala:90)
	at kafka.Kafka.main(Kafka.scala)
Caused by: java.lang.SecurityException: java.io.IOException: //config/kafka-server-jaas.conf (No such file or directory)
	at java.base/sun.security.provider.ConfigFile$Spi.<init>(ConfigFile.java:139)
	at java.base/sun.security.provider.ConfigFile.<init>(ConfigFile.java:104)
	at java.base/jdk.internal.reflect.NativeConstructorAccessorImpl.newInstance0(Native Method)
	at java.base/jdk.internal.reflect.NativeConstructorAccessorImpl.newInstance(NativeConstructorAccessorImpl.java:77)
	at java.base/jdk.internal.reflect.DelegatingConstructorAccessorImpl.newInstance(DelegatingConstructorAccessorImpl.java:45)
	at java.base/java.lang.reflect.Constructor.newInstanceWithCaller(Constructor.java:500)
	at java.base/java.lang.reflect.ReflectAccess.newInstance(ReflectAccess.java:128)
	at java.base/jdk.internal.reflect.ReflectionFactory.newInstance(ReflectionFactory.java:347)
	at java.base/java.lang.Class.newInstance(Class.java:645)
	at java.base/javax.security.auth.login.Configuration$2.run(Configuration.java:258)
	at java.base/javax.security.auth.login.Configuration$2.run(Configuration.java:249)
	at java.base/java.security.AccessController.doPrivileged(AccessController.java:569)
	at java.base/javax.security.auth.login.Configuration.getConfiguration(Configuration.java:248)
	at org.apache.kafka.common.security.JaasUtils.isZkSaslEnabled(JaasUtils.java:65)
	... 5 more
Caused by: java.io.IOException: //config/kafka-server-jaas.conf (No such file or directory)
	at java.base/sun.security.provider.ConfigFile$Spi.ioException(ConfigFile.java:669)
	at java.base/sun.security.provider.ConfigFile$Spi.init(ConfigFile.java:265)
	at java.base/sun.security.provider.ConfigFile$Spi.<init>(ConfigFile.java:137)
	... 18 more
[2024-11-20 23:41:08,761] INFO Registered kafka:type=kafka.Log4jController MBean (kafka.utils.Log4jControllerRegistration$)
[2024-11-20 23:41:09,111] INFO Setting -D jdk.tls.rejectClientInitiatedRenegotiation=true to disable client-initiated TLS renegotiation (org.apache.zookeeper.common.X509Util)
[2024-11-20 23:41:09,311] ERROR Exiting Kafka due to fatal exception (kafka.Kafka$)
org.apache.kafka.common.KafkaException: Exception while loading Zookeeper JAAS login context [java.security.auth.login.config=//config/kafka-server-jaas.conf, zookeeper.sasl.client=default:true, zookeeper.sasl.clientconfig=default:Client]
	at org.apache.kafka.common.security.JaasUtils.isZkSaslEnabled(JaasUtils.java:69)
	at kafka.server.KafkaServer$.zkClientConfigFromKafkaConfig(KafkaServer.scala:101)
	at kafka.server.KafkaServer.<init>(KafkaServer.scala:175)
	at kafka.Kafka$.buildServer(Kafka.scala:77)
	at kafka.Kafka$.main(Kafka.scala:90)
	at kafka.Kafka.main(Kafka.scala)
Caused by: java.lang.SecurityException: java.io.IOException: //config/kafka-server-jaas.conf (No such file or directory)
	at java.base/sun.security.provider.ConfigFile$Spi.<init>(ConfigFile.java:139)
	at java.base/sun.security.provider.ConfigFile.<init>(ConfigFile.java:104)
	at java.base/jdk.internal.reflect.NativeConstructorAccessorImpl.newInstance0(Native Method)
	at java.base/jdk.internal.reflect.NativeConstructorAccessorImpl.newInstance(NativeConstructorAccessorImpl.java:77)
	at java.base/jdk.internal.reflect.DelegatingConstructorAccessorImpl.newInstance(DelegatingConstructorAccessorImpl.java:45)
	at java.base/java.lang.reflect.Constructor.newInstanceWithCaller(Constructor.java:500)
	at java.base/java.lang.reflect.ReflectAccess.newInstance(ReflectAccess.java:128)
	at java.base/jdk.internal.reflect.ReflectionFactory.newInstance(ReflectionFactory.java:347)
	at java.base/java.lang.Class.newInstance(Class.java:645)
	at java.base/javax.security.auth.login.Configuration$2.run(Configuration.java:258)
	at java.base/javax.security.auth.login.Configuration$2.run(Configuration.java:249)
	at java.base/java.security.AccessController.doPrivileged(AccessController.java:569)
	at java.base/javax.security.auth.login.Configuration.getConfiguration(Configuration.java:248)
	at org.apache.kafka.common.security.JaasUtils.isZkSaslEnabled(JaasUtils.java:65)
	... 5 more
Caused by: java.io.IOException: //config/kafka-server-jaas.conf (No such file or directory)
	at java.base/sun.security.provider.ConfigFile$Spi.ioException(ConfigFile.java:669)
	at java.base/sun.security.provider.ConfigFile$Spi.init(ConfigFile.java:265)
	at java.base/sun.security.provider.ConfigFile$Spi.<init>(ConfigFile.java:137)
	... 18 more
[2024-11-20 23:41:09,517] INFO Registered kafka:type=kafka.Log4jController MBean (kafka.utils.Log4jControllerRegistration$)
[2024-11-20 23:41:09,786] INFO Registered kafka:type=kafka.Log4jController MBean (kafka.utils.Log4jControllerRegistration$)
[2024-11-20 23:41:09,898] INFO Setting -D jdk.tls.rejectClientInitiatedRenegotiation=true to disable client-initiated TLS renegotiation (org.apache.zookeeper.common.X509Util)
[2024-11-20 23:41:10,085] ERROR Exiting Kafka due to fatal exception (kafka.Kafka$)
org.apache.kafka.common.KafkaException: Exception while loading Zookeeper JAAS login context [java.security.auth.login.config=//config/kafka-server-jaas.conf, zookeeper.sasl.client=default:true, zookeeper.sasl.clientconfig=default:Client]
	at org.apache.kafka.common.security.JaasUtils.isZkSaslEnabled(JaasUtils.java:69)
	at kafka.server.KafkaServer$.zkClientConfigFromKafkaConfig(KafkaServer.scala:101)
	at kafka.server.KafkaServer.<init>(KafkaServer.scala:175)
	at kafka.Kafka$.buildServer(Kafka.scala:77)
	at kafka.Kafka$.main(Kafka.scala:90)
	at kafka.Kafka.main(Kafka.scala)
Caused by: java.lang.SecurityException: java.io.IOException: //config/kafka-server-jaas.conf (No such file or directory)
	at java.base/sun.security.provider.ConfigFile$Spi.<init>(ConfigFile.java:139)
	at java.base/sun.security.provider.ConfigFile.<init>(ConfigFile.java:104)
	at java.base/jdk.internal.reflect.NativeConstructorAccessorImpl.newInstance0(Native Method)
	at java.base/jdk.internal.reflect.NativeConstructorAccessorImpl.newInstance(NativeConstructorAccessorImpl.java:77)
	at java.base/jdk.internal.reflect.DelegatingConstructorAccessorImpl.newInstance(DelegatingConstructorAccessorImpl.java:45)
	at java.base/java.lang.reflect.Constructor.newInstanceWithCaller(Constructor.java:500)
	at java.base/java.lang.reflect.ReflectAccess.newInstance(ReflectAccess.java:128)
	at java.base/jdk.internal.reflect.ReflectionFactory.newInstance(ReflectionFactory.java:347)
	at java.base/java.lang.Class.newInstance(Class.java:645)
	at java.base/javax.security.auth.login.Configuration$2.run(Configuration.java:258)
	at java.base/javax.security.auth.login.Configuration$2.run(Configuration.java:249)
	at java.base/java.security.AccessController.doPrivileged(AccessController.java:569)
	at java.base/javax.security.auth.login.Configuration.getConfiguration(Configuration.java:248)
	at org.apache.kafka.common.security.JaasUtils.isZkSaslEnabled(JaasUtils.java:65)
	... 5 more
Caused by: java.io.IOException: //config/kafka-server-jaas.conf (No such file or directory)
	at java.base/sun.security.provider.ConfigFile$Spi.ioException(ConfigFile.java:669)
	at java.base/sun.security.provider.ConfigFile$Spi.init(ConfigFile.java:265)
	at java.base/sun.security.provider.ConfigFile$Spi.<init>(ConfigFile.java:137)
	... 18 more
[2024-11-20 23:41:10,151] INFO Setting -D jdk.tls.rejectClientInitiatedRenegotiation=true to disable client-initiated TLS renegotiation (org.apache.zookeeper.common.X509Util)
[2024-11-20 23:41:10,307] ERROR Exiting Kafka due to fatal exception (kafka.Kafka$)
org.apache.kafka.common.KafkaException: Exception while loading Zookeeper JAAS login context [java.security.auth.login.config=//config/kafka-server-jaas.conf, zookeeper.sasl.client=default:true, zookeeper.sasl.clientconfig=default:Client]
	at org.apache.kafka.common.security.JaasUtils.isZkSaslEnabled(JaasUtils.java:69)
	at kafka.server.KafkaServer$.zkClientConfigFromKafkaConfig(KafkaServer.scala:101)
	at kafka.server.KafkaServer.<init>(KafkaServer.scala:175)
	at kafka.Kafka$.buildServer(Kafka.scala:77)
	at kafka.Kafka$.main(Kafka.scala:90)
	at kafka.Kafka.main(Kafka.scala)
Caused by: java.lang.SecurityException: java.io.IOException: //config/kafka-server-jaas.conf (No such file or directory)
	at java.base/sun.security.provider.ConfigFile$Spi.<init>(ConfigFile.java:139)
	at java.base/sun.security.provider.ConfigFile.<init>(ConfigFile.java:104)
	at java.base/jdk.internal.reflect.NativeConstructorAccessorImpl.newInstance0(Native Method)
	at java.base/jdk.internal.reflect.NativeConstructorAccessorImpl.newInstance(NativeConstructorAccessorImpl.java:77)
	at java.base/jdk.internal.reflect.DelegatingConstructorAccessorImpl.newInstance(DelegatingConstructorAccessorImpl.java:45)
	at java.base/java.lang.reflect.Constructor.newInstanceWithCaller(Constructor.java:500)
	at java.base/java.lang.reflect.ReflectAccess.newInstance(ReflectAccess.java:128)
	at java.base/jdk.internal.reflect.ReflectionFactory.newInstance(ReflectionFactory.java:347)
	at java.base/java.lang.Class.newInstance(Class.java:645)
	at java.base/javax.security.auth.login.Configuration$2.run(Configuration.java:258)
	at java.base/javax.security.auth.login.Configuration$2.run(Configuration.java:249)
	at java.base/java.security.AccessController.doPrivileged(AccessController.java:569)
	at java.base/javax.security.auth.login.Configuration.getConfiguration(Configuration.java:248)
	at org.apache.kafka.common.security.JaasUtils.isZkSaslEnabled(JaasUtils.java:65)
	... 5 more
Caused by: java.io.IOException: //config/kafka-server-jaas.conf (No such file or directory)
	at java.base/sun.security.provider.ConfigFile$Spi.ioException(ConfigFile.java:669)
	at java.base/sun.security.provider.ConfigFile$Spi.init(ConfigFile.java:265)
	at java.base/sun.security.provider.ConfigFile$Spi.<init>(ConfigFile.java:137)
	... 18 more
[2024-11-20 23:41:11,027] INFO Registered kafka:type=kafka.Log4jController MBean (kafka.utils.Log4jControllerRegistration$)
