[2024-11-20 21:01:07,891] INFO [Broker id=1] Add 6 partitions and deleted 0 partitions from metadata cache in response to UpdateMetadata request sent by controller 2 epoch 7 with correlation id 0 (state.change.logger)
[2024-11-20 21:01:07,909] INFO [Broker id=1] Handling LeaderAndIsr request correlationId 1 from controller 2 for 4 partitions (state.change.logger)
[2024-11-20 21:01:07,953] INFO [Broker id=1] Follower test-topic-0 starts at leader epoch 12 from offset 0 with partition epoch 15 and high watermark 0. Current leader is 3. Previous leader Some(3) and previous leader epoch was 12. (state.change.logger)
[2024-11-20 21:01:07,954] INFO [Broker id=1] Follower test-topic-1 starts at leader epoch 12 from offset 0 with partition epoch 16 and high watermark 0. Current leader is 2. Previous leader Some(2) and previous leader epoch was 12. (state.change.logger)
[2024-11-20 21:01:07,954] INFO [Broker id=1] Follower test-topic-second-1 starts at leader epoch 3 from offset 0 with partition epoch 3 and high watermark 0. Current leader is 3. Previous leader Some(3) and previous leader epoch was 3. (state.change.logger)
[2024-11-20 21:01:07,955] INFO [Broker id=1] Follower test-topic-second-2 starts at leader epoch 1 from offset 0 with partition epoch 1 and high watermark 0. Current leader is 2. Previous leader Some(2) and previous leader epoch was 1. (state.change.logger)
[2024-11-20 21:01:07,963] INFO [Broker id=1] Stopped fetchers as part of become-follower request from controller 2 epoch 7 with correlation id 1 for 4 partitions (state.change.logger)
[2024-11-20 21:01:08,034] INFO [Broker id=1] Finished LeaderAndIsr request in 126ms correlationId 1 from controller 2 for 4 partitions (state.change.logger)
[2024-11-20 21:01:08,044] INFO [Broker id=1] Add 4 partitions and deleted 0 partitions from metadata cache in response to UpdateMetadata request sent by controller 2 epoch 7 with correlation id 2 (state.change.logger)
[2024-11-20 21:01:08,114] INFO [Broker id=1] Add 1 partitions and deleted 0 partitions from metadata cache in response to UpdateMetadata request sent by controller 2 epoch 7 with correlation id 3 (state.change.logger)
[2024-11-20 21:01:08,161] INFO [Broker id=1] Add 1 partitions and deleted 0 partitions from metadata cache in response to UpdateMetadata request sent by controller 2 epoch 7 with correlation id 4 (state.change.logger)
[2024-11-20 21:01:08,252] INFO [Broker id=1] Add 1 partitions and deleted 0 partitions from metadata cache in response to UpdateMetadata request sent by controller 2 epoch 7 with correlation id 5 (state.change.logger)
[2024-11-20 21:01:08,285] INFO [Broker id=1] Add 1 partitions and deleted 0 partitions from metadata cache in response to UpdateMetadata request sent by controller 2 epoch 7 with correlation id 6 (state.change.logger)
[2024-11-20 21:02:52,623] INFO [Broker id=1] Handling LeaderAndIsr request correlationId 7 from controller 2 for 2 partitions (state.change.logger)
[2024-11-20 21:02:52,633] INFO [Broker id=1] Stopped fetchers as part of LeaderAndIsr request correlationId 7 from controller 2 epoch 7 as part of the become-leader transition for 1 partitions (state.change.logger)
[2024-11-20 21:02:52,667] INFO [Broker id=1] Leader test-1 with topic id Some(WK0BLtS9QHWLTRex6iTEVg) starts at leader epoch 0 from offset 0 with partition epoch 0, high watermark 0, ISR [1,3], adding replicas [] and removing replicas [] . Previous leader None and previous leader epoch was -1. (state.change.logger)
[2024-11-20 21:02:52,886] INFO [Broker id=1] Follower test-2 starts at leader epoch 0 from offset 0 with partition epoch 0 and high watermark 0. Current leader is 2. Previous leader Some(2) and previous leader epoch was 0. (state.change.logger)
[2024-11-20 21:02:52,887] INFO [Broker id=1] Stopped fetchers as part of become-follower request from controller 2 epoch 7 with correlation id 7 for 1 partitions (state.change.logger)
[2024-11-20 21:02:52,888] INFO [Broker id=1] Finished LeaderAndIsr request in 265ms correlationId 7 from controller 2 for 2 partitions (state.change.logger)
[2024-11-20 21:02:52,890] INFO [Broker id=1] Add 3 partitions and deleted 0 partitions from metadata cache in response to UpdateMetadata request sent by controller 2 epoch 7 with correlation id 8 (state.change.logger)
[2024-11-20 21:04:55,119] INFO [Broker id=1] Handling LeaderAndIsr request correlationId 9 from controller 2 for 2 partitions (state.change.logger)
[2024-11-20 21:04:55,121] INFO [Broker id=1] Stopped fetchers as part of LeaderAndIsr request correlationId 9 from controller 2 epoch 7 as part of the become-leader transition for 2 partitions (state.change.logger)
[2024-11-20 21:04:55,123] INFO [Broker id=1] Leader test-topic-1 with topic id Some(wl9kg_u7TeqrIOmPNDnSBQ) starts at leader epoch 13 from offset 0 with partition epoch 18, high watermark 0, ISR [2,1], adding replicas [] and removing replicas [] . Previous leader Some(2) and previous leader epoch was 12. (state.change.logger)
[2024-11-20 21:04:55,250] INFO [Broker id=1] Leader test-topic-second-1 with topic id Some(OAogAXQ6R-aNDek-C3tY-g) starts at leader epoch 4 from offset 0 with partition epoch 5, high watermark 0, ISR [3,1], adding replicas [] and removing replicas [] . Previous leader Some(3) and previous leader epoch was 3. (state.change.logger)
[2024-11-20 21:04:55,330] INFO [Broker id=1] Finished LeaderAndIsr request in 211ms correlationId 9 from controller 2 for 2 partitions (state.change.logger)
[2024-11-20 21:04:55,334] INFO [Broker id=1] Add 2 partitions and deleted 0 partitions from metadata cache in response to UpdateMetadata request sent by controller 2 epoch 7 with correlation id 10 (state.change.logger)
[2024-11-20 21:05:57,880] INFO [Broker id=1] Handling LeaderAndIsr request correlationId 11 from controller 2 for 50 partitions (state.change.logger)
[2024-11-20 21:05:57,921] INFO [Broker id=1] Stopped fetchers as part of LeaderAndIsr request correlationId 11 from controller 2 epoch 7 as part of the become-leader transition for 17 partitions (state.change.logger)
[2024-11-20 21:05:57,934] INFO [Broker id=1] Leader __consumer_offsets-3 with topic id Some(Gf21WSVoQ3-sxbwZYDH78Q) starts at leader epoch 0 from offset 0 with partition epoch 0, high watermark 0, ISR [1,3,2], adding replicas [] and removing replicas [] . Previous leader None and previous leader epoch was -1. (state.change.logger)
[2024-11-20 21:05:58,113] INFO [Broker id=1] Leader __consumer_offsets-18 with topic id Some(Gf21WSVoQ3-sxbwZYDH78Q) starts at leader epoch 0 from offset 0 with partition epoch 0, high watermark 0, ISR [1,2,3], adding replicas [] and removing replicas [] . Previous leader None and previous leader epoch was -1. (state.change.logger)
[2024-11-20 21:05:58,239] INFO [Broker id=1] Leader __consumer_offsets-39 with topic id Some(Gf21WSVoQ3-sxbwZYDH78Q) starts at leader epoch 0 from offset 0 with partition epoch 0, high watermark 0, ISR [1,3,2], adding replicas [] and removing replicas [] . Previous leader None and previous leader epoch was -1. (state.change.logger)
[2024-11-20 21:05:58,477] INFO [Broker id=1] Leader __consumer_offsets-9 with topic id Some(Gf21WSVoQ3-sxbwZYDH78Q) starts at leader epoch 0 from offset 0 with partition epoch 0, high watermark 0, ISR [1,3,2], adding replicas [] and removing replicas [] . Previous leader None and previous leader epoch was -1. (state.change.logger)
[2024-11-20 21:05:58,636] INFO [Broker id=1] Leader __consumer_offsets-24 with topic id Some(Gf21WSVoQ3-sxbwZYDH78Q) starts at leader epoch 0 from offset 0 with partition epoch 0, high watermark 0, ISR [1,2,3], adding replicas [] and removing replicas [] . Previous leader None and previous leader epoch was -1. (state.change.logger)
[2024-11-20 21:05:58,801] INFO [Broker id=1] Leader __consumer_offsets-27 with topic id Some(Gf21WSVoQ3-sxbwZYDH78Q) starts at leader epoch 0 from offset 0 with partition epoch 0, high watermark 0, ISR [1,3,2], adding replicas [] and removing replicas [] . Previous leader None and previous leader epoch was -1. (state.change.logger)
[2024-11-20 21:05:58,958] INFO [Broker id=1] Leader __consumer_offsets-42 with topic id Some(Gf21WSVoQ3-sxbwZYDH78Q) starts at leader epoch 0 from offset 0 with partition epoch 0, high watermark 0, ISR [1,2,3], adding replicas [] and removing replicas [] . Previous leader None and previous leader epoch was -1. (state.change.logger)
[2024-11-20 21:05:59,159] INFO [Broker id=1] Leader __consumer_offsets-12 with topic id Some(Gf21WSVoQ3-sxbwZYDH78Q) starts at leader epoch 0 from offset 0 with partition epoch 0, high watermark 0, ISR [1,2,3], adding replicas [] and removing replicas [] . Previous leader None and previous leader epoch was -1. (state.change.logger)
[2024-11-20 21:05:59,318] INFO [Broker id=1] Leader __consumer_offsets-33 with topic id Some(Gf21WSVoQ3-sxbwZYDH78Q) starts at leader epoch 0 from offset 0 with partition epoch 0, high watermark 0, ISR [1,3,2], adding replicas [] and removing replicas [] . Previous leader None and previous leader epoch was -1. (state.change.logger)
[2024-11-20 21:05:59,476] INFO [Broker id=1] Leader __consumer_offsets-48 with topic id Some(Gf21WSVoQ3-sxbwZYDH78Q) starts at leader epoch 0 from offset 0 with partition epoch 0, high watermark 0, ISR [1,2,3], adding replicas [] and removing replicas [] . Previous leader None and previous leader epoch was -1. (state.change.logger)
[2024-11-20 21:05:59,656] INFO [Broker id=1] Leader __consumer_offsets-21 with topic id Some(Gf21WSVoQ3-sxbwZYDH78Q) starts at leader epoch 0 from offset 0 with partition epoch 0, high watermark 0, ISR [1,3,2], adding replicas [] and removing replicas [] . Previous leader None and previous leader epoch was -1. (state.change.logger)
[2024-11-20 21:05:59,837] INFO [Broker id=1] Leader __consumer_offsets-36 with topic id Some(Gf21WSVoQ3-sxbwZYDH78Q) starts at leader epoch 0 from offset 0 with partition epoch 0, high watermark 0, ISR [1,2,3], adding replicas [] and removing replicas [] . Previous leader None and previous leader epoch was -1. (state.change.logger)
[2024-11-20 21:06:00,007] INFO [Broker id=1] Leader __consumer_offsets-6 with topic id Some(Gf21WSVoQ3-sxbwZYDH78Q) starts at leader epoch 0 from offset 0 with partition epoch 0, high watermark 0, ISR [1,2,3], adding replicas [] and removing replicas [] . Previous leader None and previous leader epoch was -1. (state.change.logger)
[2024-11-20 21:06:00,205] INFO [Broker id=1] Leader __consumer_offsets-45 with topic id Some(Gf21WSVoQ3-sxbwZYDH78Q) starts at leader epoch 0 from offset 0 with partition epoch 0, high watermark 0, ISR [1,3,2], adding replicas [] and removing replicas [] . Previous leader None and previous leader epoch was -1. (state.change.logger)
[2024-11-20 21:06:00,394] INFO [Broker id=1] Leader __consumer_offsets-15 with topic id Some(Gf21WSVoQ3-sxbwZYDH78Q) starts at leader epoch 0 from offset 0 with partition epoch 0, high watermark 0, ISR [1,3,2], adding replicas [] and removing replicas [] . Previous leader None and previous leader epoch was -1. (state.change.logger)
[2024-11-20 21:06:00,758] INFO [Broker id=1] Leader __consumer_offsets-30 with topic id Some(Gf21WSVoQ3-sxbwZYDH78Q) starts at leader epoch 0 from offset 0 with partition epoch 0, high watermark 0, ISR [1,2,3], adding replicas [] and removing replicas [] . Previous leader None and previous leader epoch was -1. (state.change.logger)
[2024-11-20 21:06:00,964] INFO [Broker id=1] Leader __consumer_offsets-0 with topic id Some(Gf21WSVoQ3-sxbwZYDH78Q) starts at leader epoch 0 from offset 0 with partition epoch 0, high watermark 0, ISR [1,2,3], adding replicas [] and removing replicas [] . Previous leader None and previous leader epoch was -1. (state.change.logger)
[2024-11-20 21:06:01,204] INFO [Broker id=1] Follower __consumer_offsets-37 starts at leader epoch 0 from offset 0 with partition epoch 0 and high watermark 0. Current leader is 2. Previous leader Some(2) and previous leader epoch was 0. (state.change.logger)
[2024-11-20 21:06:01,212] INFO [Broker id=1] Follower __consumer_offsets-7 starts at leader epoch 0 from offset 0 with partition epoch 0 and high watermark 0. Current leader is 2. Previous leader Some(2) and previous leader epoch was 0. (state.change.logger)
[2024-11-20 21:06:01,220] INFO [Broker id=1] Follower __consumer_offsets-22 starts at leader epoch 0 from offset 0 with partition epoch 0 and high watermark 0. Current leader is 2. Previous leader Some(2) and previous leader epoch was 0. (state.change.logger)
[2024-11-20 21:06:01,226] INFO [Broker id=1] Follower __consumer_offsets-41 starts at leader epoch 0 from offset 0 with partition epoch 0 and high watermark 0. Current leader is 3. Previous leader Some(3) and previous leader epoch was 0. (state.change.logger)
[2024-11-20 21:06:01,234] INFO [Broker id=1] Follower __consumer_offsets-10 starts at leader epoch 0 from offset 0 with partition epoch 0 and high watermark 0. Current leader is 2. Previous leader Some(2) and previous leader epoch was 0. (state.change.logger)
[2024-11-20 21:06:01,240] INFO [Broker id=1] Follower __consumer_offsets-29 starts at leader epoch 0 from offset 0 with partition epoch 0 and high watermark 0. Current leader is 3. Previous leader Some(3) and previous leader epoch was 0. (state.change.logger)
[2024-11-20 21:06:01,247] INFO [Broker id=1] Follower __consumer_offsets-44 starts at leader epoch 0 from offset 0 with partition epoch 0 and high watermark 0. Current leader is 3. Previous leader Some(3) and previous leader epoch was 0. (state.change.logger)
[2024-11-20 21:06:01,254] INFO [Broker id=1] Follower __consumer_offsets-14 starts at leader epoch 0 from offset 0 with partition epoch 0 and high watermark 0. Current leader is 3. Previous leader Some(3) and previous leader epoch was 0. (state.change.logger)
[2024-11-20 21:06:01,283] INFO [Broker id=1] Follower __consumer_offsets-19 starts at leader epoch 0 from offset 0 with partition epoch 0 and high watermark 0. Current leader is 2. Previous leader Some(2) and previous leader epoch was 0. (state.change.logger)
[2024-11-20 21:06:01,289] INFO [Broker id=1] Follower __consumer_offsets-34 starts at leader epoch 0 from offset 0 with partition epoch 0 and high watermark 0. Current leader is 2. Previous leader Some(2) and previous leader epoch was 0. (state.change.logger)
[2024-11-20 21:06:01,295] INFO [Broker id=1] Follower __consumer_offsets-4 starts at leader epoch 0 from offset 0 with partition epoch 0 and high watermark 0. Current leader is 2. Previous leader Some(2) and previous leader epoch was 0. (state.change.logger)
[2024-11-20 21:06:01,300] INFO [Broker id=1] Follower __consumer_offsets-23 starts at leader epoch 0 from offset 0 with partition epoch 0 and high watermark 0. Current leader is 3. Previous leader Some(3) and previous leader epoch was 0. (state.change.logger)
[2024-11-20 21:06:01,306] INFO [Broker id=1] Follower __consumer_offsets-38 starts at leader epoch 0 from offset 0 with partition epoch 0 and high watermark 0. Current leader is 3. Previous leader Some(3) and previous leader epoch was 0. (state.change.logger)
[2024-11-20 21:06:01,313] INFO [Broker id=1] Follower __consumer_offsets-8 starts at leader epoch 0 from offset 0 with partition epoch 0 and high watermark 0. Current leader is 3. Previous leader Some(3) and previous leader epoch was 0. (state.change.logger)
[2024-11-20 21:06:01,319] INFO [Broker id=1] Follower __consumer_offsets-11 starts at leader epoch 0 from offset 0 with partition epoch 0 and high watermark 0. Current leader is 3. Previous leader Some(3) and previous leader epoch was 0. (state.change.logger)
[2024-11-20 21:06:01,324] INFO [Broker id=1] Follower __consumer_offsets-26 starts at leader epoch 0 from offset 0 with partition epoch 0 and high watermark 0. Current leader is 3. Previous leader Some(3) and previous leader epoch was 0. (state.change.logger)
[2024-11-20 21:06:01,329] INFO [Broker id=1] Follower __consumer_offsets-49 starts at leader epoch 0 from offset 0 with partition epoch 0 and high watermark 0. Current leader is 2. Previous leader Some(2) and previous leader epoch was 0. (state.change.logger)
[2024-11-20 21:06:01,336] INFO [Broker id=1] Follower __consumer_offsets-35 starts at leader epoch 0 from offset 0 with partition epoch 0 and high watermark 0. Current leader is 3. Previous leader Some(3) and previous leader epoch was 0. (state.change.logger)
[2024-11-20 21:06:01,342] INFO [Broker id=1] Follower __consumer_offsets-5 starts at leader epoch 0 from offset 0 with partition epoch 0 and high watermark 0. Current leader is 3. Previous leader Some(3) and previous leader epoch was 0. (state.change.logger)
[2024-11-20 21:06:01,349] INFO [Broker id=1] Follower __consumer_offsets-20 starts at leader epoch 0 from offset 0 with partition epoch 0 and high watermark 0. Current leader is 3. Previous leader Some(3) and previous leader epoch was 0. (state.change.logger)
[2024-11-20 21:06:01,355] INFO [Broker id=1] Follower __consumer_offsets-31 starts at leader epoch 0 from offset 0 with partition epoch 0 and high watermark 0. Current leader is 2. Previous leader Some(2) and previous leader epoch was 0. (state.change.logger)
[2024-11-20 21:06:01,362] INFO [Broker id=1] Follower __consumer_offsets-46 starts at leader epoch 0 from offset 0 with partition epoch 0 and high watermark 0. Current leader is 2. Previous leader Some(2) and previous leader epoch was 0. (state.change.logger)
[2024-11-20 21:06:01,368] INFO [Broker id=1] Follower __consumer_offsets-1 starts at leader epoch 0 from offset 0 with partition epoch 0 and high watermark 0. Current leader is 2. Previous leader Some(2) and previous leader epoch was 0. (state.change.logger)
[2024-11-20 21:06:01,373] INFO [Broker id=1] Follower __consumer_offsets-16 starts at leader epoch 0 from offset 0 with partition epoch 0 and high watermark 0. Current leader is 2. Previous leader Some(2) and previous leader epoch was 0. (state.change.logger)
[2024-11-20 21:06:01,379] INFO [Broker id=1] Follower __consumer_offsets-2 starts at leader epoch 0 from offset 0 with partition epoch 0 and high watermark 0. Current leader is 3. Previous leader Some(3) and previous leader epoch was 0. (state.change.logger)
[2024-11-20 21:06:01,384] INFO [Broker id=1] Follower __consumer_offsets-25 starts at leader epoch 0 from offset 0 with partition epoch 0 and high watermark 0. Current leader is 2. Previous leader Some(2) and previous leader epoch was 0. (state.change.logger)
[2024-11-20 21:06:01,389] INFO [Broker id=1] Follower __consumer_offsets-40 starts at leader epoch 0 from offset 0 with partition epoch 0 and high watermark 0. Current leader is 2. Previous leader Some(2) and previous leader epoch was 0. (state.change.logger)
[2024-11-20 21:06:01,395] INFO [Broker id=1] Follower __consumer_offsets-43 starts at leader epoch 0 from offset 0 with partition epoch 0 and high watermark 0. Current leader is 2. Previous leader Some(2) and previous leader epoch was 0. (state.change.logger)
[2024-11-20 21:06:01,400] INFO [Broker id=1] Follower __consumer_offsets-13 starts at leader epoch 0 from offset 0 with partition epoch 0 and high watermark 0. Current leader is 2. Previous leader Some(2) and previous leader epoch was 0. (state.change.logger)
[2024-11-20 21:06:01,405] INFO [Broker id=1] Follower __consumer_offsets-28 starts at leader epoch 0 from offset 0 with partition epoch 0 and high watermark 0. Current leader is 2. Previous leader Some(2) and previous leader epoch was 0. (state.change.logger)
[2024-11-20 21:06:01,411] INFO [Broker id=1] Follower __consumer_offsets-47 starts at leader epoch 0 from offset 0 with partition epoch 0 and high watermark 0. Current leader is 3. Previous leader Some(3) and previous leader epoch was 0. (state.change.logger)
[2024-11-20 21:06:01,418] INFO [Broker id=1] Follower __consumer_offsets-17 starts at leader epoch 0 from offset 0 with partition epoch 0 and high watermark 0. Current leader is 3. Previous leader Some(3) and previous leader epoch was 0. (state.change.logger)
[2024-11-20 21:06:01,424] INFO [Broker id=1] Follower __consumer_offsets-32 starts at leader epoch 0 from offset 0 with partition epoch 0 and high watermark 0. Current leader is 3. Previous leader Some(3) and previous leader epoch was 0. (state.change.logger)
[2024-11-20 21:06:01,425] INFO [Broker id=1] Stopped fetchers as part of become-follower request from controller 2 epoch 7 with correlation id 11 for 33 partitions (state.change.logger)
[2024-11-20 21:06:01,440] INFO [Broker id=1] Finished LeaderAndIsr request in 3560ms correlationId 11 from controller 2 for 50 partitions (state.change.logger)
[2024-11-20 21:06:01,443] INFO [Broker id=1] Add 50 partitions and deleted 0 partitions from metadata cache in response to UpdateMetadata request sent by controller 2 epoch 7 with correlation id 12 (state.change.logger)
[2024-11-20 21:10:48,465] INFO [Broker id=1] Handling LeaderAndIsr request correlationId 13 from controller 2 for 17 partitions (state.change.logger)
[2024-11-20 21:10:48,470] INFO [Broker id=1] Stopped fetchers as part of LeaderAndIsr request correlationId 13 from controller 2 epoch 7 as part of the become-leader transition for 9 partitions (state.change.logger)
[2024-11-20 21:10:48,471] INFO [Broker id=1] Leader __consumer_offsets-2 with topic id Some(Gf21WSVoQ3-sxbwZYDH78Q) starts at leader epoch 1 from offset 0 with partition epoch 1, high watermark 0, ISR [1,2], adding replicas [] and removing replicas [] . Previous leader Some(3) and previous leader epoch was 0. (state.change.logger)
[2024-11-20 21:10:48,804] INFO [Broker id=1] Leader test-topic-0 with topic id Some(wl9kg_u7TeqrIOmPNDnSBQ) starts at leader epoch 13 from offset 0 with partition epoch 17, high watermark 0, ISR [1], adding replicas [] and removing replicas [] . Previous leader Some(3) and previous leader epoch was 12. (state.change.logger)
[2024-11-20 21:10:48,975] INFO [Broker id=1] Leader __consumer_offsets-20 with topic id Some(Gf21WSVoQ3-sxbwZYDH78Q) starts at leader epoch 1 from offset 0 with partition epoch 1, high watermark 0, ISR [1,2], adding replicas [] and removing replicas [] . Previous leader Some(3) and previous leader epoch was 0. (state.change.logger)
[2024-11-20 21:10:49,190] INFO [Broker id=1] Leader __consumer_offsets-38 with topic id Some(Gf21WSVoQ3-sxbwZYDH78Q) starts at leader epoch 1 from offset 0 with partition epoch 1, high watermark 0, ISR [1,2], adding replicas [] and removing replicas [] . Previous leader Some(3) and previous leader epoch was 0. (state.change.logger)
[2024-11-20 21:10:49,426] INFO [Broker id=1] Leader __consumer_offsets-8 with topic id Some(Gf21WSVoQ3-sxbwZYDH78Q) starts at leader epoch 1 from offset 0 with partition epoch 1, high watermark 0, ISR [1,2], adding replicas [] and removing replicas [] . Previous leader Some(3) and previous leader epoch was 0. (state.change.logger)
[2024-11-20 21:10:49,653] INFO [Broker id=1] Leader __consumer_offsets-26 with topic id Some(Gf21WSVoQ3-sxbwZYDH78Q) starts at leader epoch 1 from offset 0 with partition epoch 1, high watermark 0, ISR [1,2], adding replicas [] and removing replicas [] . Previous leader Some(3) and previous leader epoch was 0. (state.change.logger)
[2024-11-20 21:10:49,902] INFO [Broker id=1] Leader __consumer_offsets-44 with topic id Some(Gf21WSVoQ3-sxbwZYDH78Q) starts at leader epoch 1 from offset 0 with partition epoch 1, high watermark 0, ISR [1,2], adding replicas [] and removing replicas [] . Previous leader Some(3) and previous leader epoch was 0. (state.change.logger)
[2024-11-20 21:10:50,122] INFO [Broker id=1] Leader __consumer_offsets-14 with topic id Some(Gf21WSVoQ3-sxbwZYDH78Q) starts at leader epoch 1 from offset 0 with partition epoch 1, high watermark 0, ISR [1,2], adding replicas [] and removing replicas [] . Previous leader Some(3) and previous leader epoch was 0. (state.change.logger)
[2024-11-20 21:10:50,457] INFO [Broker id=1] Leader __consumer_offsets-32 with topic id Some(Gf21WSVoQ3-sxbwZYDH78Q) starts at leader epoch 1 from offset 0 with partition epoch 1, high watermark 0, ISR [1,2], adding replicas [] and removing replicas [] . Previous leader Some(3) and previous leader epoch was 0. (state.change.logger)
[2024-11-20 21:10:50,706] INFO [Broker id=1] Follower __consumer_offsets-35 starts at leader epoch 1 from offset 0 with partition epoch 1 and high watermark 0. Current leader is 2. Previous leader Some(2) and previous leader epoch was 1. (state.change.logger)
[2024-11-20 21:10:50,707] INFO [Broker id=1] Follower __consumer_offsets-5 starts at leader epoch 1 from offset 0 with partition epoch 1 and high watermark 0. Current leader is 2. Previous leader Some(2) and previous leader epoch was 1. (state.change.logger)
[2024-11-20 21:10:50,707] INFO [Broker id=1] Follower __consumer_offsets-23 starts at leader epoch 1 from offset 0 with partition epoch 1 and high watermark 0. Current leader is 2. Previous leader Some(2) and previous leader epoch was 1. (state.change.logger)
[2024-11-20 21:10:50,707] INFO [Broker id=1] Follower __consumer_offsets-41 starts at leader epoch 1 from offset 0 with partition epoch 1 and high watermark 0. Current leader is 2. Previous leader Some(2) and previous leader epoch was 1. (state.change.logger)
[2024-11-20 21:10:50,707] INFO [Broker id=1] Follower __consumer_offsets-11 starts at leader epoch 1 from offset 0 with partition epoch 1 and high watermark 0. Current leader is 2. Previous leader Some(2) and previous leader epoch was 1. (state.change.logger)
[2024-11-20 21:10:50,708] INFO [Broker id=1] Follower __consumer_offsets-29 starts at leader epoch 1 from offset 0 with partition epoch 1 and high watermark 0. Current leader is 2. Previous leader Some(2) and previous leader epoch was 1. (state.change.logger)
[2024-11-20 21:10:50,708] INFO [Broker id=1] Follower __consumer_offsets-47 starts at leader epoch 1 from offset 0 with partition epoch 1 and high watermark 0. Current leader is 2. Previous leader Some(2) and previous leader epoch was 1. (state.change.logger)
[2024-11-20 21:10:50,708] INFO [Broker id=1] Follower __consumer_offsets-17 starts at leader epoch 1 from offset 0 with partition epoch 1 and high watermark 0. Current leader is 2. Previous leader Some(2) and previous leader epoch was 1. (state.change.logger)
[2024-11-20 21:10:50,709] INFO [Broker id=1] Stopped fetchers as part of become-follower request from controller 2 epoch 7 with correlation id 13 for 8 partitions (state.change.logger)
[2024-11-20 21:10:50,720] INFO [Broker id=1] Finished LeaderAndIsr request in 2255ms correlationId 13 from controller 2 for 17 partitions (state.change.logger)
[2024-11-20 21:10:50,722] INFO [Broker id=1] Add 19 partitions and deleted 0 partitions from metadata cache in response to UpdateMetadata request sent by controller 2 epoch 7 with correlation id 14 (state.change.logger)
[2024-11-20 21:10:50,724] INFO [Broker id=1] Handling LeaderAndIsr request correlationId 15 from controller 2 for 36 partitions (state.change.logger)
[2024-11-20 21:10:50,726] INFO [Broker id=1] Stopped fetchers as part of LeaderAndIsr request correlationId 15 from controller 2 epoch 7 as part of the become-leader transition for 19 partitions (state.change.logger)
[2024-11-20 21:10:50,726] INFO [Broker id=1] Leader __consumer_offsets-3 with topic id Some(Gf21WSVoQ3-sxbwZYDH78Q) starts at leader epoch 1 from offset 0 with partition epoch 1, high watermark 0, ISR [1,2], adding replicas [] and removing replicas [] . Previous leader Some(1) and previous leader epoch was 0. (state.change.logger)
[2024-11-20 21:10:50,866] INFO [Broker id=1] Leader __consumer_offsets-18 with topic id Some(Gf21WSVoQ3-sxbwZYDH78Q) starts at leader epoch 1 from offset 0 with partition epoch 1, high watermark 0, ISR [1,2], adding replicas [] and removing replicas [] . Previous leader Some(1) and previous leader epoch was 0. (state.change.logger)
[2024-11-20 21:10:51,046] INFO [Broker id=1] Leader __consumer_offsets-39 with topic id Some(Gf21WSVoQ3-sxbwZYDH78Q) starts at leader epoch 1 from offset 0 with partition epoch 1, high watermark 0, ISR [1,2], adding replicas [] and removing replicas [] . Previous leader Some(1) and previous leader epoch was 0. (state.change.logger)
[2024-11-20 21:10:51,285] INFO [Broker id=1] Leader __consumer_offsets-9 with topic id Some(Gf21WSVoQ3-sxbwZYDH78Q) starts at leader epoch 1 from offset 0 with partition epoch 1, high watermark 0, ISR [1,2], adding replicas [] and removing replicas [] . Previous leader Some(1) and previous leader epoch was 0. (state.change.logger)
[2024-11-20 21:10:51,489] INFO [Broker id=1] Leader __consumer_offsets-24 with topic id Some(Gf21WSVoQ3-sxbwZYDH78Q) starts at leader epoch 1 from offset 0 with partition epoch 1, high watermark 0, ISR [1,2], adding replicas [] and removing replicas [] . Previous leader Some(1) and previous leader epoch was 0. (state.change.logger)
[2024-11-20 21:10:51,728] INFO [Broker id=1] Leader __consumer_offsets-27 with topic id Some(Gf21WSVoQ3-sxbwZYDH78Q) starts at leader epoch 1 from offset 0 with partition epoch 1, high watermark 0, ISR [1,2], adding replicas [] and removing replicas [] . Previous leader Some(1) and previous leader epoch was 0. (state.change.logger)
[2024-11-20 21:10:51,909] INFO [Broker id=1] Leader __consumer_offsets-42 with topic id Some(Gf21WSVoQ3-sxbwZYDH78Q) starts at leader epoch 1 from offset 0 with partition epoch 1, high watermark 0, ISR [1,2], adding replicas [] and removing replicas [] . Previous leader Some(1) and previous leader epoch was 0. (state.change.logger)
[2024-11-20 21:10:52,078] INFO [Broker id=1] Leader __consumer_offsets-12 with topic id Some(Gf21WSVoQ3-sxbwZYDH78Q) starts at leader epoch 1 from offset 0 with partition epoch 1, high watermark 0, ISR [1,2], adding replicas [] and removing replicas [] . Previous leader Some(1) and previous leader epoch was 0. (state.change.logger)
[2024-11-20 21:10:52,326] INFO [Broker id=1] Leader __consumer_offsets-33 with topic id Some(Gf21WSVoQ3-sxbwZYDH78Q) starts at leader epoch 1 from offset 0 with partition epoch 1, high watermark 0, ISR [1,2], adding replicas [] and removing replicas [] . Previous leader Some(1) and previous leader epoch was 0. (state.change.logger)
[2024-11-20 21:10:52,597] INFO [Broker id=1] Leader __consumer_offsets-48 with topic id Some(Gf21WSVoQ3-sxbwZYDH78Q) starts at leader epoch 1 from offset 0 with partition epoch 1, high watermark 0, ISR [1,2], adding replicas [] and removing replicas [] . Previous leader Some(1) and previous leader epoch was 0. (state.change.logger)
[2024-11-20 21:10:52,891] INFO [Broker id=1] Leader __consumer_offsets-21 with topic id Some(Gf21WSVoQ3-sxbwZYDH78Q) starts at leader epoch 1 from offset 0 with partition epoch 1, high watermark 0, ISR [1,2], adding replicas [] and removing replicas [] . Previous leader Some(1) and previous leader epoch was 0. (state.change.logger)
[2024-11-20 21:10:53,183] INFO [Broker id=1] Leader __consumer_offsets-36 with topic id Some(Gf21WSVoQ3-sxbwZYDH78Q) starts at leader epoch 1 from offset 0 with partition epoch 1, high watermark 0, ISR [1,2], adding replicas [] and removing replicas [] . Previous leader Some(1) and previous leader epoch was 0. (state.change.logger)
[2024-11-20 21:10:53,444] INFO [Broker id=1] Leader test-1 with topic id Some(WK0BLtS9QHWLTRex6iTEVg) starts at leader epoch 1 from offset 0 with partition epoch 1, high watermark 0, ISR [1], adding replicas [] and removing replicas [] . Previous leader Some(1) and previous leader epoch was 0. (state.change.logger)
[2024-11-20 21:10:53,636] INFO [Broker id=1] Leader __consumer_offsets-6 with topic id Some(Gf21WSVoQ3-sxbwZYDH78Q) starts at leader epoch 1 from offset 0 with partition epoch 1, high watermark 0, ISR [1,2], adding replicas [] and removing replicas [] . Previous leader Some(1) and previous leader epoch was 0. (state.change.logger)
[2024-11-20 21:10:53,918] INFO [Broker id=1] Leader __consumer_offsets-45 with topic id Some(Gf21WSVoQ3-sxbwZYDH78Q) starts at leader epoch 1 from offset 0 with partition epoch 1, high watermark 0, ISR [1,2], adding replicas [] and removing replicas [] . Previous leader Some(1) and previous leader epoch was 0. (state.change.logger)
[2024-11-20 21:10:54,147] INFO [Broker id=1] Leader __consumer_offsets-15 with topic id Some(Gf21WSVoQ3-sxbwZYDH78Q) starts at leader epoch 1 from offset 0 with partition epoch 1, high watermark 0, ISR [1,2], adding replicas [] and removing replicas [] . Previous leader Some(1) and previous leader epoch was 0. (state.change.logger)
[2024-11-20 21:10:54,394] INFO [Broker id=1] Leader __consumer_offsets-30 with topic id Some(Gf21WSVoQ3-sxbwZYDH78Q) starts at leader epoch 1 from offset 0 with partition epoch 1, high watermark 0, ISR [1,2], adding replicas [] and removing replicas [] . Previous leader Some(1) and previous leader epoch was 0. (state.change.logger)
[2024-11-20 21:10:54,608] INFO [Broker id=1] Leader test-topic-second-1 with topic id Some(OAogAXQ6R-aNDek-C3tY-g) starts at leader epoch 5 from offset 0 with partition epoch 6, high watermark 0, ISR [1], adding replicas [] and removing replicas [] . Previous leader Some(1) and previous leader epoch was 4. (state.change.logger)
[2024-11-20 21:10:54,891] INFO [Broker id=1] Leader __consumer_offsets-0 with topic id Some(Gf21WSVoQ3-sxbwZYDH78Q) starts at leader epoch 1 from offset 0 with partition epoch 1, high watermark 0, ISR [1,2], adding replicas [] and removing replicas [] . Previous leader Some(1) and previous leader epoch was 0. (state.change.logger)
[2024-11-20 21:10:55,216] INFO [Broker id=1] Follower __consumer_offsets-37 starts at leader epoch 1 from offset 0 with partition epoch 1 and high watermark 0. Current leader is 2. Previous leader Some(2) and previous leader epoch was 1. (state.change.logger)
[2024-11-20 21:10:55,216] INFO [Broker id=1] Follower __consumer_offsets-7 starts at leader epoch 1 from offset 0 with partition epoch 1 and high watermark 0. Current leader is 2. Previous leader Some(2) and previous leader epoch was 1. (state.change.logger)
[2024-11-20 21:10:55,216] INFO [Broker id=1] Follower __consumer_offsets-22 starts at leader epoch 1 from offset 0 with partition epoch 1 and high watermark 0. Current leader is 2. Previous leader Some(2) and previous leader epoch was 1. (state.change.logger)
[2024-11-20 21:10:55,217] INFO [Broker id=1] Follower __consumer_offsets-10 starts at leader epoch 1 from offset 0 with partition epoch 1 and high watermark 0. Current leader is 2. Previous leader Some(2) and previous leader epoch was 1. (state.change.logger)
[2024-11-20 21:10:55,217] INFO [Broker id=1] Follower __consumer_offsets-31 starts at leader epoch 1 from offset 86 with partition epoch 1 and high watermark 86. Current leader is 2. Previous leader Some(2) and previous leader epoch was 1. (state.change.logger)
[2024-11-20 21:10:55,217] INFO [Broker id=1] Follower __consumer_offsets-46 starts at leader epoch 1 from offset 0 with partition epoch 1 and high watermark 0. Current leader is 2. Previous leader Some(2) and previous leader epoch was 1. (state.change.logger)
[2024-11-20 21:10:55,217] INFO [Broker id=1] Follower __consumer_offsets-1 starts at leader epoch 1 from offset 0 with partition epoch 1 and high watermark 0. Current leader is 2. Previous leader Some(2) and previous leader epoch was 1. (state.change.logger)
[2024-11-20 21:10:55,217] INFO [Broker id=1] Follower __consumer_offsets-16 starts at leader epoch 1 from offset 0 with partition epoch 1 and high watermark 0. Current leader is 2. Previous leader Some(2) and previous leader epoch was 1. (state.change.logger)
[2024-11-20 21:10:55,217] INFO [Broker id=1] Follower __consumer_offsets-19 starts at leader epoch 1 from offset 0 with partition epoch 1 and high watermark 0. Current leader is 2. Previous leader Some(2) and previous leader epoch was 1. (state.change.logger)
[2024-11-20 21:10:55,217] INFO [Broker id=1] Follower __consumer_offsets-34 starts at leader epoch 1 from offset 0 with partition epoch 1 and high watermark 0. Current leader is 2. Previous leader Some(2) and previous leader epoch was 1. (state.change.logger)
[2024-11-20 21:10:55,218] INFO [Broker id=1] Follower __consumer_offsets-4 starts at leader epoch 1 from offset 0 with partition epoch 1 and high watermark 0. Current leader is 2. Previous leader Some(2) and previous leader epoch was 1. (state.change.logger)
[2024-11-20 21:10:55,218] INFO [Broker id=1] Follower __consumer_offsets-25 starts at leader epoch 1 from offset 0 with partition epoch 1 and high watermark 0. Current leader is 2. Previous leader Some(2) and previous leader epoch was 1. (state.change.logger)
[2024-11-20 21:10:55,218] INFO [Broker id=1] Follower __consumer_offsets-40 starts at leader epoch 1 from offset 0 with partition epoch 1 and high watermark 0. Current leader is 2. Previous leader Some(2) and previous leader epoch was 1. (state.change.logger)
[2024-11-20 21:10:55,218] INFO [Broker id=1] Follower __consumer_offsets-43 starts at leader epoch 1 from offset 0 with partition epoch 1 and high watermark 0. Current leader is 2. Previous leader Some(2) and previous leader epoch was 1. (state.change.logger)
[2024-11-20 21:10:55,218] INFO [Broker id=1] Follower __consumer_offsets-13 starts at leader epoch 1 from offset 0 with partition epoch 1 and high watermark 0. Current leader is 2. Previous leader Some(2) and previous leader epoch was 1. (state.change.logger)
[2024-11-20 21:10:55,218] INFO [Broker id=1] Follower __consumer_offsets-28 starts at leader epoch 1 from offset 0 with partition epoch 1 and high watermark 0. Current leader is 2. Previous leader Some(2) and previous leader epoch was 1. (state.change.logger)
[2024-11-20 21:10:55,218] INFO [Broker id=1] Follower __consumer_offsets-49 starts at leader epoch 1 from offset 0 with partition epoch 1 and high watermark 0. Current leader is 2. Previous leader Some(2) and previous leader epoch was 1. (state.change.logger)
[2024-11-20 21:10:55,219] INFO [Broker id=1] Stopped fetchers as part of become-follower request from controller 2 epoch 7 with correlation id 15 for 17 partitions (state.change.logger)
[2024-11-20 21:10:55,224] INFO [Broker id=1] Finished LeaderAndIsr request in 4500ms correlationId 15 from controller 2 for 36 partitions (state.change.logger)
[2024-11-20 21:10:55,228] INFO [Broker id=1] Add 37 partitions and deleted 0 partitions from metadata cache in response to UpdateMetadata request sent by controller 2 epoch 7 with correlation id 16 (state.change.logger)
[2024-11-20 21:10:55,230] INFO [Broker id=1] Handling LeaderAndIsr request correlationId 17 from controller 2 for 27 partitions (state.change.logger)
[2024-11-20 21:10:55,247] INFO [Broker id=1] Stopped fetchers as part of LeaderAndIsr request correlationId 17 from controller 2 epoch 7 as part of the become-leader transition for 27 partitions (state.change.logger)
[2024-11-20 21:10:55,247] INFO [Broker id=1] Leader __consumer_offsets-37 with topic id Some(Gf21WSVoQ3-sxbwZYDH78Q) starts at leader epoch 2 from offset 0 with partition epoch 2, high watermark 0, ISR [1], adding replicas [] and removing replicas [] . Previous leader Some(2) and previous leader epoch was 1. (state.change.logger)
[2024-11-20 21:10:55,498] INFO [Broker id=1] Leader __consumer_offsets-7 with topic id Some(Gf21WSVoQ3-sxbwZYDH78Q) starts at leader epoch 2 from offset 0 with partition epoch 2, high watermark 0, ISR [1], adding replicas [] and removing replicas [] . Previous leader Some(2) and previous leader epoch was 1. (state.change.logger)
[2024-11-20 21:10:55,867] INFO [Broker id=1] Leader __consumer_offsets-22 with topic id Some(Gf21WSVoQ3-sxbwZYDH78Q) starts at leader epoch 2 from offset 0 with partition epoch 2, high watermark 0, ISR [1], adding replicas [] and removing replicas [] . Previous leader Some(2) and previous leader epoch was 1. (state.change.logger)
[2024-11-20 21:10:56,026] INFO [Broker id=1] Leader __consumer_offsets-41 with topic id Some(Gf21WSVoQ3-sxbwZYDH78Q) starts at leader epoch 2 from offset 0 with partition epoch 2, high watermark 0, ISR [1], adding replicas [] and removing replicas [] . Previous leader Some(2) and previous leader epoch was 1. (state.change.logger)
[2024-11-20 21:10:56,206] INFO [Broker id=1] Leader __consumer_offsets-10 with topic id Some(Gf21WSVoQ3-sxbwZYDH78Q) starts at leader epoch 2 from offset 0 with partition epoch 2, high watermark 0, ISR [1], adding replicas [] and removing replicas [] . Previous leader Some(2) and previous leader epoch was 1. (state.change.logger)
[2024-11-20 21:10:56,396] INFO [Broker id=1] Leader __consumer_offsets-29 with topic id Some(Gf21WSVoQ3-sxbwZYDH78Q) starts at leader epoch 2 from offset 0 with partition epoch 2, high watermark 0, ISR [1], adding replicas [] and removing replicas [] . Previous leader Some(2) and previous leader epoch was 1. (state.change.logger)
[2024-11-20 21:10:56,587] INFO [Broker id=1] Leader __consumer_offsets-19 with topic id Some(Gf21WSVoQ3-sxbwZYDH78Q) starts at leader epoch 2 from offset 0 with partition epoch 2, high watermark 0, ISR [1], adding replicas [] and removing replicas [] . Previous leader Some(2) and previous leader epoch was 1. (state.change.logger)
[2024-11-20 21:10:56,789] INFO [Broker id=1] Leader __consumer_offsets-34 with topic id Some(Gf21WSVoQ3-sxbwZYDH78Q) starts at leader epoch 2 from offset 0 with partition epoch 2, high watermark 0, ISR [1], adding replicas [] and removing replicas [] . Previous leader Some(2) and previous leader epoch was 1. (state.change.logger)
[2024-11-20 21:10:56,946] INFO [Broker id=1] Leader __consumer_offsets-4 with topic id Some(Gf21WSVoQ3-sxbwZYDH78Q) starts at leader epoch 2 from offset 0 with partition epoch 2, high watermark 0, ISR [1], adding replicas [] and removing replicas [] . Previous leader Some(2) and previous leader epoch was 1. (state.change.logger)
[2024-11-20 21:10:57,161] INFO [Broker id=1] Leader __consumer_offsets-23 with topic id Some(Gf21WSVoQ3-sxbwZYDH78Q) starts at leader epoch 2 from offset 0 with partition epoch 2, high watermark 0, ISR [1], adding replicas [] and removing replicas [] . Previous leader Some(2) and previous leader epoch was 1. (state.change.logger)
[2024-11-20 21:10:57,395] INFO [Broker id=1] Leader __consumer_offsets-11 with topic id Some(Gf21WSVoQ3-sxbwZYDH78Q) starts at leader epoch 2 from offset 0 with partition epoch 2, high watermark 0, ISR [1], adding replicas [] and removing replicas [] . Previous leader Some(2) and previous leader epoch was 1. (state.change.logger)
[2024-11-20 21:10:57,620] INFO [Broker id=1] Leader __consumer_offsets-49 with topic id Some(Gf21WSVoQ3-sxbwZYDH78Q) starts at leader epoch 2 from offset 0 with partition epoch 2, high watermark 0, ISR [1], adding replicas [] and removing replicas [] . Previous leader Some(2) and previous leader epoch was 1. (state.change.logger)
[2024-11-20 21:10:57,812] INFO [Broker id=1] Leader __consumer_offsets-35 with topic id Some(Gf21WSVoQ3-sxbwZYDH78Q) starts at leader epoch 2 from offset 0 with partition epoch 2, high watermark 0, ISR [1], adding replicas [] and removing replicas [] . Previous leader Some(2) and previous leader epoch was 1. (state.change.logger)
[2024-11-20 21:10:57,969] INFO [Broker id=1] Leader __consumer_offsets-5 with topic id Some(Gf21WSVoQ3-sxbwZYDH78Q) starts at leader epoch 2 from offset 0 with partition epoch 2, high watermark 0, ISR [1], adding replicas [] and removing replicas [] . Previous leader Some(2) and previous leader epoch was 1. (state.change.logger)
[2024-11-20 21:10:58,251] INFO [Broker id=1] Leader test-2 with topic id Some(WK0BLtS9QHWLTRex6iTEVg) starts at leader epoch 1 from offset 1 with partition epoch 1, high watermark 1, ISR [1], adding replicas [] and removing replicas [] . Previous leader Some(2) and previous leader epoch was 0. (state.change.logger)
[2024-11-20 21:10:58,464] INFO [Broker id=1] Leader __consumer_offsets-31 with topic id Some(Gf21WSVoQ3-sxbwZYDH78Q) starts at leader epoch 2 from offset 86 with partition epoch 2, high watermark 86, ISR [1], adding replicas [] and removing replicas [] . Previous leader Some(2) and previous leader epoch was 1. (state.change.logger)
[2024-11-20 21:10:58,712] INFO [Broker id=1] Leader __consumer_offsets-46 with topic id Some(Gf21WSVoQ3-sxbwZYDH78Q) starts at leader epoch 2 from offset 0 with partition epoch 2, high watermark 0, ISR [1], adding replicas [] and removing replicas [] . Previous leader Some(2) and previous leader epoch was 1. (state.change.logger)
[2024-11-20 21:10:58,915] INFO [Broker id=1] Leader __consumer_offsets-1 with topic id Some(Gf21WSVoQ3-sxbwZYDH78Q) starts at leader epoch 2 from offset 0 with partition epoch 2, high watermark 0, ISR [1], adding replicas [] and removing replicas [] . Previous leader Some(2) and previous leader epoch was 1. (state.change.logger)
[2024-11-20 21:10:59,061] INFO [Broker id=1] Leader test-topic-second-2 with topic id Some(OAogAXQ6R-aNDek-C3tY-g) starts at leader epoch 2 from offset 0 with partition epoch 3, high watermark 0, ISR [1], adding replicas [] and removing replicas [] . Previous leader Some(2) and previous leader epoch was 1. (state.change.logger)
[2024-11-20 21:10:59,275] INFO [Broker id=1] Leader __consumer_offsets-16 with topic id Some(Gf21WSVoQ3-sxbwZYDH78Q) starts at leader epoch 2 from offset 0 with partition epoch 2, high watermark 0, ISR [1], adding replicas [] and removing replicas [] . Previous leader Some(2) and previous leader epoch was 1. (state.change.logger)
[2024-11-20 21:10:59,499] INFO [Broker id=1] Leader __consumer_offsets-25 with topic id Some(Gf21WSVoQ3-sxbwZYDH78Q) starts at leader epoch 2 from offset 0 with partition epoch 2, high watermark 0, ISR [1], adding replicas [] and removing replicas [] . Previous leader Some(2) and previous leader epoch was 1. (state.change.logger)
[2024-11-20 21:10:59,645] INFO [Broker id=1] Leader __consumer_offsets-40 with topic id Some(Gf21WSVoQ3-sxbwZYDH78Q) starts at leader epoch 2 from offset 0 with partition epoch 2, high watermark 0, ISR [1], adding replicas [] and removing replicas [] . Previous leader Some(2) and previous leader epoch was 1. (state.change.logger)
[2024-11-20 21:10:59,869] INFO [Broker id=1] Leader __consumer_offsets-43 with topic id Some(Gf21WSVoQ3-sxbwZYDH78Q) starts at leader epoch 2 from offset 0 with partition epoch 2, high watermark 0, ISR [1], adding replicas [] and removing replicas [] . Previous leader Some(2) and previous leader epoch was 1. (state.change.logger)
[2024-11-20 21:11:00,038] INFO [Broker id=1] Leader __consumer_offsets-13 with topic id Some(Gf21WSVoQ3-sxbwZYDH78Q) starts at leader epoch 2 from offset 0 with partition epoch 2, high watermark 0, ISR [1], adding replicas [] and removing replicas [] . Previous leader Some(2) and previous leader epoch was 1. (state.change.logger)
[2024-11-20 21:11:00,397] INFO [Broker id=1] Leader __consumer_offsets-28 with topic id Some(Gf21WSVoQ3-sxbwZYDH78Q) starts at leader epoch 2 from offset 0 with partition epoch 2, high watermark 0, ISR [1], adding replicas [] and removing replicas [] . Previous leader Some(2) and previous leader epoch was 1. (state.change.logger)
[2024-11-20 21:11:00,769] INFO [Broker id=1] Leader __consumer_offsets-47 with topic id Some(Gf21WSVoQ3-sxbwZYDH78Q) starts at leader epoch 2 from offset 0 with partition epoch 2, high watermark 0, ISR [1], adding replicas [] and removing replicas [] . Previous leader Some(2) and previous leader epoch was 1. (state.change.logger)
[2024-11-20 21:11:01,083] INFO [Broker id=1] Leader __consumer_offsets-17 with topic id Some(Gf21WSVoQ3-sxbwZYDH78Q) starts at leader epoch 2 from offset 0 with partition epoch 2, high watermark 0, ISR [1], adding replicas [] and removing replicas [] . Previous leader Some(2) and previous leader epoch was 1. (state.change.logger)
[2024-11-20 21:11:01,395] INFO [Broker id=1] Finished LeaderAndIsr request in 6165ms correlationId 17 from controller 2 for 27 partitions (state.change.logger)
[2024-11-20 21:11:14,042] INFO [Controller id=1 epoch=8] Sending UpdateMetadata request to brokers HashSet(1) for 0 partitions (state.change.logger)
[2024-11-20 21:11:14,083] INFO [Controller id=1 epoch=8] Sending LeaderAndIsr request to broker 1 with 56 become-leader and 0 become-follower partitions (state.change.logger)
[2024-11-20 21:11:14,085] INFO [Controller id=1 epoch=8] Sending UpdateMetadata request to brokers HashSet(1) for 56 partitions (state.change.logger)
[2024-11-20 21:11:14,190] INFO [Controller id=1 epoch=8] Partition __consumer_offsets-22 state changed to (Leader:1,ISR:1,LeaderRecoveryState:RECOVERED,LeaderEpoch:2,ZkVersion:2,ControllerEpoch:8) after removing replica 2 from the ISR as part of transition to OfflineReplica (state.change.logger)
[2024-11-20 21:11:14,191] INFO [Controller id=1 epoch=8] Partition __consumer_offsets-30 state changed to (Leader:1,ISR:1,LeaderRecoveryState:RECOVERED,LeaderEpoch:2,ZkVersion:2,ControllerEpoch:8) after removing replica 2 from the ISR as part of transition to OfflineReplica (state.change.logger)
[2024-11-20 21:11:14,191] INFO [Controller id=1 epoch=8] Partition __consumer_offsets-25 state changed to (Leader:1,ISR:1,LeaderRecoveryState:RECOVERED,LeaderEpoch:2,ZkVersion:2,ControllerEpoch:8) after removing replica 2 from the ISR as part of transition to OfflineReplica (state.change.logger)
[2024-11-20 21:11:14,192] INFO [Controller id=1 epoch=8] Partition __consumer_offsets-35 state changed to (Leader:1,ISR:1,LeaderRecoveryState:RECOVERED,LeaderEpoch:2,ZkVersion:2,ControllerEpoch:8) after removing replica 2 from the ISR as part of transition to OfflineReplica (state.change.logger)
[2024-11-20 21:11:14,192] INFO [Controller id=1 epoch=8] Partition test-topic-2 state changed to (Leader:-1,ISR:2,LeaderRecoveryState:RECOVERED,LeaderEpoch:13,ZkVersion:19,ControllerEpoch:8) after removing replica 2 from the ISR as part of transition to OfflineReplica (state.change.logger)
[2024-11-20 21:11:14,192] INFO [Controller id=1 epoch=8] Partition __consumer_offsets-37 state changed to (Leader:1,ISR:1,LeaderRecoveryState:RECOVERED,LeaderEpoch:2,ZkVersion:2,ControllerEpoch:8) after removing replica 2 from the ISR as part of transition to OfflineReplica (state.change.logger)
[2024-11-20 21:11:14,192] INFO [Controller id=1 epoch=8] Partition __consumer_offsets-13 state changed to (Leader:1,ISR:1,LeaderRecoveryState:RECOVERED,LeaderEpoch:2,ZkVersion:2,ControllerEpoch:8) after removing replica 2 from the ISR as part of transition to OfflineReplica (state.change.logger)
[2024-11-20 21:11:14,192] INFO [Controller id=1 epoch=8] Partition __consumer_offsets-8 state changed to (Leader:1,ISR:1,LeaderRecoveryState:RECOVERED,LeaderEpoch:2,ZkVersion:2,ControllerEpoch:8) after removing replica 2 from the ISR as part of transition to OfflineReplica (state.change.logger)
[2024-11-20 21:11:14,193] INFO [Controller id=1 epoch=8] Partition __consumer_offsets-21 state changed to (Leader:1,ISR:1,LeaderRecoveryState:RECOVERED,LeaderEpoch:2,ZkVersion:2,ControllerEpoch:8) after removing replica 2 from the ISR as part of transition to OfflineReplica (state.change.logger)
[2024-11-20 21:11:14,193] INFO [Controller id=1 epoch=8] Partition __consumer_offsets-4 state changed to (Leader:1,ISR:1,LeaderRecoveryState:RECOVERED,LeaderEpoch:2,ZkVersion:2,ControllerEpoch:8) after removing replica 2 from the ISR as part of transition to OfflineReplica (state.change.logger)
[2024-11-20 21:11:14,193] INFO [Controller id=1 epoch=8] Partition __consumer_offsets-27 state changed to (Leader:1,ISR:1,LeaderRecoveryState:RECOVERED,LeaderEpoch:2,ZkVersion:2,ControllerEpoch:8) after removing replica 2 from the ISR as part of transition to OfflineReplica (state.change.logger)
[2024-11-20 21:11:14,194] INFO [Controller id=1 epoch=8] Partition __consumer_offsets-7 state changed to (Leader:1,ISR:1,LeaderRecoveryState:RECOVERED,LeaderEpoch:2,ZkVersion:2,ControllerEpoch:8) after removing replica 2 from the ISR as part of transition to OfflineReplica (state.change.logger)
[2024-11-20 21:11:14,194] INFO [Controller id=1 epoch=8] Partition __consumer_offsets-9 state changed to (Leader:1,ISR:1,LeaderRecoveryState:RECOVERED,LeaderEpoch:2,ZkVersion:2,ControllerEpoch:8) after removing replica 2 from the ISR as part of transition to OfflineReplica (state.change.logger)
[2024-11-20 21:11:14,194] INFO [Controller id=1 epoch=8] Partition test-topic-second-2 state changed to (Leader:1,ISR:1,LeaderRecoveryState:RECOVERED,LeaderEpoch:2,ZkVersion:3,ControllerEpoch:8) after removing replica 2 from the ISR as part of transition to OfflineReplica (state.change.logger)
[2024-11-20 21:11:14,194] INFO [Controller id=1 epoch=8] Partition __consumer_offsets-46 state changed to (Leader:1,ISR:1,LeaderRecoveryState:RECOVERED,LeaderEpoch:2,ZkVersion:2,ControllerEpoch:8) after removing replica 2 from the ISR as part of transition to OfflineReplica (state.change.logger)
[2024-11-20 21:11:14,194] INFO [Controller id=1 epoch=8] Partition __consumer_offsets-41 state changed to (Leader:1,ISR:1,LeaderRecoveryState:RECOVERED,LeaderEpoch:2,ZkVersion:2,ControllerEpoch:8) after removing replica 2 from the ISR as part of transition to OfflineReplica (state.change.logger)
[2024-11-20 21:11:14,195] INFO [Controller id=1 epoch=8] Partition __consumer_offsets-33 state changed to (Leader:1,ISR:1,LeaderRecoveryState:RECOVERED,LeaderEpoch:2,ZkVersion:2,ControllerEpoch:8) after removing replica 2 from the ISR as part of transition to OfflineReplica (state.change.logger)
[2024-11-20 21:11:14,195] INFO [Controller id=1 epoch=8] Partition __consumer_offsets-23 state changed to (Leader:1,ISR:1,LeaderRecoveryState:RECOVERED,LeaderEpoch:2,ZkVersion:2,ControllerEpoch:8) after removing replica 2 from the ISR as part of transition to OfflineReplica (state.change.logger)
[2024-11-20 21:11:14,195] INFO [Controller id=1 epoch=8] Partition __consumer_offsets-49 state changed to (Leader:1,ISR:1,LeaderRecoveryState:RECOVERED,LeaderEpoch:2,ZkVersion:2,ControllerEpoch:8) after removing replica 2 from the ISR as part of transition to OfflineReplica (state.change.logger)
[2024-11-20 21:11:14,196] INFO [Controller id=1 epoch=8] Partition __consumer_offsets-47 state changed to (Leader:1,ISR:1,LeaderRecoveryState:RECOVERED,LeaderEpoch:2,ZkVersion:2,ControllerEpoch:8) after removing replica 2 from the ISR as part of transition to OfflineReplica (state.change.logger)
[2024-11-20 21:11:14,196] INFO [Controller id=1 epoch=8] Partition __consumer_offsets-16 state changed to (Leader:1,ISR:1,LeaderRecoveryState:RECOVERED,LeaderEpoch:2,ZkVersion:2,ControllerEpoch:8) after removing replica 2 from the ISR as part of transition to OfflineReplica (state.change.logger)
[2024-11-20 21:11:14,196] INFO [Controller id=1 epoch=8] Partition test-0 state changed to (Leader:-1,ISR:2,LeaderRecoveryState:RECOVERED,LeaderEpoch:2,ZkVersion:2,ControllerEpoch:8) after removing replica 2 from the ISR as part of transition to OfflineReplica (state.change.logger)
[2024-11-20 21:11:14,196] INFO [Controller id=1 epoch=8] Partition __consumer_offsets-28 state changed to (Leader:1,ISR:1,LeaderRecoveryState:RECOVERED,LeaderEpoch:2,ZkVersion:2,ControllerEpoch:8) after removing replica 2 from the ISR as part of transition to OfflineReplica (state.change.logger)
[2024-11-20 21:11:14,197] INFO [Controller id=1 epoch=8] Partition __consumer_offsets-31 state changed to (Leader:1,ISR:1,LeaderRecoveryState:RECOVERED,LeaderEpoch:2,ZkVersion:2,ControllerEpoch:8) after removing replica 2 from the ISR as part of transition to OfflineReplica (state.change.logger)
[2024-11-20 21:11:14,197] INFO [Controller id=1 epoch=8] Partition __consumer_offsets-36 state changed to (Leader:1,ISR:1,LeaderRecoveryState:RECOVERED,LeaderEpoch:2,ZkVersion:2,ControllerEpoch:8) after removing replica 2 from the ISR as part of transition to OfflineReplica (state.change.logger)
[2024-11-20 21:11:14,197] INFO [Controller id=1 epoch=8] Partition __consumer_offsets-42 state changed to (Leader:1,ISR:1,LeaderRecoveryState:RECOVERED,LeaderEpoch:2,ZkVersion:2,ControllerEpoch:8) after removing replica 2 from the ISR as part of transition to OfflineReplica (state.change.logger)
[2024-11-20 21:11:14,197] INFO [Controller id=1 epoch=8] Partition __consumer_offsets-3 state changed to (Leader:1,ISR:1,LeaderRecoveryState:RECOVERED,LeaderEpoch:2,ZkVersion:2,ControllerEpoch:8) after removing replica 2 from the ISR as part of transition to OfflineReplica (state.change.logger)
[2024-11-20 21:11:14,197] INFO [Controller id=1 epoch=8] Partition __consumer_offsets-18 state changed to (Leader:1,ISR:1,LeaderRecoveryState:RECOVERED,LeaderEpoch:2,ZkVersion:2,ControllerEpoch:8) after removing replica 2 from the ISR as part of transition to OfflineReplica (state.change.logger)
[2024-11-20 21:11:14,197] INFO [Controller id=1 epoch=8] Partition __consumer_offsets-15 state changed to (Leader:1,ISR:1,LeaderRecoveryState:RECOVERED,LeaderEpoch:2,ZkVersion:2,ControllerEpoch:8) after removing replica 2 from the ISR as part of transition to OfflineReplica (state.change.logger)
[2024-11-20 21:11:14,198] INFO [Controller id=1 epoch=8] Partition __consumer_offsets-24 state changed to (Leader:1,ISR:1,LeaderRecoveryState:RECOVERED,LeaderEpoch:2,ZkVersion:2,ControllerEpoch:8) after removing replica 2 from the ISR as part of transition to OfflineReplica (state.change.logger)
[2024-11-20 21:11:14,198] INFO [Controller id=1 epoch=8] Partition test-topic-1 state changed to (Leader:1,ISR:1,LeaderRecoveryState:RECOVERED,LeaderEpoch:14,ZkVersion:19,ControllerEpoch:8) after removing replica 2 from the ISR as part of transition to OfflineReplica (state.change.logger)
[2024-11-20 21:11:14,198] INFO [Controller id=1 epoch=8] Partition __consumer_offsets-38 state changed to (Leader:1,ISR:1,LeaderRecoveryState:RECOVERED,LeaderEpoch:2,ZkVersion:2,ControllerEpoch:8) after removing replica 2 from the ISR as part of transition to OfflineReplica (state.change.logger)
[2024-11-20 21:11:14,198] INFO [Controller id=1 epoch=8] Partition __consumer_offsets-17 state changed to (Leader:1,ISR:1,LeaderRecoveryState:RECOVERED,LeaderEpoch:2,ZkVersion:2,ControllerEpoch:8) after removing replica 2 from the ISR as part of transition to OfflineReplica (state.change.logger)
[2024-11-20 21:11:14,199] INFO [Controller id=1 epoch=8] Partition __consumer_offsets-48 state changed to (Leader:1,ISR:1,LeaderRecoveryState:RECOVERED,LeaderEpoch:2,ZkVersion:2,ControllerEpoch:8) after removing replica 2 from the ISR as part of transition to OfflineReplica (state.change.logger)
[2024-11-20 21:11:14,199] INFO [Controller id=1 epoch=8] Partition __consumer_offsets-19 state changed to (Leader:1,ISR:1,LeaderRecoveryState:RECOVERED,LeaderEpoch:2,ZkVersion:2,ControllerEpoch:8) after removing replica 2 from the ISR as part of transition to OfflineReplica (state.change.logger)
[2024-11-20 21:11:14,199] INFO [Controller id=1 epoch=8] Partition __consumer_offsets-11 state changed to (Leader:1,ISR:1,LeaderRecoveryState:RECOVERED,LeaderEpoch:2,ZkVersion:2,ControllerEpoch:8) after removing replica 2 from the ISR as part of transition to OfflineReplica (state.change.logger)
[2024-11-20 21:11:14,199] INFO [Controller id=1 epoch=8] Partition __consumer_offsets-2 state changed to (Leader:1,ISR:1,LeaderRecoveryState:RECOVERED,LeaderEpoch:2,ZkVersion:2,ControllerEpoch:8) after removing replica 2 from the ISR as part of transition to OfflineReplica (state.change.logger)
[2024-11-20 21:11:14,200] INFO [Controller id=1 epoch=8] Partition __consumer_offsets-43 state changed to (Leader:1,ISR:1,LeaderRecoveryState:RECOVERED,LeaderEpoch:2,ZkVersion:2,ControllerEpoch:8) after removing replica 2 from the ISR as part of transition to OfflineReplica (state.change.logger)
[2024-11-20 21:11:14,200] INFO [Controller id=1 epoch=8] Partition __consumer_offsets-6 state changed to (Leader:1,ISR:1,LeaderRecoveryState:RECOVERED,LeaderEpoch:2,ZkVersion:2,ControllerEpoch:8) after removing replica 2 from the ISR as part of transition to OfflineReplica (state.change.logger)
[2024-11-20 21:11:14,200] INFO [Controller id=1 epoch=8] Partition __consumer_offsets-14 state changed to (Leader:1,ISR:1,LeaderRecoveryState:RECOVERED,LeaderEpoch:2,ZkVersion:2,ControllerEpoch:8) after removing replica 2 from the ISR as part of transition to OfflineReplica (state.change.logger)
[2024-11-20 21:11:14,201] INFO [Controller id=1 epoch=8] Partition __consumer_offsets-20 state changed to (Leader:1,ISR:1,LeaderRecoveryState:RECOVERED,LeaderEpoch:2,ZkVersion:2,ControllerEpoch:8) after removing replica 2 from the ISR as part of transition to OfflineReplica (state.change.logger)
[2024-11-20 21:11:14,201] INFO [Controller id=1 epoch=8] Partition __consumer_offsets-0 state changed to (Leader:1,ISR:1,LeaderRecoveryState:RECOVERED,LeaderEpoch:2,ZkVersion:2,ControllerEpoch:8) after removing replica 2 from the ISR as part of transition to OfflineReplica (state.change.logger)
[2024-11-20 21:11:14,201] INFO [Controller id=1 epoch=8] Partition __consumer_offsets-44 state changed to (Leader:1,ISR:1,LeaderRecoveryState:RECOVERED,LeaderEpoch:2,ZkVersion:2,ControllerEpoch:8) after removing replica 2 from the ISR as part of transition to OfflineReplica (state.change.logger)
[2024-11-20 21:11:14,201] INFO [Controller id=1 epoch=8] Partition __consumer_offsets-39 state changed to (Leader:1,ISR:1,LeaderRecoveryState:RECOVERED,LeaderEpoch:2,ZkVersion:2,ControllerEpoch:8) after removing replica 2 from the ISR as part of transition to OfflineReplica (state.change.logger)
[2024-11-20 21:11:14,202] INFO [Controller id=1 epoch=8] Partition __consumer_offsets-12 state changed to (Leader:1,ISR:1,LeaderRecoveryState:RECOVERED,LeaderEpoch:2,ZkVersion:2,ControllerEpoch:8) after removing replica 2 from the ISR as part of transition to OfflineReplica (state.change.logger)
[2024-11-20 21:11:14,202] INFO [Controller id=1 epoch=8] Partition __consumer_offsets-45 state changed to (Leader:1,ISR:1,LeaderRecoveryState:RECOVERED,LeaderEpoch:2,ZkVersion:2,ControllerEpoch:8) after removing replica 2 from the ISR as part of transition to OfflineReplica (state.change.logger)
[2024-11-20 21:11:14,202] INFO [Controller id=1 epoch=8] Partition __consumer_offsets-1 state changed to (Leader:1,ISR:1,LeaderRecoveryState:RECOVERED,LeaderEpoch:2,ZkVersion:2,ControllerEpoch:8) after removing replica 2 from the ISR as part of transition to OfflineReplica (state.change.logger)
[2024-11-20 21:11:14,202] INFO [Controller id=1 epoch=8] Partition __consumer_offsets-5 state changed to (Leader:1,ISR:1,LeaderRecoveryState:RECOVERED,LeaderEpoch:2,ZkVersion:2,ControllerEpoch:8) after removing replica 2 from the ISR as part of transition to OfflineReplica (state.change.logger)
[2024-11-20 21:11:14,202] INFO [Controller id=1 epoch=8] Partition __consumer_offsets-26 state changed to (Leader:1,ISR:1,LeaderRecoveryState:RECOVERED,LeaderEpoch:2,ZkVersion:2,ControllerEpoch:8) after removing replica 2 from the ISR as part of transition to OfflineReplica (state.change.logger)
[2024-11-20 21:11:14,203] INFO [Controller id=1 epoch=8] Partition __consumer_offsets-29 state changed to (Leader:1,ISR:1,LeaderRecoveryState:RECOVERED,LeaderEpoch:2,ZkVersion:2,ControllerEpoch:8) after removing replica 2 from the ISR as part of transition to OfflineReplica (state.change.logger)
[2024-11-20 21:11:14,203] INFO [Controller id=1 epoch=8] Partition __consumer_offsets-34 state changed to (Leader:1,ISR:1,LeaderRecoveryState:RECOVERED,LeaderEpoch:2,ZkVersion:2,ControllerEpoch:8) after removing replica 2 from the ISR as part of transition to OfflineReplica (state.change.logger)
[2024-11-20 21:11:14,203] INFO [Controller id=1 epoch=8] Partition __consumer_offsets-10 state changed to (Leader:1,ISR:1,LeaderRecoveryState:RECOVERED,LeaderEpoch:2,ZkVersion:2,ControllerEpoch:8) after removing replica 2 from the ISR as part of transition to OfflineReplica (state.change.logger)
[2024-11-20 21:11:14,203] INFO [Controller id=1 epoch=8] Partition __consumer_offsets-32 state changed to (Leader:1,ISR:1,LeaderRecoveryState:RECOVERED,LeaderEpoch:2,ZkVersion:2,ControllerEpoch:8) after removing replica 2 from the ISR as part of transition to OfflineReplica (state.change.logger)
[2024-11-20 21:11:14,203] INFO [Controller id=1 epoch=8] Partition test-topic-second-0 state changed to (Leader:-1,ISR:2,LeaderRecoveryState:RECOVERED,LeaderEpoch:5,ZkVersion:6,ControllerEpoch:8) after removing replica 2 from the ISR as part of transition to OfflineReplica (state.change.logger)
[2024-11-20 21:11:14,204] INFO [Controller id=1 epoch=8] Partition __consumer_offsets-40 state changed to (Leader:1,ISR:1,LeaderRecoveryState:RECOVERED,LeaderEpoch:2,ZkVersion:2,ControllerEpoch:8) after removing replica 2 from the ISR as part of transition to OfflineReplica (state.change.logger)
[2024-11-20 21:11:14,204] INFO [Controller id=1 epoch=8] Partition test-2 state changed to (Leader:1,ISR:1,LeaderRecoveryState:RECOVERED,LeaderEpoch:1,ZkVersion:1,ControllerEpoch:8) after removing replica 2 from the ISR as part of transition to OfflineReplica (state.change.logger)
[2024-11-20 21:11:14,235] INFO [Controller id=1 epoch=8] Partition __consumer_offsets-22 state changed to (Leader:1,ISR:1,LeaderRecoveryState:RECOVERED,LeaderEpoch:2,ZkVersion:2,ControllerEpoch:8) after removing replica 3 from the ISR as part of transition to OfflineReplica (state.change.logger)
[2024-11-20 21:11:14,236] INFO [Controller id=1 epoch=8] Partition __consumer_offsets-30 state changed to (Leader:1,ISR:1,LeaderRecoveryState:RECOVERED,LeaderEpoch:2,ZkVersion:2,ControllerEpoch:8) after removing replica 3 from the ISR as part of transition to OfflineReplica (state.change.logger)
[2024-11-20 21:11:14,236] INFO [Controller id=1 epoch=8] Partition __consumer_offsets-25 state changed to (Leader:1,ISR:1,LeaderRecoveryState:RECOVERED,LeaderEpoch:2,ZkVersion:2,ControllerEpoch:8) after removing replica 3 from the ISR as part of transition to OfflineReplica (state.change.logger)
[2024-11-20 21:11:14,236] INFO [Controller id=1 epoch=8] Partition __consumer_offsets-35 state changed to (Leader:1,ISR:1,LeaderRecoveryState:RECOVERED,LeaderEpoch:2,ZkVersion:2,ControllerEpoch:8) after removing replica 3 from the ISR as part of transition to OfflineReplica (state.change.logger)
[2024-11-20 21:11:14,236] INFO [Controller id=1 epoch=8] Partition test-topic-2 state changed to (Leader:-1,ISR:2,LeaderRecoveryState:RECOVERED,LeaderEpoch:13,ZkVersion:19,ControllerEpoch:8) after removing replica 3 from the ISR as part of transition to OfflineReplica (state.change.logger)
[2024-11-20 21:11:14,236] INFO [Controller id=1 epoch=8] Partition __consumer_offsets-37 state changed to (Leader:1,ISR:1,LeaderRecoveryState:RECOVERED,LeaderEpoch:2,ZkVersion:2,ControllerEpoch:8) after removing replica 3 from the ISR as part of transition to OfflineReplica (state.change.logger)
[2024-11-20 21:11:14,236] INFO [Controller id=1 epoch=8] Partition __consumer_offsets-38 state changed to (Leader:1,ISR:1,LeaderRecoveryState:RECOVERED,LeaderEpoch:2,ZkVersion:2,ControllerEpoch:8) after removing replica 3 from the ISR as part of transition to OfflineReplica (state.change.logger)
[2024-11-20 21:11:14,236] INFO [Controller id=1 epoch=8] Partition __consumer_offsets-13 state changed to (Leader:1,ISR:1,LeaderRecoveryState:RECOVERED,LeaderEpoch:2,ZkVersion:2,ControllerEpoch:8) after removing replica 3 from the ISR as part of transition to OfflineReplica (state.change.logger)
[2024-11-20 21:11:14,237] INFO [Controller id=1 epoch=8] Partition test-topic-0 state changed to (Leader:1,ISR:1,LeaderRecoveryState:RECOVERED,LeaderEpoch:13,ZkVersion:17,ControllerEpoch:8) after removing replica 3 from the ISR as part of transition to OfflineReplica (state.change.logger)
[2024-11-20 21:11:14,237] INFO [Controller id=1 epoch=8] Partition test-topic-second-1 state changed to (Leader:1,ISR:1,LeaderRecoveryState:RECOVERED,LeaderEpoch:5,ZkVersion:6,ControllerEpoch:8) after removing replica 3 from the ISR as part of transition to OfflineReplica (state.change.logger)
[2024-11-20 21:11:14,237] INFO [Controller id=1 epoch=8] Partition __consumer_offsets-8 state changed to (Leader:1,ISR:1,LeaderRecoveryState:RECOVERED,LeaderEpoch:2,ZkVersion:2,ControllerEpoch:8) after removing replica 3 from the ISR as part of transition to OfflineReplica (state.change.logger)
[2024-11-20 21:11:14,237] INFO [Controller id=1 epoch=8] Partition __consumer_offsets-21 state changed to (Leader:1,ISR:1,LeaderRecoveryState:RECOVERED,LeaderEpoch:2,ZkVersion:2,ControllerEpoch:8) after removing replica 3 from the ISR as part of transition to OfflineReplica (state.change.logger)
[2024-11-20 21:11:14,237] INFO [Controller id=1 epoch=8] Partition __consumer_offsets-4 state changed to (Leader:1,ISR:1,LeaderRecoveryState:RECOVERED,LeaderEpoch:2,ZkVersion:2,ControllerEpoch:8) after removing replica 3 from the ISR as part of transition to OfflineReplica (state.change.logger)
[2024-11-20 21:11:14,237] INFO [Controller id=1 epoch=8] Partition __consumer_offsets-27 state changed to (Leader:1,ISR:1,LeaderRecoveryState:RECOVERED,LeaderEpoch:2,ZkVersion:2,ControllerEpoch:8) after removing replica 3 from the ISR as part of transition to OfflineReplica (state.change.logger)
[2024-11-20 21:11:14,237] INFO [Controller id=1 epoch=8] Partition __consumer_offsets-7 state changed to (Leader:1,ISR:1,LeaderRecoveryState:RECOVERED,LeaderEpoch:2,ZkVersion:2,ControllerEpoch:8) after removing replica 3 from the ISR as part of transition to OfflineReplica (state.change.logger)
[2024-11-20 21:11:14,237] INFO [Controller id=1 epoch=8] Partition __consumer_offsets-9 state changed to (Leader:1,ISR:1,LeaderRecoveryState:RECOVERED,LeaderEpoch:2,ZkVersion:2,ControllerEpoch:8) after removing replica 3 from the ISR as part of transition to OfflineReplica (state.change.logger)
[2024-11-20 21:11:14,238] INFO [Controller id=1 epoch=8] Partition __consumer_offsets-46 state changed to (Leader:1,ISR:1,LeaderRecoveryState:RECOVERED,LeaderEpoch:2,ZkVersion:2,ControllerEpoch:8) after removing replica 3 from the ISR as part of transition to OfflineReplica (state.change.logger)
[2024-11-20 21:11:14,238] INFO [Controller id=1 epoch=8] Partition __consumer_offsets-41 state changed to (Leader:1,ISR:1,LeaderRecoveryState:RECOVERED,LeaderEpoch:2,ZkVersion:2,ControllerEpoch:8) after removing replica 3 from the ISR as part of transition to OfflineReplica (state.change.logger)
[2024-11-20 21:11:14,238] INFO [Controller id=1 epoch=8] Partition __consumer_offsets-33 state changed to (Leader:1,ISR:1,LeaderRecoveryState:RECOVERED,LeaderEpoch:2,ZkVersion:2,ControllerEpoch:8) after removing replica 3 from the ISR as part of transition to OfflineReplica (state.change.logger)
[2024-11-20 21:11:14,238] INFO [Controller id=1 epoch=8] Partition __consumer_offsets-23 state changed to (Leader:1,ISR:1,LeaderRecoveryState:RECOVERED,LeaderEpoch:2,ZkVersion:2,ControllerEpoch:8) after removing replica 3 from the ISR as part of transition to OfflineReplica (state.change.logger)
[2024-11-20 21:11:14,238] INFO [Controller id=1 epoch=8] Partition __consumer_offsets-49 state changed to (Leader:1,ISR:1,LeaderRecoveryState:RECOVERED,LeaderEpoch:2,ZkVersion:2,ControllerEpoch:8) after removing replica 3 from the ISR as part of transition to OfflineReplica (state.change.logger)
[2024-11-20 21:11:14,239] INFO [Controller id=1 epoch=8] Partition __consumer_offsets-47 state changed to (Leader:1,ISR:1,LeaderRecoveryState:RECOVERED,LeaderEpoch:2,ZkVersion:2,ControllerEpoch:8) after removing replica 3 from the ISR as part of transition to OfflineReplica (state.change.logger)
[2024-11-20 21:11:14,239] INFO [Controller id=1 epoch=8] Partition __consumer_offsets-16 state changed to (Leader:1,ISR:1,LeaderRecoveryState:RECOVERED,LeaderEpoch:2,ZkVersion:2,ControllerEpoch:8) after removing replica 3 from the ISR as part of transition to OfflineReplica (state.change.logger)
[2024-11-20 21:11:14,239] INFO [Controller id=1 epoch=8] Partition test-0 state changed to (Leader:-1,ISR:2,LeaderRecoveryState:RECOVERED,LeaderEpoch:2,ZkVersion:2,ControllerEpoch:8) after removing replica 3 from the ISR as part of transition to OfflineReplica (state.change.logger)
[2024-11-20 21:11:14,239] INFO [Controller id=1 epoch=8] Partition __consumer_offsets-28 state changed to (Leader:1,ISR:1,LeaderRecoveryState:RECOVERED,LeaderEpoch:2,ZkVersion:2,ControllerEpoch:8) after removing replica 3 from the ISR as part of transition to OfflineReplica (state.change.logger)
[2024-11-20 21:11:14,239] INFO [Controller id=1 epoch=8] Partition __consumer_offsets-31 state changed to (Leader:1,ISR:1,LeaderRecoveryState:RECOVERED,LeaderEpoch:2,ZkVersion:2,ControllerEpoch:8) after removing replica 3 from the ISR as part of transition to OfflineReplica (state.change.logger)
[2024-11-20 21:11:14,239] INFO [Controller id=1 epoch=8] Partition __consumer_offsets-36 state changed to (Leader:1,ISR:1,LeaderRecoveryState:RECOVERED,LeaderEpoch:2,ZkVersion:2,ControllerEpoch:8) after removing replica 3 from the ISR as part of transition to OfflineReplica (state.change.logger)
[2024-11-20 21:11:14,239] INFO [Controller id=1 epoch=8] Partition __consumer_offsets-42 state changed to (Leader:1,ISR:1,LeaderRecoveryState:RECOVERED,LeaderEpoch:2,ZkVersion:2,ControllerEpoch:8) after removing replica 3 from the ISR as part of transition to OfflineReplica (state.change.logger)
[2024-11-20 21:11:14,239] INFO [Controller id=1 epoch=8] Partition __consumer_offsets-3 state changed to (Leader:1,ISR:1,LeaderRecoveryState:RECOVERED,LeaderEpoch:2,ZkVersion:2,ControllerEpoch:8) after removing replica 3 from the ISR as part of transition to OfflineReplica (state.change.logger)
[2024-11-20 21:11:14,240] INFO [Controller id=1 epoch=8] Partition __consumer_offsets-18 state changed to (Leader:1,ISR:1,LeaderRecoveryState:RECOVERED,LeaderEpoch:2,ZkVersion:2,ControllerEpoch:8) after removing replica 3 from the ISR as part of transition to OfflineReplica (state.change.logger)
[2024-11-20 21:11:14,240] INFO [Controller id=1 epoch=8] Partition __consumer_offsets-15 state changed to (Leader:1,ISR:1,LeaderRecoveryState:RECOVERED,LeaderEpoch:2,ZkVersion:2,ControllerEpoch:8) after removing replica 3 from the ISR as part of transition to OfflineReplica (state.change.logger)
[2024-11-20 21:11:14,240] INFO [Controller id=1 epoch=8] Partition __consumer_offsets-24 state changed to (Leader:1,ISR:1,LeaderRecoveryState:RECOVERED,LeaderEpoch:2,ZkVersion:2,ControllerEpoch:8) after removing replica 3 from the ISR as part of transition to OfflineReplica (state.change.logger)
[2024-11-20 21:11:14,240] INFO [Controller id=1 epoch=8] Partition __consumer_offsets-17 state changed to (Leader:1,ISR:1,LeaderRecoveryState:RECOVERED,LeaderEpoch:2,ZkVersion:2,ControllerEpoch:8) after removing replica 3 from the ISR as part of transition to OfflineReplica (state.change.logger)
[2024-11-20 21:11:14,240] INFO [Controller id=1 epoch=8] Partition __consumer_offsets-48 state changed to (Leader:1,ISR:1,LeaderRecoveryState:RECOVERED,LeaderEpoch:2,ZkVersion:2,ControllerEpoch:8) after removing replica 3 from the ISR as part of transition to OfflineReplica (state.change.logger)
[2024-11-20 21:11:14,240] INFO [Controller id=1 epoch=8] Partition test-1 state changed to (Leader:1,ISR:1,LeaderRecoveryState:RECOVERED,LeaderEpoch:1,ZkVersion:1,ControllerEpoch:8) after removing replica 3 from the ISR as part of transition to OfflineReplica (state.change.logger)
[2024-11-20 21:11:14,240] INFO [Controller id=1 epoch=8] Partition __consumer_offsets-19 state changed to (Leader:1,ISR:1,LeaderRecoveryState:RECOVERED,LeaderEpoch:2,ZkVersion:2,ControllerEpoch:8) after removing replica 3 from the ISR as part of transition to OfflineReplica (state.change.logger)
[2024-11-20 21:11:14,241] INFO [Controller id=1 epoch=8] Partition __consumer_offsets-11 state changed to (Leader:1,ISR:1,LeaderRecoveryState:RECOVERED,LeaderEpoch:2,ZkVersion:2,ControllerEpoch:8) after removing replica 3 from the ISR as part of transition to OfflineReplica (state.change.logger)
[2024-11-20 21:11:14,241] INFO [Controller id=1 epoch=8] Partition __consumer_offsets-2 state changed to (Leader:1,ISR:1,LeaderRecoveryState:RECOVERED,LeaderEpoch:2,ZkVersion:2,ControllerEpoch:8) after removing replica 3 from the ISR as part of transition to OfflineReplica (state.change.logger)
[2024-11-20 21:11:14,241] INFO [Controller id=1 epoch=8] Partition __consumer_offsets-43 state changed to (Leader:1,ISR:1,LeaderRecoveryState:RECOVERED,LeaderEpoch:2,ZkVersion:2,ControllerEpoch:8) after removing replica 3 from the ISR as part of transition to OfflineReplica (state.change.logger)
[2024-11-20 21:11:14,241] INFO [Controller id=1 epoch=8] Partition __consumer_offsets-6 state changed to (Leader:1,ISR:1,LeaderRecoveryState:RECOVERED,LeaderEpoch:2,ZkVersion:2,ControllerEpoch:8) after removing replica 3 from the ISR as part of transition to OfflineReplica (state.change.logger)
[2024-11-20 21:11:14,241] INFO [Controller id=1 epoch=8] Partition __consumer_offsets-14 state changed to (Leader:1,ISR:1,LeaderRecoveryState:RECOVERED,LeaderEpoch:2,ZkVersion:2,ControllerEpoch:8) after removing replica 3 from the ISR as part of transition to OfflineReplica (state.change.logger)
[2024-11-20 21:11:14,241] INFO [Controller id=1 epoch=8] Partition __consumer_offsets-20 state changed to (Leader:1,ISR:1,LeaderRecoveryState:RECOVERED,LeaderEpoch:2,ZkVersion:2,ControllerEpoch:8) after removing replica 3 from the ISR as part of transition to OfflineReplica (state.change.logger)
[2024-11-20 21:11:14,241] INFO [Controller id=1 epoch=8] Partition __consumer_offsets-0 state changed to (Leader:1,ISR:1,LeaderRecoveryState:RECOVERED,LeaderEpoch:2,ZkVersion:2,ControllerEpoch:8) after removing replica 3 from the ISR as part of transition to OfflineReplica (state.change.logger)
[2024-11-20 21:11:14,241] INFO [Controller id=1 epoch=8] Partition __consumer_offsets-44 state changed to (Leader:1,ISR:1,LeaderRecoveryState:RECOVERED,LeaderEpoch:2,ZkVersion:2,ControllerEpoch:8) after removing replica 3 from the ISR as part of transition to OfflineReplica (state.change.logger)
[2024-11-20 21:11:14,242] INFO [Controller id=1 epoch=8] Partition __consumer_offsets-39 state changed to (Leader:1,ISR:1,LeaderRecoveryState:RECOVERED,LeaderEpoch:2,ZkVersion:2,ControllerEpoch:8) after removing replica 3 from the ISR as part of transition to OfflineReplica (state.change.logger)
[2024-11-20 21:11:14,242] INFO [Controller id=1 epoch=8] Partition __consumer_offsets-12 state changed to (Leader:1,ISR:1,LeaderRecoveryState:RECOVERED,LeaderEpoch:2,ZkVersion:2,ControllerEpoch:8) after removing replica 3 from the ISR as part of transition to OfflineReplica (state.change.logger)
[2024-11-20 21:11:14,242] INFO [Controller id=1 epoch=8] Partition __consumer_offsets-45 state changed to (Leader:1,ISR:1,LeaderRecoveryState:RECOVERED,LeaderEpoch:2,ZkVersion:2,ControllerEpoch:8) after removing replica 3 from the ISR as part of transition to OfflineReplica (state.change.logger)
[2024-11-20 21:11:14,242] INFO [Controller id=1 epoch=8] Partition __consumer_offsets-1 state changed to (Leader:1,ISR:1,LeaderRecoveryState:RECOVERED,LeaderEpoch:2,ZkVersion:2,ControllerEpoch:8) after removing replica 3 from the ISR as part of transition to OfflineReplica (state.change.logger)
[2024-11-20 21:11:14,242] INFO [Controller id=1 epoch=8] Partition __consumer_offsets-5 state changed to (Leader:1,ISR:1,LeaderRecoveryState:RECOVERED,LeaderEpoch:2,ZkVersion:2,ControllerEpoch:8) after removing replica 3 from the ISR as part of transition to OfflineReplica (state.change.logger)
[2024-11-20 21:11:14,242] INFO [Controller id=1 epoch=8] Partition __consumer_offsets-26 state changed to (Leader:1,ISR:1,LeaderRecoveryState:RECOVERED,LeaderEpoch:2,ZkVersion:2,ControllerEpoch:8) after removing replica 3 from the ISR as part of transition to OfflineReplica (state.change.logger)
[2024-11-20 21:11:14,242] INFO [Controller id=1 epoch=8] Partition __consumer_offsets-29 state changed to (Leader:1,ISR:1,LeaderRecoveryState:RECOVERED,LeaderEpoch:2,ZkVersion:2,ControllerEpoch:8) after removing replica 3 from the ISR as part of transition to OfflineReplica (state.change.logger)
[2024-11-20 21:11:14,242] INFO [Controller id=1 epoch=8] Partition __consumer_offsets-34 state changed to (Leader:1,ISR:1,LeaderRecoveryState:RECOVERED,LeaderEpoch:2,ZkVersion:2,ControllerEpoch:8) after removing replica 3 from the ISR as part of transition to OfflineReplica (state.change.logger)
[2024-11-20 21:11:14,243] INFO [Controller id=1 epoch=8] Partition __consumer_offsets-10 state changed to (Leader:1,ISR:1,LeaderRecoveryState:RECOVERED,LeaderEpoch:2,ZkVersion:2,ControllerEpoch:8) after removing replica 3 from the ISR as part of transition to OfflineReplica (state.change.logger)
[2024-11-20 21:11:14,243] INFO [Controller id=1 epoch=8] Partition __consumer_offsets-32 state changed to (Leader:1,ISR:1,LeaderRecoveryState:RECOVERED,LeaderEpoch:2,ZkVersion:2,ControllerEpoch:8) after removing replica 3 from the ISR as part of transition to OfflineReplica (state.change.logger)
[2024-11-20 21:11:14,243] INFO [Controller id=1 epoch=8] Partition test-topic-second-0 state changed to (Leader:-1,ISR:2,LeaderRecoveryState:RECOVERED,LeaderEpoch:5,ZkVersion:6,ControllerEpoch:8) after removing replica 3 from the ISR as part of transition to OfflineReplica (state.change.logger)
[2024-11-20 21:11:14,243] INFO [Controller id=1 epoch=8] Partition __consumer_offsets-40 state changed to (Leader:1,ISR:1,LeaderRecoveryState:RECOVERED,LeaderEpoch:2,ZkVersion:2,ControllerEpoch:8) after removing replica 3 from the ISR as part of transition to OfflineReplica (state.change.logger)
[2024-11-20 21:11:14,243] INFO [Controller id=1 epoch=8] Sending LeaderAndIsr request to broker 1 with 56 become-leader and 0 become-follower partitions (state.change.logger)
[2024-11-20 21:11:14,244] INFO [Controller id=1 epoch=8] Sending UpdateMetadata request to brokers HashSet(1) for 59 partitions (state.change.logger)
[2024-11-20 21:11:14,268] ERROR [Controller id=1 epoch=8] Controller 1 epoch 8 failed to change state for partition test-topic-2 from OfflinePartition to OnlinePartition (state.change.logger)
kafka.common.StateChangeFailedException: Failed to elect leader for partition test-topic-2 under strategy OfflinePartitionLeaderElectionStrategy(false)
	at kafka.controller.ZkPartitionStateMachine.$anonfun$doElectLeaderForPartitions$7(PartitionStateMachine.scala:433)
	at scala.collection.IterableOnceOps.foreach(IterableOnce.scala:619)
	at scala.collection.IterableOnceOps.foreach$(IterableOnce.scala:617)
	at scala.collection.AbstractIterable.foreach(Iterable.scala:935)
	at kafka.controller.ZkPartitionStateMachine.doElectLeaderForPartitions(PartitionStateMachine.scala:430)
	at kafka.controller.ZkPartitionStateMachine.electLeaderForPartitions(PartitionStateMachine.scala:336)
	at kafka.controller.ZkPartitionStateMachine.doHandleStateChanges(PartitionStateMachine.scala:242)
	at kafka.controller.ZkPartitionStateMachine.handleStateChanges(PartitionStateMachine.scala:162)
	at kafka.controller.PartitionStateMachine.triggerOnlineStateChangeForPartitions(PartitionStateMachine.scala:76)
	at kafka.controller.PartitionStateMachine.triggerOnlinePartitionStateChange(PartitionStateMachine.scala:61)
	at kafka.controller.PartitionStateMachine.startup(PartitionStateMachine.scala:44)
	at kafka.controller.KafkaController.onControllerFailover(KafkaController.scala:317)
	at kafka.controller.KafkaController.elect(KafkaController.scala:1568)
	at kafka.controller.KafkaController.processReelect(KafkaController.scala:2581)
	at kafka.controller.KafkaController.process(KafkaController.scala:2626)
	at kafka.controller.QueuedEvent.process(ControllerEventManager.scala:54)
	at kafka.controller.ControllerEventManager$ControllerEventThread.process$1(ControllerEventManager.scala:138)
	at kafka.controller.ControllerEventManager$ControllerEventThread.$anonfun$doWork$1(ControllerEventManager.scala:141)
	at kafka.controller.ControllerEventManager$ControllerEventThread.$anonfun$doWork$1$adapted(ControllerEventManager.scala:141)
	at com.yammer.metrics.core.Timer.time(Timer.java:91)
	at kafka.controller.ControllerEventManager$ControllerEventThread.doWork(ControllerEventManager.scala:141)
	at org.apache.kafka.server.util.ShutdownableThread.run(ShutdownableThread.java:136)
[2024-11-20 21:11:14,269] ERROR [Controller id=1 epoch=8] Controller 1 epoch 8 failed to change state for partition test-0 from OfflinePartition to OnlinePartition (state.change.logger)
kafka.common.StateChangeFailedException: Failed to elect leader for partition test-0 under strategy OfflinePartitionLeaderElectionStrategy(false)
	at kafka.controller.ZkPartitionStateMachine.$anonfun$doElectLeaderForPartitions$7(PartitionStateMachine.scala:433)
	at scala.collection.IterableOnceOps.foreach(IterableOnce.scala:619)
	at scala.collection.IterableOnceOps.foreach$(IterableOnce.scala:617)
	at scala.collection.AbstractIterable.foreach(Iterable.scala:935)
	at kafka.controller.ZkPartitionStateMachine.doElectLeaderForPartitions(PartitionStateMachine.scala:430)
	at kafka.controller.ZkPartitionStateMachine.electLeaderForPartitions(PartitionStateMachine.scala:336)
	at kafka.controller.ZkPartitionStateMachine.doHandleStateChanges(PartitionStateMachine.scala:242)
	at kafka.controller.ZkPartitionStateMachine.handleStateChanges(PartitionStateMachine.scala:162)
	at kafka.controller.PartitionStateMachine.triggerOnlineStateChangeForPartitions(PartitionStateMachine.scala:76)
	at kafka.controller.PartitionStateMachine.triggerOnlinePartitionStateChange(PartitionStateMachine.scala:61)
	at kafka.controller.PartitionStateMachine.startup(PartitionStateMachine.scala:44)
	at kafka.controller.KafkaController.onControllerFailover(KafkaController.scala:317)
	at kafka.controller.KafkaController.elect(KafkaController.scala:1568)
	at kafka.controller.KafkaController.processReelect(KafkaController.scala:2581)
	at kafka.controller.KafkaController.process(KafkaController.scala:2626)
	at kafka.controller.QueuedEvent.process(ControllerEventManager.scala:54)
	at kafka.controller.ControllerEventManager$ControllerEventThread.process$1(ControllerEventManager.scala:138)
	at kafka.controller.ControllerEventManager$ControllerEventThread.$anonfun$doWork$1(ControllerEventManager.scala:141)
	at kafka.controller.ControllerEventManager$ControllerEventThread.$anonfun$doWork$1$adapted(ControllerEventManager.scala:141)
	at com.yammer.metrics.core.Timer.time(Timer.java:91)
	at kafka.controller.ControllerEventManager$ControllerEventThread.doWork(ControllerEventManager.scala:141)
	at org.apache.kafka.server.util.ShutdownableThread.run(ShutdownableThread.java:136)
[2024-11-20 21:11:14,269] ERROR [Controller id=1 epoch=8] Controller 1 epoch 8 failed to change state for partition test-topic-second-0 from OfflinePartition to OnlinePartition (state.change.logger)
kafka.common.StateChangeFailedException: Failed to elect leader for partition test-topic-second-0 under strategy OfflinePartitionLeaderElectionStrategy(false)
	at kafka.controller.ZkPartitionStateMachine.$anonfun$doElectLeaderForPartitions$7(PartitionStateMachine.scala:433)
	at scala.collection.IterableOnceOps.foreach(IterableOnce.scala:619)
	at scala.collection.IterableOnceOps.foreach$(IterableOnce.scala:617)
	at scala.collection.AbstractIterable.foreach(Iterable.scala:935)
	at kafka.controller.ZkPartitionStateMachine.doElectLeaderForPartitions(PartitionStateMachine.scala:430)
	at kafka.controller.ZkPartitionStateMachine.electLeaderForPartitions(PartitionStateMachine.scala:336)
	at kafka.controller.ZkPartitionStateMachine.doHandleStateChanges(PartitionStateMachine.scala:242)
	at kafka.controller.ZkPartitionStateMachine.handleStateChanges(PartitionStateMachine.scala:162)
	at kafka.controller.PartitionStateMachine.triggerOnlineStateChangeForPartitions(PartitionStateMachine.scala:76)
	at kafka.controller.PartitionStateMachine.triggerOnlinePartitionStateChange(PartitionStateMachine.scala:61)
	at kafka.controller.PartitionStateMachine.startup(PartitionStateMachine.scala:44)
	at kafka.controller.KafkaController.onControllerFailover(KafkaController.scala:317)
	at kafka.controller.KafkaController.elect(KafkaController.scala:1568)
	at kafka.controller.KafkaController.processReelect(KafkaController.scala:2581)
	at kafka.controller.KafkaController.process(KafkaController.scala:2626)
	at kafka.controller.QueuedEvent.process(ControllerEventManager.scala:54)
	at kafka.controller.ControllerEventManager$ControllerEventThread.process$1(ControllerEventManager.scala:138)
	at kafka.controller.ControllerEventManager$ControllerEventThread.$anonfun$doWork$1(ControllerEventManager.scala:141)
	at kafka.controller.ControllerEventManager$ControllerEventThread.$anonfun$doWork$1$adapted(ControllerEventManager.scala:141)
	at com.yammer.metrics.core.Timer.time(Timer.java:91)
	at kafka.controller.ControllerEventManager$ControllerEventThread.doWork(ControllerEventManager.scala:141)
	at org.apache.kafka.server.util.ShutdownableThread.run(ShutdownableThread.java:136)
[2024-11-20 21:11:14,270] INFO [Controller id=1 epoch=8] Sending UpdateMetadata request to brokers HashSet() for 0 partitions (state.change.logger)
